------evaluate 111.json on config_0-------
{'operators': ['group_sum', 'mutate_arithmetic', 'group_mutate', 'join'], 'parameter_config': {'operators': ['group_sum', 'mutate_arithmetic', 'group_mutate', 'join'], 'aggr_func': ['sum', 'mean'], 'mutate_func': ['sum', 'cumsum', 'mean'], 'join_predicates': ['[(0, 1), (0, 1)]', '[(1, 2), (0, 0)]'], 'join_outer': [False, True], 'mutate_function': ['lambda x, y: x + y', 'lambda x: x * 2']}, 'with_analysis': True, 'permutation_test': False, 'random_test': False, 'partial_table': True, 'partial_trace': True, 'value_analysis': False, 'level_limit': 6, 'time_limit': 600, 'solution_limit': 1, 'row_limit': 10}
=======output candidate ==========
                         COL_0                                              COL_1                                                                   COL_2
0  <1,[ArgOr['1_a1', '1_a1']]>          <5179.56,[('mean', [('sum', ['1_c1'])])]>         <10359.12,('lambda x: x * 2', [('mean', [('sum', ['1_c1'])])])>
1          <2,[ArgOr['1_a2']]>            <68.82,[('mean', [('sum', ['1_c2'])])]>           <137.64,('lambda x: x * 2', [('mean', [('sum', ['1_c2'])])])>
2          <3,[ArgOr['1_a3']]>           <879.16,[('mean', [('sum', ['1_c3'])])]>          <1758.32,('lambda x: x * 2', [('mean', [('sum', ['1_c3'])])])>
3          <4,[ArgOr['1_a4']]>   <464.37,[('mean', [('sum', ['1_c4', '1_c5'])])]>   <928.74,('lambda x: x * 2', [('mean', [('sum', ['1_c4', '1_c5'])])])>
4          <5,[ArgOr['1_a5']]>   <464.37,[('mean', [('sum', ['1_c4', '1_c5'])])]>   <928.74,('lambda x: x * 2', [('mean', [('sum', ['1_c4', '1_c5'])])])>
5          <6,[ArgOr['1_a6']]>  <1365.99,[('mean', [('sum', ['1_c7', '1_c6'])])]>  <2731.98,('lambda x: x * 2', [('mean', [('sum', ['1_c7', '1_c6'])])])>
6          <7,[ArgOr['1_a7']]>  <1365.99,[('mean', [('sum', ['1_c7', '1_c6'])])]>  <2731.98,('lambda x: x * 2', [('mean', [('sum', ['1_c7', '1_c6'])])])>
7          <8,[ArgOr['1_a8']]>          <2204.54,[('mean', [('sum', ['1_c8'])])]>          <4409.08,('lambda x: x * 2', [('mean', [('sum', ['1_c8'])])])>
8          <9,[ArgOr['1_a9']]>            <54.81,[('mean', [('sum', ['1_c9'])])]>           <109.62,('lambda x: x * 2', [('mean', [('sum', ['1_c9'])])])>
===============================
=======with partial table==========
                         COL_0                                      COL_1                                                            COL_2
0  <1,[ArgOr['1_a1', '1_a1']]>  <5179.56,[('mean', [('sum', ['1_c1'])])]>  <10359.12,('lambda x: x * 2', [('mean', [('sum', ['1_c1'])])])>
1          <2,[ArgOr['1_a2']]>    <68.82,[('mean', [('sum', ['1_c2'])])]>    <137.64,('lambda x: x * 2', [('mean', [('sum', ['1_c2'])])])>
=======with randomized trace==========
                         COL_0                                      COL_1                                                            COL_2
0  <1,[ArgOr['1_a1', '1_a1']]>  <5179.56,[('mean', [('sum', ['1_c1'])])]>  <10359.12,('lambda x: x * 2', [('mean', [('sum', ['1_c1'])])])>
1          <2,[ArgOr['1_a2']]>    <68.82,[('mean', [('sum', ['1_c2'])])]>    <137.64,('lambda x: x * 2', [('mean', [('sum', ['1_c2'])])])>
=======target output (user_example)==========
                         COL_0                                      COL_1                                                            COL_2
0  <1,[ArgOr['1_a1', '1_a1']]>  <5179.56,[('mean', [('sum', ['1_c1'])])]>  <10359.12,('lambda x: x * 2', [('mean', [('sum', ['1_c1'])])])>
1          <2,[ArgOr['1_a2']]>    <68.82,[('mean', [('sum', ['1_c2'])])]>    <137.64,('lambda x: x * 2', [('mean', [('sum', ['1_c2'])])])>
=======correct output==========
                         COL_0                                              COL_1                                                                   COL_2
0  <1,[ArgOr['1_a1', '1_a1']]>          <5179.56,[('mean', [('sum', ['1_c1'])])]>         <10359.12,('lambda x: x * 2', [('mean', [('sum', ['1_c1'])])])>
1          <2,[ArgOr['1_a2']]>            <68.82,[('mean', [('sum', ['1_c2'])])]>           <137.64,('lambda x: x * 2', [('mean', [('sum', ['1_c2'])])])>
2          <3,[ArgOr['1_a3']]>           <879.16,[('mean', [('sum', ['1_c3'])])]>          <1758.32,('lambda x: x * 2', [('mean', [('sum', ['1_c3'])])])>
3          <4,[ArgOr['1_a4']]>   <464.37,[('mean', [('sum', ['1_c4', '1_c5'])])]>   <928.74,('lambda x: x * 2', [('mean', [('sum', ['1_c4', '1_c5'])])])>
4          <5,[ArgOr['1_a5']]>   <464.37,[('mean', [('sum', ['1_c4', '1_c5'])])]>   <928.74,('lambda x: x * 2', [('mean', [('sum', ['1_c4', '1_c5'])])])>
5          <6,[ArgOr['1_a6']]>  <1365.99,[('mean', [('sum', ['1_c7', '1_c6'])])]>  <2731.98,('lambda x: x * 2', [('mean', [('sum', ['1_c7', '1_c6'])])])>
6          <7,[ArgOr['1_a7']]>  <1365.99,[('mean', [('sum', ['1_c7', '1_c6'])])]>  <2731.98,('lambda x: x * 2', [('mean', [('sum', ['1_c7', '1_c6'])])])>
7          <8,[ArgOr['1_a8']]>          <2204.54,[('mean', [('sum', ['1_c8'])])]>          <4409.08,('lambda x: x * 2', [('mean', [('sum', ['1_c8'])])])>
8          <9,[ArgOr['1_a9']]>            <54.81,[('mean', [('sum', ['1_c9'])])]>           <109.62,('lambda x: x * 2', [('mean', [('sum', ['1_c9'])])])>
t0 <- table_ref(0); t1 <- table_ref(1); t2 <- join(t0, t1, [(0, 1), (0, 1)], False); t3 <- table_ref(2); t4 <- join(t2, t3, [(1, 2), (0, 0)], False); t5 <- group_mutate(t4, (0,), sum, 3); t6 <- group_sum(t5, (1,), mean, 7); t7 <- mutate_arithmetic(t6, lambda x: x * 2, (1,))

t0 <- table_ref(0); t1 <- table_ref(1); t2 <- join(t0, t1, [(0, 1), (0, 1)], False); t3 <- table_ref(2); t4 <- join(t2, t3, [(1, 2), (0, 0)], False); t5 <- group_sum(t4, (1, 2, 6), sum, 3); t6 <- group_sum(t5, (0,), ?, ?); t7 <- mutate_arithmetic(t6, ?, ?)
               analysis passed!
               t0 <- table_ref(0); t1 <- table_ref(1); t2 <- join(t0, t1, [(0, 1), (0, 1)], False); t3 <- table_ref(2); t4 <- join(t2, t3, [(1, 2), (0, 0)], False); t5 <- group_sum(t4, (1, 2, 6), sum, 3); t6 <- group_sum(t5, (2,), ?, ?); t7 <- mutate_arithmetic(t6, ?, ?)
               t0 <- table_ref(0); t1 <- table_ref(1); t2 <- join(t0, t1, [(0, 1), (0, 1)], False); t3 <- table_ref(2); t4 <- join(t2, t3, [(1, 2), (0, 0)], False); t5 <- group_sum(t4, (1, 2, 6), sum, 3); t6 <- group_sum(t5, (0, 2), ?, ?); t7 <- mutate_arithmetic(t6, ?, ?)
               analysis passed!
                    t0 <- table_ref(0); t1 <- table_ref(1); t2 <- join(t0, t1, [(0, 1), (0, 1)], False); t3 <- table_ref(2); t4 <- join(t2, t3, [(1, 2), (0, 0)], False); t5 <- group_sum(t4, (1, 2, 6), sum, 3); t6 <- group_sum(t5, (0,), sum, ?); t7 <- mutate_arithmetic(t6, ?, ?)
                    t0 <- table_ref(0); t1 <- table_ref(1); t2 <- join(t0, t1, [(0, 1), (0, 1)], False); t3 <- table_ref(2); t4 <- join(t2, t3, [(1, 2), (0, 0)], False); t5 <- group_sum(t4, (1, 2, 6), sum, 3); t6 <- group_sum(t5, (0,), mean, ?); t7 <- mutate_arithmetic(t6, ?, ?)
                    analysis passed!
                    t0 <- table_ref(0); t1 <- table_ref(1); t2 <- join(t0, t1, [(0, 1), (0, 1)], False); t3 <- table_ref(2); t4 <- join(t2, t3, [(1, 2), (0, 0)], False); t5 <- group_sum(t4, (1, 2, 6), sum, 3); t6 <- group_sum(t5, (0,), ['sum', 'mean'], ?); t7 <- mutate_arithmetic(t6, ?, ?)
                    analysis passed!
                    t0 <- table_ref(0); t1 <- table_ref(1); t2 <- join(t0, t1, [(0, 1), (0, 1)], False); t3 <- table_ref(2); t4 <- join(t2, t3, [(1, 2), (0, 0)], False); t5 <- group_sum(t4, (1, 2, 6), sum, 3); t6 <- group_sum(t5, (0, 2), sum, ?); t7 <- mutate_arithmetic(t6, ?, ?)
                    t0 <- table_ref(0); t1 <- table_ref(1); t2 <- join(t0, t1, [(0, 1), (0, 1)], False); t3 <- table_ref(2); t4 <- join(t2, t3, [(1, 2), (0, 0)], False); t5 <- group_sum(t4, (1, 2, 6), sum, 3); t6 <- group_sum(t5, (0, 2), mean, ?); t7 <- mutate_arithmetic(t6, ?, ?)
                    analysis passed!
                    t0 <- table_ref(0); t1 <- table_ref(1); t2 <- join(t0, t1, [(0, 1), (0, 1)], False); t3 <- table_ref(2); t4 <- join(t2, t3, [(1, 2), (0, 0)], False); t5 <- group_sum(t4, (1, 2, 6), sum, 3); t6 <- group_sum(t5, (0, 2), ['sum', 'mean'], ?); t7 <- mutate_arithmetic(t6, ?, ?)
                    analysis passed!
                         t0 <- table_ref(0); t1 <- table_ref(1); t2 <- join(t0, t1, [(0, 1), (0, 1)], False); t3 <- table_ref(2); t4 <- join(t2, t3, [(1, 2), (0, 0)], False); t5 <- group_sum(t4, (1, 2, 6), sum, 3); t6 <- group_sum(t5, (0,), mean, 1); t7 <- mutate_arithmetic(t6, ?, ?)
                         t0 <- table_ref(0); t1 <- table_ref(1); t2 <- join(t0, t1, [(0, 1), (0, 1)], False); t3 <- table_ref(2); t4 <- join(t2, t3, [(1, 2), (0, 0)], False); t5 <- group_sum(t4, (1, 2, 6), sum, 3); t6 <- group_sum(t5, (0,), mean, 3); t7 <- mutate_arithmetic(t6, ?, ?)
                         analysis passed!
                         t0 <- table_ref(0); t1 <- table_ref(1); t2 <- join(t0, t1, [(0, 1), (0, 1)], False); t3 <- table_ref(2); t4 <- join(t2, t3, [(1, 2), (0, 0)], False); t5 <- group_sum(t4, (1, 2, 6), sum, 3); t6 <- group_sum(t5, (0,), ['sum', 'mean'], [1, 3]); t7 <- mutate_arithmetic(t6, ?, ?)
                         analysis passed!
                         t0 <- table_ref(0); t1 <- table_ref(1); t2 <- join(t0, t1, [(0, 1), (0, 1)], False); t3 <- table_ref(2); t4 <- join(t2, t3, [(1, 2), (0, 0)], False); t5 <- group_sum(t4, (1, 2, 6), sum, 3); t6 <- group_sum(t5, (0,), ['sum', 'mean'], [3, 1]); t7 <- mutate_arithmetic(t6, ?, ?)
                         t0 <- table_ref(0); t1 <- table_ref(1); t2 <- join(t0, t1, [(0, 1), (0, 1)], False); t3 <- table_ref(2); t4 <- join(t2, t3, [(1, 2), (0, 0)], False); t5 <- group_sum(t4, (1, 2, 6), sum, 3); t6 <- group_sum(t5, (0, 2), mean, 1); t7 <- mutate_arithmetic(t6, ?, ?)
                         t0 <- table_ref(0); t1 <- table_ref(1); t2 <- join(t0, t1, [(0, 1), (0, 1)], False); t3 <- table_ref(2); t4 <- join(t2, t3, [(1, 2), (0, 0)], False); t5 <- group_sum(t4, (1, 2, 6), sum, 3); t6 <- group_sum(t5, (0, 2), mean, 3); t7 <- mutate_arithmetic(t6, ?, ?)
                         analysis passed!
                         t0 <- table_ref(0); t1 <- table_ref(1); t2 <- join(t0, t1, [(0, 1), (0, 1)], False); t3 <- table_ref(2); t4 <- join(t2, t3, [(1, 2), (0, 0)], False); t5 <- group_sum(t4, (1, 2, 6), sum, 3); t6 <- group_sum(t5, (0, 2), ['sum', 'mean'], [1, 3]); t7 <- mutate_arithmetic(t6, ?, ?)
                         analysis passed!
                         t0 <- table_ref(0); t1 <- table_ref(1); t2 <- join(t0, t1, [(0, 1), (0, 1)], False); t3 <- table_ref(2); t4 <- join(t2, t3, [(1, 2), (0, 0)], False); t5 <- group_sum(t4, (1, 2, 6), sum, 3); t6 <- group_sum(t5, (0, 2), ['sum', 'mean'], [3, 1]); t7 <- mutate_arithmetic(t6, ?, ?)
                              t0 <- table_ref(0); t1 <- table_ref(1); t2 <- join(t0, t1, [(0, 1), (0, 1)], False); t3 <- table_ref(2); t4 <- join(t2, t3, [(1, 2), (0, 0)], False); t5 <- group_sum(t4, (1, 2, 6), sum, 3); t6 <- group_sum(t5, (0,), mean, 3); t7 <- mutate_arithmetic(t6, lambda x, y: x + y, ?)
                              t0 <- table_ref(0); t1 <- table_ref(1); t2 <- join(t0, t1, [(0, 1), (0, 1)], False); t3 <- table_ref(2); t4 <- join(t2, t3, [(1, 2), (0, 0)], False); t5 <- group_sum(t4, (1, 2, 6), sum, 3); t6 <- group_sum(t5, (0,), mean, 3); t7 <- mutate_arithmetic(t6, lambda x: x * 2, ?)
                              analysis passed!
                                        t0 <- table_ref(0); t1 <- table_ref(1); t2 <- join(t0, t1, [(0, 1), (0, 1)], False); t3 <- table_ref(2); t4 <- join(t2, t3, [(1, 2), (0, 0)], False); t5 <- group_sum(t4, (1, 2, 6), sum, 3); t6 <- group_sum(t5, (0,), mean, 3); t7 <- mutate_arithmetic(t6, lambda x: x * 2, (0,))
                                        t0 <- table_ref(0); t1 <- table_ref(1); t2 <- join(t0, t1, [(0, 1), (0, 1)], False); t3 <- table_ref(2); t4 <- join(t2, t3, [(1, 2), (0, 0)], False); t5 <- group_sum(t4, (1, 2, 6), sum, 3); t6 <- group_sum(t5, (0,), mean, 3); t7 <- mutate_arithmetic(t6, lambda x: x * 2, (1,))
                                        checker_function Passed!
                              t0 <- table_ref(0); t1 <- table_ref(1); t2 <- join(t0, t1, [(0, 1), (0, 1)], False); t3 <- table_ref(2); t4 <- join(t2, t3, [(1, 2), (0, 0)], False); t5 <- group_sum(t4, (1, 2, 6), sum, 3); t6 <- group_sum(t5, (0,), ['sum', 'mean'], [1, 3]); t7 <- mutate_arithmetic(t6, lambda x, y: x + y, ?)
                              t0 <- table_ref(0); t1 <- table_ref(1); t2 <- join(t0, t1, [(0, 1), (0, 1)], False); t3 <- table_ref(2); t4 <- join(t2, t3, [(1, 2), (0, 0)], False); t5 <- group_sum(t4, (1, 2, 6), sum, 3); t6 <- group_sum(t5, (0,), ['sum', 'mean'], [1, 3]); t7 <- mutate_arithmetic(t6, lambda x: x * 2, ?)
                              analysis passed!
                                        t0 <- table_ref(0); t1 <- table_ref(1); t2 <- join(t0, t1, [(0, 1), (0, 1)], False); t3 <- table_ref(2); t4 <- join(t2, t3, [(1, 2), (0, 0)], False); t5 <- group_sum(t4, (1, 2, 6), sum, 3); t6 <- group_sum(t5, (0,), ['sum', 'mean'], [1, 3]); t7 <- mutate_arithmetic(t6, lambda x: x * 2, (0,))
                                        t0 <- table_ref(0); t1 <- table_ref(1); t2 <- join(t0, t1, [(0, 1), (0, 1)], False); t3 <- table_ref(2); t4 <- join(t2, t3, [(1, 2), (0, 0)], False); t5 <- group_sum(t4, (1, 2, 6), sum, 3); t6 <- group_sum(t5, (0,), ['sum', 'mean'], [1, 3]); t7 <- mutate_arithmetic(t6, lambda x: x * 2, (1,))
                                        t0 <- table_ref(0); t1 <- table_ref(1); t2 <- join(t0, t1, [(0, 1), (0, 1)], False); t3 <- table_ref(2); t4 <- join(t2, t3, [(1, 2), (0, 0)], False); t5 <- group_sum(t4, (1, 2, 6), sum, 3); t6 <- group_sum(t5, (0,), ['sum', 'mean'], [1, 3]); t7 <- mutate_arithmetic(t6, lambda x: x * 2, (2,))
                                        checker_function Passed!


t0 <- table_ref(0); t1 <- table_ref(1); t2 <- join(t0, t1, [(0, 1), (0, 1)], True); t3 <- table_ref(2); t4 <- join(t2, t3, [(1, 2), (0, 0)], False); t5 <- group_sum(t4, (0, 1), ['sum', 'mean'], [3, 5]); t6 <- group_sum(t5, (1,), mean, 2); t7 <- mutate_arithmetic(t6, lambda x: x * 2, (1,))
+----+---------+---------+----------+
|    |   COL_0 |   COL_1 |    COL_2 |
|----+---------+---------+----------|
|  0 |       1 | 5179.56 | 10359.1  |
|  1 |       2 |   68.82 |   137.64 |
|  2 |       3 |  879.16 |  1758.32 |
|  3 |       4 |  439.35 |   878.7  |
|  4 |       5 |   25.02 |    50.04 |
|  5 |       6 | 1335.01 |  2670.02 |
|  6 |       7 |   30.98 |    61.96 |
|  7 |       8 | 2204.54 |  4409.08 |
|  8 |       9 |   54.81 |   109.62 |
|  9 |      10 |  105.46 |   210.92 |
| 10 |      11 |  440.2  |   880.4  |
| 11 |      12 | 2200.91 |  4401.82 |
| 12 |      13 |  370.16 |   740.32 |
| 13 |      14 | 2854.09 |  5708.18 |
| 14 |      15 | 6387.85 | 12775.7  |
| 15 |      16 | 1736.7  |  3473.4  |
| 16 |      17 | 1432.34 |  2864.68 |
| 17 |      18 |   69.81 |   139.62 |
+----+---------+---------+----------+
+----+---------------------------+------------------------------------------------------+---------------------------------------------------------------------------+
|    | COL_0                     | COL_1                                                | COL_2                                                                     |
|----+---------------------------+------------------------------------------------------+---------------------------------------------------------------------------|
|  0 | [ArgOr['1_a1']]           | [('mean', [('sum', ['1_c1'])])]                      | ('lambda x: x * 2', [('mean', [('sum', ['1_c1'])])])                      |
|  1 | [ArgOr['1_a2']]           | [('mean', [('sum', ['1_c2'])])]                      | ('lambda x: x * 2', [('mean', [('sum', ['1_c2'])])])                      |
|  2 | [ArgOr['1_a3']]           | [('mean', [('sum', ['1_c3'])])]                      | ('lambda x: x * 2', [('mean', [('sum', ['1_c3'])])])                      |
|  3 | [ArgOr['1_a4']]           | [('mean', [('sum', ['1_c4'])])]                      | ('lambda x: x * 2', [('mean', [('sum', ['1_c4'])])])                      |
|  4 | [ArgOr['1_a5']]           | [('mean', [('sum', ['1_c5'])])]                      | ('lambda x: x * 2', [('mean', [('sum', ['1_c5'])])])                      |
|  5 | [ArgOr['1_a6']]           | [('mean', [('sum', ['1_c6'])])]                      | ('lambda x: x * 2', [('mean', [('sum', ['1_c6'])])])                      |
|  6 | [ArgOr['1_a7']]           | [('mean', [('sum', ['1_c7'])])]                      | ('lambda x: x * 2', [('mean', [('sum', ['1_c7'])])])                      |
|  7 | [ArgOr['1_a8']]           | [('mean', [('sum', ['1_c8'])])]                      | ('lambda x: x * 2', [('mean', [('sum', ['1_c8'])])])                      |
|  8 | [ArgOr['1_a9']]           | [('mean', [('sum', ['1_c9'])])]                      | ('lambda x: x * 2', [('mean', [('sum', ['1_c9'])])])                      |
|  9 | [ArgOr['1_a10']]          | [('mean', [('sum', ['1_c10'])])]                     | ('lambda x: x * 2', [('mean', [('sum', ['1_c10'])])])                     |
| 10 | [ArgOr['1_a11']]          | [('mean', [('sum', ['1_c11'])])]                     | ('lambda x: x * 2', [('mean', [('sum', ['1_c11'])])])                     |
| 11 | [ArgOr['1_a12']]          | [('mean', [('sum', ['1_c12'])])]                     | ('lambda x: x * 2', [('mean', [('sum', ['1_c12'])])])                     |
| 12 | [ArgOr['1_a13']]          | [('mean', [('sum', ['1_c13'])])]                     | ('lambda x: x * 2', [('mean', [('sum', ['1_c13'])])])                     |
| 13 | [ArgOr['1_a14']]          | [('mean', [('sum', ['1_c14'])])]                     | ('lambda x: x * 2', [('mean', [('sum', ['1_c14'])])])                     |
| 14 | [ArgOr['1_a15']]          | [('mean', [('sum', ['1_c15'])])]                     | ('lambda x: x * 2', [('mean', [('sum', ['1_c15'])])])                     |
| 15 | [ArgOr['1_a16']]          | [('mean', [('sum', ['1_c16'])])]                     | ('lambda x: x * 2', [('mean', [('sum', ['1_c16'])])])                     |
| 16 | [ArgOr['1_a17', '1_a18']] | [('mean', [('sum', ['1_c18']), ('sum', ['1_c17'])])] | ('lambda x: x * 2', [('mean', [('sum', ['1_c18']), ('sum', ['1_c17'])])]) |
| 17 | [ArgOr['1_a19']]          | [('mean', [('sum', ['1_c19'])])]                     | ('lambda x: x * 2', [('mean', [('sum', ['1_c19'])])])                     |
+----+---------------------------+------------------------------------------------------+---------------------------------------------------------------------------+

t0 <- table_ref(0); t1 <- table_ref(1); t2 <- join(t0, t1, [(0, 1), (0, 1)], True); t3 <- table_ref(2); t4 <- join(t2, t3, [(1, 2), (0, 0)], False); t5 <- group_sum(t4, (0, 1), ['sum', 'mean'], [3, 5]); t6 <- group_sum(t5, (1,), ['sum', 'mean'], [0, 2]); t7 <- mutate_arithmetic(t6, lambda x: x * 2, (2,))
+----+---------+---------+---------+----------+
|    |   COL_0 |   COL_1 |   COL_2 |    COL_3 |
|----+---------+---------+---------+----------|
|  0 |       1 |       1 | 5179.56 | 10359.1  |
|  1 |       2 |       2 |   68.82 |   137.64 |
|  2 |       3 |       3 |  879.16 |  1758.32 |
|  3 |       4 |       4 |  439.35 |   878.7  |
|  4 |       5 |       5 |   25.02 |    50.04 |
|  5 |       6 |       6 | 1335.01 |  2670.02 |
|  6 |       7 |       7 |   30.98 |    61.96 |
|  7 |       8 |       8 | 2204.54 |  4409.08 |
|  8 |       9 |       9 |   54.81 |   109.62 |
|  9 |      10 |      10 |  105.46 |   210.92 |
| 10 |      11 |      11 |  440.2  |   880.4  |
| 11 |      12 |      12 | 2200.91 |  4401.82 |
| 12 |      13 |      13 |  370.16 |   740.32 |
| 13 |      14 |      14 | 2854.09 |  5708.18 |
| 14 |      15 |      15 | 6387.85 | 12775.7  |
| 15 |      16 |      16 | 1736.7  |  3473.4  |
| 16 |      17 |      35 | 1432.34 |  2864.68 |
| 17 |      18 |      19 |   69.81 |   139.62 |
+----+---------+---------+---------+----------+
+----+---------------------------+---------------------------------------------+------------------------------------------------------+---------------------------------------------------------------------------+
|    | COL_0                     | COL_1                                       | COL_2                                                | COL_3                                                                     |
|----+---------------------------+---------------------------------------------+------------------------------------------------------+---------------------------------------------------------------------------|
|  0 | [ArgOr['1_a1']]           | [('sum', [ArgOr['0_a0', '0_a1']])]          | [('mean', [('sum', ['1_c1'])])]                      | ('lambda x: x * 2', [('mean', [('sum', ['1_c1'])])])                      |
|  1 | [ArgOr['1_a2']]           | [('sum', [ArgOr['0_a2']])]                  | [('mean', [('sum', ['1_c2'])])]                      | ('lambda x: x * 2', [('mean', [('sum', ['1_c2'])])])                      |
|  2 | [ArgOr['1_a3']]           | [('sum', [ArgOr['0_a3']])]                  | [('mean', [('sum', ['1_c3'])])]                      | ('lambda x: x * 2', [('mean', [('sum', ['1_c3'])])])                      |
|  3 | [ArgOr['1_a4']]           | [('sum', [ArgOr['0_a4']])]                  | [('mean', [('sum', ['1_c4'])])]                      | ('lambda x: x * 2', [('mean', [('sum', ['1_c4'])])])                      |
|  4 | [ArgOr['1_a5']]           | [('sum', [ArgOr['0_a5']])]                  | [('mean', [('sum', ['1_c5'])])]                      | ('lambda x: x * 2', [('mean', [('sum', ['1_c5'])])])                      |
|  5 | [ArgOr['1_a6']]           | [('sum', [ArgOr['0_a6']])]                  | [('mean', [('sum', ['1_c6'])])]                      | ('lambda x: x * 2', [('mean', [('sum', ['1_c6'])])])                      |
|  6 | [ArgOr['1_a7']]           | [('sum', [ArgOr['0_a7']])]                  | [('mean', [('sum', ['1_c7'])])]                      | ('lambda x: x * 2', [('mean', [('sum', ['1_c7'])])])                      |
|  7 | [ArgOr['1_a8']]           | [('sum', [ArgOr['0_a8']])]                  | [('mean', [('sum', ['1_c8'])])]                      | ('lambda x: x * 2', [('mean', [('sum', ['1_c8'])])])                      |
|  8 | [ArgOr['1_a9']]           | [('sum', [ArgOr['0_a9']])]                  | [('mean', [('sum', ['1_c9'])])]                      | ('lambda x: x * 2', [('mean', [('sum', ['1_c9'])])])                      |
|  9 | [ArgOr['1_a10']]          | [('sum', [ArgOr['0_a10']])]                 | [('mean', [('sum', ['1_c10'])])]                     | ('lambda x: x * 2', [('mean', [('sum', ['1_c10'])])])                     |
| 10 | [ArgOr['1_a11']]          | [('sum', [ArgOr['0_a11']])]                 | [('mean', [('sum', ['1_c11'])])]                     | ('lambda x: x * 2', [('mean', [('sum', ['1_c11'])])])                     |
| 11 | [ArgOr['1_a12']]          | [('sum', [ArgOr['0_a12']])]                 | [('mean', [('sum', ['1_c12'])])]                     | ('lambda x: x * 2', [('mean', [('sum', ['1_c12'])])])                     |
| 12 | [ArgOr['1_a13']]          | [('sum', [ArgOr['0_a13']])]                 | [('mean', [('sum', ['1_c13'])])]                     | ('lambda x: x * 2', [('mean', [('sum', ['1_c13'])])])                     |
| 13 | [ArgOr['1_a14']]          | [('sum', [ArgOr['0_a14']])]                 | [('mean', [('sum', ['1_c14'])])]                     | ('lambda x: x * 2', [('mean', [('sum', ['1_c14'])])])                     |
| 14 | [ArgOr['1_a15']]          | [('sum', [ArgOr['0_a15']])]                 | [('mean', [('sum', ['1_c15'])])]                     | ('lambda x: x * 2', [('mean', [('sum', ['1_c15'])])])                     |
| 15 | [ArgOr['1_a16']]          | [('sum', [ArgOr['0_a16']])]                 | [('mean', [('sum', ['1_c16'])])]                     | ('lambda x: x * 2', [('mean', [('sum', ['1_c16'])])])                     |
| 16 | [ArgOr['1_a17', '1_a18']] | [('sum', [ArgOr['0_a18'], ArgOr['0_a17']])] | [('mean', [('sum', ['1_c18']), ('sum', ['1_c17'])])] | ('lambda x: x * 2', [('mean', [('sum', ['1_c18']), ('sum', ['1_c17'])])]) |
| 17 | [ArgOr['1_a19']]          | [('sum', [ArgOr['0_a19']])]                 | [('mean', [('sum', ['1_c19'])])]                     | ('lambda x: x * 2', [('mean', [('sum', ['1_c19'])])])                     |
+----+---------------------------+---------------------------------------------+------------------------------------------------------+---------------------------------------------------------------------------+

t0 <- table_ref(0); t1 <- table_ref(1); t2 <- join(t0, t1, [(0, 1), (0, 1)], True); t3 <- table_ref(2); t4 <- join(t2, t3, [(1, 2), (0, 0)], False); t5 <- group_sum(t4, (0, 1), ['sum', 'mean'], [3, 5]); t6 <- group_sum(t5, (1,), ['sum', 'mean'], [3, 2]); t7 <- mutate_arithmetic(t6, lambda x: x * 2, (2,))
+----+---------+---------+---------+----------+
|    |   COL_0 |   COL_1 |   COL_2 |    COL_3 |
|----+---------+---------+---------+----------|
|  0 |       1 |       1 | 5179.56 | 10359.1  |
|  1 |       2 |       2 |   68.82 |   137.64 |
|  2 |       3 |       3 |  879.16 |  1758.32 |
|  3 |       4 |       4 |  439.35 |   878.7  |
|  4 |       5 |       5 |   25.02 |    50.04 |
|  5 |       6 |       6 | 1335.01 |  2670.02 |
|  6 |       7 |       7 |   30.98 |    61.96 |
|  7 |       8 |       8 | 2204.54 |  4409.08 |
|  8 |       9 |       9 |   54.81 |   109.62 |
|  9 |      10 |      10 |  105.46 |   210.92 |
| 10 |      11 |      11 |  440.2  |   880.4  |
| 11 |      12 |      12 | 2200.91 |  4401.82 |
| 12 |      13 |      13 |  370.16 |   740.32 |
| 13 |      14 |      14 | 2854.09 |  5708.18 |
| 14 |      15 |      15 | 6387.85 | 12775.7  |
| 15 |      16 |      16 | 1736.7  |  3473.4  |
| 16 |      17 |      34 | 1432.34 |  2864.68 |
| 17 |      18 |      18 |   69.81 |   139.62 |
+----+---------+---------+---------+----------+
+----+---------------------------+----------------------------------+------------------------------------------------------+---------------------------------------------------------------------------+
|    | COL_0                     | COL_1                            | COL_2                                                | COL_3                                                                     |
|----+---------------------------+----------------------------------+------------------------------------------------------+---------------------------------------------------------------------------|
|  0 | [ArgOr['1_a1']]           | [('sum', [('mean', ['2_a1'])])]  | [('mean', [('sum', ['1_c1'])])]                      | ('lambda x: x * 2', [('mean', [('sum', ['1_c1'])])])                      |
|  1 | [ArgOr['1_a2']]           | [('sum', [('mean', ['2_a2'])])]  | [('mean', [('sum', ['1_c2'])])]                      | ('lambda x: x * 2', [('mean', [('sum', ['1_c2'])])])                      |
|  2 | [ArgOr['1_a3']]           | [('sum', [('mean', ['2_a3'])])]  | [('mean', [('sum', ['1_c3'])])]                      | ('lambda x: x * 2', [('mean', [('sum', ['1_c3'])])])                      |
|  3 | [ArgOr['1_a4']]           | [('sum', [('mean', ['2_a4'])])]  | [('mean', [('sum', ['1_c4'])])]                      | ('lambda x: x * 2', [('mean', [('sum', ['1_c4'])])])                      |
|  4 | [ArgOr['1_a5']]           | [('sum', [('mean', ['2_a5'])])]  | [('mean', [('sum', ['1_c5'])])]                      | ('lambda x: x * 2', [('mean', [('sum', ['1_c5'])])])                      |
|  5 | [ArgOr['1_a6']]           | [('sum', [('mean', ['2_a6'])])]  | [('mean', [('sum', ['1_c6'])])]                      | ('lambda x: x * 2', [('mean', [('sum', ['1_c6'])])])                      |
|  6 | [ArgOr['1_a7']]           | [('sum', [('mean', ['2_a7'])])]  | [('mean', [('sum', ['1_c7'])])]                      | ('lambda x: x * 2', [('mean', [('sum', ['1_c7'])])])                      |
|  7 | [ArgOr['1_a8']]           | [('sum', [('mean', ['2_a8'])])]  | [('mean', [('sum', ['1_c8'])])]                      | ('lambda x: x * 2', [('mean', [('sum', ['1_c8'])])])                      |
|  8 | [ArgOr['1_a9']]           | [('sum', [('mean', ['2_a9'])])]  | [('mean', [('sum', ['1_c9'])])]                      | ('lambda x: x * 2', [('mean', [('sum', ['1_c9'])])])                      |
|  9 | [ArgOr['1_a10']]          | [('sum', [('mean', ['2_a10'])])] | [('mean', [('sum', ['1_c10'])])]                     | ('lambda x: x * 2', [('mean', [('sum', ['1_c10'])])])                     |
| 10 | [ArgOr['1_a11']]          | [('sum', [('mean', ['2_a11'])])] | [('mean', [('sum', ['1_c11'])])]                     | ('lambda x: x * 2', [('mean', [('sum', ['1_c11'])])])                     |
| 11 | [ArgOr['1_a12']]          | [('sum', [('mean', ['2_a12'])])] | [('mean', [('sum', ['1_c12'])])]                     | ('lambda x: x * 2', [('mean', [('sum', ['1_c12'])])])                     |
| 12 | [ArgOr['1_a13']]          | [('sum', [('mean', ['2_a13'])])] | [('mean', [('sum', ['1_c13'])])]                     | ('lambda x: x * 2', [('mean', [('sum', ['1_c13'])])])                     |
| 13 | [ArgOr['1_a14']]          | [('sum', [('mean', ['2_a14'])])] | [('mean', [('sum', ['1_c14'])])]                     | ('lambda x: x * 2', [('mean', [('sum', ['1_c14'])])])                     |
| 14 | [ArgOr['1_a15']]          | [('sum', [('mean', ['2_a15'])])] | [('mean', [('sum', ['1_c15'])])]                     | ('lambda x: x * 2', [('mean', [('sum', ['1_c15'])])])                     |
| 15 | [ArgOr['1_a16']]          | [('sum', [('mean', ['2_a16'])])] | [('mean', [('sum', ['1_c16'])])]                     | ('lambda x: x * 2', [('mean', [('sum', ['1_c16'])])])                     |
| 16 | [ArgOr['1_a17', '1_a18']] | [('sum', [('mean', ['2_a17'])])] | [('mean', [('sum', ['1_c18']), ('sum', ['1_c17'])])] | ('lambda x: x * 2', [('mean', [('sum', ['1_c18']), ('sum', ['1_c17'])])]) |
| 17 | [ArgOr['1_a19']]          | [('sum', [('mean', ['2_a18'])])] | [('mean', [('sum', ['1_c19'])])]                     | ('lambda x: x * 2', [('mean', [('sum', ['1_c19'])])])                     |
+----+---------------------------+----------------------------------+------------------------------------------------------+---------------------------------------------------------------------------+

t0 <- table_ref(0); t1 <- table_ref(1); t2 <- join(t0, t1, [(0, 1), (0, 1)], True); t3 <- table_ref(2); t4 <- join(t2, t3, [(1, 2), (0, 0)], False); t5 <- group_sum(t4, (0, 1), ['sum', 'mean'], [3, 5]); t6 <- group_sum(t5, (1, 3), mean, 2); t7 <- mutate_arithmetic(t6, lambda x: x * 2, (2,))
+----+---------+---------+---------+----------+
|    |   COL_0 |   COL_1 |   COL_2 |    COL_3 |
|----+---------+---------+---------+----------|
|  0 |       1 |       1 | 5179.56 | 10359.1  |
|  1 |       2 |       2 |   68.82 |   137.64 |
|  2 |       3 |       3 |  879.16 |  1758.32 |
|  3 |       4 |       4 |  439.35 |   878.7  |
|  4 |       5 |       5 |   25.02 |    50.04 |
|  5 |       6 |       6 | 1335.01 |  2670.02 |
|  6 |       7 |       7 |   30.98 |    61.96 |
|  7 |       8 |       8 | 2204.54 |  4409.08 |
|  8 |       9 |       9 |   54.81 |   109.62 |
|  9 |      10 |      10 |  105.46 |   210.92 |
| 10 |      11 |      11 |  440.2  |   880.4  |
| 11 |      12 |      12 | 2200.91 |  4401.82 |
| 12 |      13 |      13 |  370.16 |   740.32 |
| 13 |      14 |      14 | 2854.09 |  5708.18 |
| 14 |      15 |      15 | 6387.85 | 12775.7  |
| 15 |      16 |      16 | 1736.7  |  3473.4  |
| 16 |      17 |      17 | 1432.34 |  2864.68 |
| 17 |      18 |      18 |   69.81 |   139.62 |
+----+---------+---------+---------+----------+
+----+---------------------------+---------------------------------------------------+------------------------------------------------------+---------------------------------------------------------------------------+
|    | COL_0                     | COL_1                                             | COL_2                                                | COL_3                                                                     |
|----+---------------------------+---------------------------------------------------+------------------------------------------------------+---------------------------------------------------------------------------|
|  0 | [ArgOr['1_a1']]           | [ArgOr[('mean', ['2_a1'])]]                       | [('mean', [('sum', ['1_c1'])])]                      | ('lambda x: x * 2', [('mean', [('sum', ['1_c1'])])])                      |
|  1 | [ArgOr['1_a2']]           | [ArgOr[('mean', ['2_a2'])]]                       | [('mean', [('sum', ['1_c2'])])]                      | ('lambda x: x * 2', [('mean', [('sum', ['1_c2'])])])                      |
|  2 | [ArgOr['1_a3']]           | [ArgOr[('mean', ['2_a3'])]]                       | [('mean', [('sum', ['1_c3'])])]                      | ('lambda x: x * 2', [('mean', [('sum', ['1_c3'])])])                      |
|  3 | [ArgOr['1_a4']]           | [ArgOr[('mean', ['2_a4'])]]                       | [('mean', [('sum', ['1_c4'])])]                      | ('lambda x: x * 2', [('mean', [('sum', ['1_c4'])])])                      |
|  4 | [ArgOr['1_a5']]           | [ArgOr[('mean', ['2_a5'])]]                       | [('mean', [('sum', ['1_c5'])])]                      | ('lambda x: x * 2', [('mean', [('sum', ['1_c5'])])])                      |
|  5 | [ArgOr['1_a6']]           | [ArgOr[('mean', ['2_a6'])]]                       | [('mean', [('sum', ['1_c6'])])]                      | ('lambda x: x * 2', [('mean', [('sum', ['1_c6'])])])                      |
|  6 | [ArgOr['1_a7']]           | [ArgOr[('mean', ['2_a7'])]]                       | [('mean', [('sum', ['1_c7'])])]                      | ('lambda x: x * 2', [('mean', [('sum', ['1_c7'])])])                      |
|  7 | [ArgOr['1_a8']]           | [ArgOr[('mean', ['2_a8'])]]                       | [('mean', [('sum', ['1_c8'])])]                      | ('lambda x: x * 2', [('mean', [('sum', ['1_c8'])])])                      |
|  8 | [ArgOr['1_a9']]           | [ArgOr[('mean', ['2_a9'])]]                       | [('mean', [('sum', ['1_c9'])])]                      | ('lambda x: x * 2', [('mean', [('sum', ['1_c9'])])])                      |
|  9 | [ArgOr['1_a10']]          | [ArgOr[('mean', ['2_a10'])]]                      | [('mean', [('sum', ['1_c10'])])]                     | ('lambda x: x * 2', [('mean', [('sum', ['1_c10'])])])                     |
| 10 | [ArgOr['1_a11']]          | [ArgOr[('mean', ['2_a11'])]]                      | [('mean', [('sum', ['1_c11'])])]                     | ('lambda x: x * 2', [('mean', [('sum', ['1_c11'])])])                     |
| 11 | [ArgOr['1_a12']]          | [ArgOr[('mean', ['2_a12'])]]                      | [('mean', [('sum', ['1_c12'])])]                     | ('lambda x: x * 2', [('mean', [('sum', ['1_c12'])])])                     |
| 12 | [ArgOr['1_a13']]          | [ArgOr[('mean', ['2_a13'])]]                      | [('mean', [('sum', ['1_c13'])])]                     | ('lambda x: x * 2', [('mean', [('sum', ['1_c13'])])])                     |
| 13 | [ArgOr['1_a14']]          | [ArgOr[('mean', ['2_a14'])]]                      | [('mean', [('sum', ['1_c14'])])]                     | ('lambda x: x * 2', [('mean', [('sum', ['1_c14'])])])                     |
| 14 | [ArgOr['1_a15']]          | [ArgOr[('mean', ['2_a15'])]]                      | [('mean', [('sum', ['1_c15'])])]                     | ('lambda x: x * 2', [('mean', [('sum', ['1_c15'])])])                     |
| 15 | [ArgOr['1_a16']]          | [ArgOr[('mean', ['2_a16'])]]                      | [('mean', [('sum', ['1_c16'])])]                     | ('lambda x: x * 2', [('mean', [('sum', ['1_c16'])])])                     |
| 16 | [ArgOr['1_a17', '1_a18']] | [ArgOr[('mean', ['2_a17']), ('mean', ['2_a17'])]] | [('mean', [('sum', ['1_c18']), ('sum', ['1_c17'])])] | ('lambda x: x * 2', [('mean', [('sum', ['1_c18']), ('sum', ['1_c17'])])]) |
| 17 | [ArgOr['1_a19']]          | [ArgOr[('mean', ['2_a18'])]]                      | [('mean', [('sum', ['1_c19'])])]                     | ('lambda x: x * 2', [('mean', [('sum', ['1_c19'])])])                     |
+----+---------------------------+---------------------------------------------------+------------------------------------------------------+---------------------------------------------------------------------------+

t0 <- table_ref(0); t1 <- table_ref(1); t2 <- join(t0, t1, [(0, 1), (0, 1)], True); t3 <- table_ref(2); t4 <- join(t2, t3, [(1, 2), (0, 0)], False); t5 <- group_sum(t4, (0, 1), ['sum', 'mean'], [3, 5]); t6 <- group_sum(t5, (1, 3), ['sum', 'mean'], [0, 2]); t7 <- mutate_arithmetic(t6, lambda x: x * 2, (3,))
+----+---------+---------+---------+---------+----------+
|    |   COL_0 |   COL_1 |   COL_2 |   COL_3 |    COL_4 |
|----+---------+---------+---------+---------+----------|
|  0 |       1 |       1 |       1 | 5179.56 | 10359.1  |
|  1 |       2 |       2 |       2 |   68.82 |   137.64 |
|  2 |       3 |       3 |       3 |  879.16 |  1758.32 |
|  3 |       4 |       4 |       4 |  439.35 |   878.7  |
|  4 |       5 |       5 |       5 |   25.02 |    50.04 |
|  5 |       6 |       6 |       6 | 1335.01 |  2670.02 |
|  6 |       7 |       7 |       7 |   30.98 |    61.96 |
|  7 |       8 |       8 |       8 | 2204.54 |  4409.08 |
|  8 |       9 |       9 |       9 |   54.81 |   109.62 |
|  9 |      10 |      10 |      10 |  105.46 |   210.92 |
| 10 |      11 |      11 |      11 |  440.2  |   880.4  |
| 11 |      12 |      12 |      12 | 2200.91 |  4401.82 |
| 12 |      13 |      13 |      13 |  370.16 |   740.32 |
| 13 |      14 |      14 |      14 | 2854.09 |  5708.18 |
| 14 |      15 |      15 |      15 | 6387.85 | 12775.7  |
| 15 |      16 |      16 |      16 | 1736.7  |  3473.4  |
| 16 |      17 |      17 |      35 | 1432.34 |  2864.68 |
| 17 |      18 |      18 |      19 |   69.81 |   139.62 |
+----+---------+---------+---------+---------+----------+
+----+---------------------------+---------------------------------------------------+---------------------------------------------+------------------------------------------------------+---------------------------------------------------------------------------+
|    | COL_0                     | COL_1                                             | COL_2                                       | COL_3                                                | COL_4                                                                     |
|----+---------------------------+---------------------------------------------------+---------------------------------------------+------------------------------------------------------+---------------------------------------------------------------------------|
|  0 | [ArgOr['1_a1']]           | [ArgOr[('mean', ['2_a1'])]]                       | [('sum', [ArgOr['0_a0', '0_a1']])]          | [('mean', [('sum', ['1_c1'])])]                      | ('lambda x: x * 2', [('mean', [('sum', ['1_c1'])])])                      |
|  1 | [ArgOr['1_a2']]           | [ArgOr[('mean', ['2_a2'])]]                       | [('sum', [ArgOr['0_a2']])]                  | [('mean', [('sum', ['1_c2'])])]                      | ('lambda x: x * 2', [('mean', [('sum', ['1_c2'])])])                      |
|  2 | [ArgOr['1_a3']]           | [ArgOr[('mean', ['2_a3'])]]                       | [('sum', [ArgOr['0_a3']])]                  | [('mean', [('sum', ['1_c3'])])]                      | ('lambda x: x * 2', [('mean', [('sum', ['1_c3'])])])                      |
|  3 | [ArgOr['1_a4']]           | [ArgOr[('mean', ['2_a4'])]]                       | [('sum', [ArgOr['0_a4']])]                  | [('mean', [('sum', ['1_c4'])])]                      | ('lambda x: x * 2', [('mean', [('sum', ['1_c4'])])])                      |
|  4 | [ArgOr['1_a5']]           | [ArgOr[('mean', ['2_a5'])]]                       | [('sum', [ArgOr['0_a5']])]                  | [('mean', [('sum', ['1_c5'])])]                      | ('lambda x: x * 2', [('mean', [('sum', ['1_c5'])])])                      |
|  5 | [ArgOr['1_a6']]           | [ArgOr[('mean', ['2_a6'])]]                       | [('sum', [ArgOr['0_a6']])]                  | [('mean', [('sum', ['1_c6'])])]                      | ('lambda x: x * 2', [('mean', [('sum', ['1_c6'])])])                      |
|  6 | [ArgOr['1_a7']]           | [ArgOr[('mean', ['2_a7'])]]                       | [('sum', [ArgOr['0_a7']])]                  | [('mean', [('sum', ['1_c7'])])]                      | ('lambda x: x * 2', [('mean', [('sum', ['1_c7'])])])                      |
|  7 | [ArgOr['1_a8']]           | [ArgOr[('mean', ['2_a8'])]]                       | [('sum', [ArgOr['0_a8']])]                  | [('mean', [('sum', ['1_c8'])])]                      | ('lambda x: x * 2', [('mean', [('sum', ['1_c8'])])])                      |
|  8 | [ArgOr['1_a9']]           | [ArgOr[('mean', ['2_a9'])]]                       | [('sum', [ArgOr['0_a9']])]                  | [('mean', [('sum', ['1_c9'])])]                      | ('lambda x: x * 2', [('mean', [('sum', ['1_c9'])])])                      |
|  9 | [ArgOr['1_a10']]          | [ArgOr[('mean', ['2_a10'])]]                      | [('sum', [ArgOr['0_a10']])]                 | [('mean', [('sum', ['1_c10'])])]                     | ('lambda x: x * 2', [('mean', [('sum', ['1_c10'])])])                     |
| 10 | [ArgOr['1_a11']]          | [ArgOr[('mean', ['2_a11'])]]                      | [('sum', [ArgOr['0_a11']])]                 | [('mean', [('sum', ['1_c11'])])]                     | ('lambda x: x * 2', [('mean', [('sum', ['1_c11'])])])                     |
| 11 | [ArgOr['1_a12']]          | [ArgOr[('mean', ['2_a12'])]]                      | [('sum', [ArgOr['0_a12']])]                 | [('mean', [('sum', ['1_c12'])])]                     | ('lambda x: x * 2', [('mean', [('sum', ['1_c12'])])])                     |
| 12 | [ArgOr['1_a13']]          | [ArgOr[('mean', ['2_a13'])]]                      | [('sum', [ArgOr['0_a13']])]                 | [('mean', [('sum', ['1_c13'])])]                     | ('lambda x: x * 2', [('mean', [('sum', ['1_c13'])])])                     |
| 13 | [ArgOr['1_a14']]          | [ArgOr[('mean', ['2_a14'])]]                      | [('sum', [ArgOr['0_a14']])]                 | [('mean', [('sum', ['1_c14'])])]                     | ('lambda x: x * 2', [('mean', [('sum', ['1_c14'])])])                     |
| 14 | [ArgOr['1_a15']]          | [ArgOr[('mean', ['2_a15'])]]                      | [('sum', [ArgOr['0_a15']])]                 | [('mean', [('sum', ['1_c15'])])]                     | ('lambda x: x * 2', [('mean', [('sum', ['1_c15'])])])                     |
| 15 | [ArgOr['1_a16']]          | [ArgOr[('mean', ['2_a16'])]]                      | [('sum', [ArgOr['0_a16']])]                 | [('mean', [('sum', ['1_c16'])])]                     | ('lambda x: x * 2', [('mean', [('sum', ['1_c16'])])])                     |
| 16 | [ArgOr['1_a17', '1_a18']] | [ArgOr[('mean', ['2_a17']), ('mean', ['2_a17'])]] | [('sum', [ArgOr['0_a18'], ArgOr['0_a17']])] | [('mean', [('sum', ['1_c18']), ('sum', ['1_c17'])])] | ('lambda x: x * 2', [('mean', [('sum', ['1_c18']), ('sum', ['1_c17'])])]) |
| 17 | [ArgOr['1_a19']]          | [ArgOr[('mean', ['2_a18'])]]                      | [('sum', [ArgOr['0_a19']])]                 | [('mean', [('sum', ['1_c19'])])]                     | ('lambda x: x * 2', [('mean', [('sum', ['1_c19'])])])                     |
+----+---------------------------+---------------------------------------------------+---------------------------------------------+------------------------------------------------------+---------------------------------------------------------------------------+

t0 <- table_ref(0); t1 <- table_ref(1); t2 <- join(t0, t1, [(0, 1), (0, 1)], True); t3 <- table_ref(2); t4 <- join(t2, t3, [(1, 2), (0, 0)], False); t5 <- group_sum(t4, (1, 2), sum, 3); t6 <- group_sum(t5, (0,), mean, 2); t7 <- mutate_arithmetic(t6, lambda x: x * 2, (1,))
+----+---------+---------+----------+
|    |   COL_0 |   COL_1 |    COL_2 |
|----+---------+---------+----------|
|  0 |       1 | 5179.56 | 10359.1  |
|  1 |       2 |   68.82 |   137.64 |
|  2 |       3 |  879.16 |  1758.32 |
|  3 |       4 |  439.35 |   878.7  |
|  4 |       5 |   25.02 |    50.04 |
|  5 |       6 | 1335.01 |  2670.02 |
|  6 |       7 |   30.98 |    61.96 |
|  7 |       8 | 2204.54 |  4409.08 |
|  8 |       9 |   54.81 |   109.62 |
|  9 |      10 |  105.46 |   210.92 |
| 10 |      11 |  440.2  |   880.4  |
| 11 |      12 | 2200.91 |  4401.82 |
| 12 |      13 |  370.16 |   740.32 |
| 13 |      14 | 2854.09 |  5708.18 |
| 14 |      15 | 6387.85 | 12775.7  |
| 15 |      16 | 1736.7  |  3473.4  |
| 16 |      17 | 1432.34 |  2864.68 |
| 17 |      18 |   69.81 |   139.62 |
+----+---------+---------+----------+
+----+---------------------------+------------------------------------------------------+---------------------------------------------------------------------------+
|    | COL_0                     | COL_1                                                | COL_2                                                                     |
|----+---------------------------+------------------------------------------------------+---------------------------------------------------------------------------|
|  0 | [ArgOr['1_a1']]           | [('mean', [('sum', ['1_c1'])])]                      | ('lambda x: x * 2', [('mean', [('sum', ['1_c1'])])])                      |
|  1 | [ArgOr['1_a2']]           | [('mean', [('sum', ['1_c2'])])]                      | ('lambda x: x * 2', [('mean', [('sum', ['1_c2'])])])                      |
|  2 | [ArgOr['1_a3']]           | [('mean', [('sum', ['1_c3'])])]                      | ('lambda x: x * 2', [('mean', [('sum', ['1_c3'])])])                      |
|  3 | [ArgOr['1_a4']]           | [('mean', [('sum', ['1_c4'])])]                      | ('lambda x: x * 2', [('mean', [('sum', ['1_c4'])])])                      |
|  4 | [ArgOr['1_a5']]           | [('mean', [('sum', ['1_c5'])])]                      | ('lambda x: x * 2', [('mean', [('sum', ['1_c5'])])])                      |
|  5 | [ArgOr['1_a6']]           | [('mean', [('sum', ['1_c6'])])]                      | ('lambda x: x * 2', [('mean', [('sum', ['1_c6'])])])                      |
|  6 | [ArgOr['1_a7']]           | [('mean', [('sum', ['1_c7'])])]                      | ('lambda x: x * 2', [('mean', [('sum', ['1_c7'])])])                      |
|  7 | [ArgOr['1_a8']]           | [('mean', [('sum', ['1_c8'])])]                      | ('lambda x: x * 2', [('mean', [('sum', ['1_c8'])])])                      |
|  8 | [ArgOr['1_a9']]           | [('mean', [('sum', ['1_c9'])])]                      | ('lambda x: x * 2', [('mean', [('sum', ['1_c9'])])])                      |
|  9 | [ArgOr['1_a10']]          | [('mean', [('sum', ['1_c10'])])]                     | ('lambda x: x * 2', [('mean', [('sum', ['1_c10'])])])                     |
| 10 | [ArgOr['1_a11']]          | [('mean', [('sum', ['1_c11'])])]                     | ('lambda x: x * 2', [('mean', [('sum', ['1_c11'])])])                     |
| 11 | [ArgOr['1_a12']]          | [('mean', [('sum', ['1_c12'])])]                     | ('lambda x: x * 2', [('mean', [('sum', ['1_c12'])])])                     |
| 12 | [ArgOr['1_a13']]          | [('mean', [('sum', ['1_c13'])])]                     | ('lambda x: x * 2', [('mean', [('sum', ['1_c13'])])])                     |
| 13 | [ArgOr['1_a14']]          | [('mean', [('sum', ['1_c14'])])]                     | ('lambda x: x * 2', [('mean', [('sum', ['1_c14'])])])                     |
| 14 | [ArgOr['1_a15']]          | [('mean', [('sum', ['1_c15'])])]                     | ('lambda x: x * 2', [('mean', [('sum', ['1_c15'])])])                     |
| 15 | [ArgOr['1_a16']]          | [('mean', [('sum', ['1_c16'])])]                     | ('lambda x: x * 2', [('mean', [('sum', ['1_c16'])])])                     |
| 16 | [ArgOr['1_a17', '1_a18']] | [('mean', [('sum', ['1_c18']), ('sum', ['1_c17'])])] | ('lambda x: x * 2', [('mean', [('sum', ['1_c18']), ('sum', ['1_c17'])])]) |
| 17 | [ArgOr['1_a19']]          | [('mean', [('sum', ['1_c19'])])]                     | ('lambda x: x * 2', [('mean', [('sum', ['1_c19'])])])                     |
+----+---------------------------+------------------------------------------------------+---------------------------------------------------------------------------+

t0 <- table_ref(0); t1 <- table_ref(1); t2 <- join(t0, t1, [(0, 1), (0, 1)], True); t3 <- table_ref(2); t4 <- join(t2, t3, [(1, 2), (0, 0)], False); t5 <- group_sum(t4, (1, 2, 4), ['sum', 'mean'], [3, 5]); t6 <- group_sum(t5, (0, 2, 4), mean, 3); t7 <- mutate_arithmetic(t6, lambda x: x * 2, (3,))
+----+---------+---------+---------+---------+----------+
|    |   COL_0 |   COL_1 |   COL_2 |   COL_3 |    COL_4 |
|----+---------+---------+---------+---------+----------|
|  0 |       1 |   14601 |       1 | 5179.56 | 10359.1  |
|  1 |       2 |   25383 |       2 |   68.82 |   137.64 |
|  2 |       3 |   76801 |       3 |  879.16 |  1758.32 |
|  3 |       4 |   31351 |       4 |  439.35 |   878.7  |
|  4 |       5 |   31351 |       5 |   25.02 |    50.04 |
|  5 |       6 |   41731 |       6 | 1335.01 |  2670.02 |
|  6 |       7 |   41731 |       7 |   30.98 |    61.96 |
|  7 |       8 |   36748 |       8 | 2204.54 |  4409.08 |
|  8 |       9 |   36022 |       9 |   54.81 |   109.62 |
|  9 |      10 |   36022 |      10 |  105.46 |   210.92 |
| 10 |      11 |   24957 |      11 |  440.2  |   880.4  |
| 11 |      12 |   24957 |      12 | 2200.91 |  4401.82 |
| 12 |      13 |   82003 |      13 |  370.16 |   740.32 |
| 13 |      14 |   82003 |      14 | 2854.09 |  5708.18 |
| 14 |      15 |   27389 |      15 | 6387.85 | 12775.7  |
| 15 |      16 |   75751 |      16 | 1736.7  |  3473.4  |
| 16 |      17 |   11242 |      17 | 1432.34 |  2864.68 |
| 17 |      18 |   11242 |      18 |   69.81 |   139.62 |
+----+---------+---------+---------+---------+----------+
+----+---------------------------+---------------------------+---------------------------------------------------+------------------------------------------------------+---------------------------------------------------------------------------+
|    | COL_0                     | COL_1                     | COL_2                                             | COL_3                                                | COL_4                                                                     |
|----+---------------------------+---------------------------+---------------------------------------------------+------------------------------------------------------+---------------------------------------------------------------------------|
|  0 | [ArgOr['1_a1']]           | [ArgOr['1_d1']]           | [ArgOr[('mean', ['2_a1'])]]                       | [('mean', [('sum', ['1_c1'])])]                      | ('lambda x: x * 2', [('mean', [('sum', ['1_c1'])])])                      |
|  1 | [ArgOr['1_a2']]           | [ArgOr['1_d2']]           | [ArgOr[('mean', ['2_a2'])]]                       | [('mean', [('sum', ['1_c2'])])]                      | ('lambda x: x * 2', [('mean', [('sum', ['1_c2'])])])                      |
|  2 | [ArgOr['1_a3']]           | [ArgOr['1_d3']]           | [ArgOr[('mean', ['2_a3'])]]                       | [('mean', [('sum', ['1_c3'])])]                      | ('lambda x: x * 2', [('mean', [('sum', ['1_c3'])])])                      |
|  3 | [ArgOr['1_a4']]           | [ArgOr['1_d4']]           | [ArgOr[('mean', ['2_a4'])]]                       | [('mean', [('sum', ['1_c4'])])]                      | ('lambda x: x * 2', [('mean', [('sum', ['1_c4'])])])                      |
|  4 | [ArgOr['1_a5']]           | [ArgOr['1_d5']]           | [ArgOr[('mean', ['2_a5'])]]                       | [('mean', [('sum', ['1_c5'])])]                      | ('lambda x: x * 2', [('mean', [('sum', ['1_c5'])])])                      |
|  5 | [ArgOr['1_a6']]           | [ArgOr['1_d6']]           | [ArgOr[('mean', ['2_a6'])]]                       | [('mean', [('sum', ['1_c6'])])]                      | ('lambda x: x * 2', [('mean', [('sum', ['1_c6'])])])                      |
|  6 | [ArgOr['1_a7']]           | [ArgOr['1_d7']]           | [ArgOr[('mean', ['2_a7'])]]                       | [('mean', [('sum', ['1_c7'])])]                      | ('lambda x: x * 2', [('mean', [('sum', ['1_c7'])])])                      |
|  7 | [ArgOr['1_a8']]           | [ArgOr['1_d8']]           | [ArgOr[('mean', ['2_a8'])]]                       | [('mean', [('sum', ['1_c8'])])]                      | ('lambda x: x * 2', [('mean', [('sum', ['1_c8'])])])                      |
|  8 | [ArgOr['1_a9']]           | [ArgOr['1_d9']]           | [ArgOr[('mean', ['2_a9'])]]                       | [('mean', [('sum', ['1_c9'])])]                      | ('lambda x: x * 2', [('mean', [('sum', ['1_c9'])])])                      |
|  9 | [ArgOr['1_a10']]          | [ArgOr['1_d10']]          | [ArgOr[('mean', ['2_a10'])]]                      | [('mean', [('sum', ['1_c10'])])]                     | ('lambda x: x * 2', [('mean', [('sum', ['1_c10'])])])                     |
| 10 | [ArgOr['1_a11']]          | [ArgOr['1_d11']]          | [ArgOr[('mean', ['2_a11'])]]                      | [('mean', [('sum', ['1_c11'])])]                     | ('lambda x: x * 2', [('mean', [('sum', ['1_c11'])])])                     |
| 11 | [ArgOr['1_a12']]          | [ArgOr['1_d12']]          | [ArgOr[('mean', ['2_a12'])]]                      | [('mean', [('sum', ['1_c12'])])]                     | ('lambda x: x * 2', [('mean', [('sum', ['1_c12'])])])                     |
| 12 | [ArgOr['1_a13']]          | [ArgOr['1_d13']]          | [ArgOr[('mean', ['2_a13'])]]                      | [('mean', [('sum', ['1_c13'])])]                     | ('lambda x: x * 2', [('mean', [('sum', ['1_c13'])])])                     |
| 13 | [ArgOr['1_a14']]          | [ArgOr['1_d14']]          | [ArgOr[('mean', ['2_a14'])]]                      | [('mean', [('sum', ['1_c14'])])]                     | ('lambda x: x * 2', [('mean', [('sum', ['1_c14'])])])                     |
| 14 | [ArgOr['1_a15']]          | [ArgOr['1_d15']]          | [ArgOr[('mean', ['2_a15'])]]                      | [('mean', [('sum', ['1_c15'])])]                     | ('lambda x: x * 2', [('mean', [('sum', ['1_c15'])])])                     |
| 15 | [ArgOr['1_a16']]          | [ArgOr['1_d16']]          | [ArgOr[('mean', ['2_a16'])]]                      | [('mean', [('sum', ['1_c16'])])]                     | ('lambda x: x * 2', [('mean', [('sum', ['1_c16'])])])                     |
| 16 | [ArgOr['1_a17', '1_a18']] | [ArgOr['1_d17', '1_d18']] | [ArgOr[('mean', ['2_a17']), ('mean', ['2_a17'])]] | [('mean', [('sum', ['1_c18']), ('sum', ['1_c17'])])] | ('lambda x: x * 2', [('mean', [('sum', ['1_c18']), ('sum', ['1_c17'])])]) |
| 17 | [ArgOr['1_a19']]          | [ArgOr['1_d19']]          | [ArgOr[('mean', ['2_a18'])]]                      | [('mean', [('sum', ['1_c19'])])]                     | ('lambda x: x * 2', [('mean', [('sum', ['1_c19'])])])                     |
+----+---------------------------+---------------------------+---------------------------------------------------+------------------------------------------------------+---------------------------------------------------------------------------+

t0 <- table_ref(0); t1 <- table_ref(1); t2 <- join(t0, t1, [(0, 1), (0, 1)], True); t3 <- table_ref(2); t4 <- join(t2, t3, [(1, 2), (0, 0)], False); t5 <- group_sum(t4, (1, 2, 4), ['sum', 'mean'], [3, 5]); t6 <- group_sum(t5, (0, 2, 4), ['sum', 'mean'], [1, 3]); t7 <- mutate_arithmetic(t6, lambda x: x * 2, (4,))
+----+---------+---------+---------+---------+---------+----------+
|    |   COL_0 |   COL_1 |   COL_2 |   COL_3 |   COL_4 |    COL_5 |
|----+---------+---------+---------+---------+---------+----------|
|  0 |       1 |   14601 |       1 |       1 | 5179.56 | 10359.1  |
|  1 |       2 |   25383 |       2 |       2 |   68.82 |   137.64 |
|  2 |       3 |   76801 |       3 |       3 |  879.16 |  1758.32 |
|  3 |       4 |   31351 |       4 |       4 |  439.35 |   878.7  |
|  4 |       5 |   31351 |       5 |       5 |   25.02 |    50.04 |
|  5 |       6 |   41731 |       6 |       6 | 1335.01 |  2670.02 |
|  6 |       7 |   41731 |       7 |       7 |   30.98 |    61.96 |
|  7 |       8 |   36748 |       8 |       8 | 2204.54 |  4409.08 |
|  8 |       9 |   36022 |       9 |       9 |   54.81 |   109.62 |
|  9 |      10 |   36022 |      10 |      10 |  105.46 |   210.92 |
| 10 |      11 |   24957 |      11 |      11 |  440.2  |   880.4  |
| 11 |      12 |   24957 |      12 |      12 | 2200.91 |  4401.82 |
| 12 |      13 |   82003 |      13 |      13 |  370.16 |   740.32 |
| 13 |      14 |   82003 |      14 |      14 | 2854.09 |  5708.18 |
| 14 |      15 |   27389 |      15 |      15 | 6387.85 | 12775.7  |
| 15 |      16 |   75751 |      16 |      16 | 1736.7  |  3473.4  |
| 16 |      17 |   11242 |      17 |      35 | 1432.34 |  2864.68 |
| 17 |      18 |   11242 |      18 |      19 |   69.81 |   139.62 |
+----+---------+---------+---------+---------+---------+----------+
+----+---------------------------+---------------------------+---------------------------------------------------+---------------------------------------------+------------------------------------------------------+---------------------------------------------------------------------------+
|    | COL_0                     | COL_1                     | COL_2                                             | COL_3                                       | COL_4                                                | COL_5                                                                     |
|----+---------------------------+---------------------------+---------------------------------------------------+---------------------------------------------+------------------------------------------------------+---------------------------------------------------------------------------|
|  0 | [ArgOr['1_a1']]           | [ArgOr['1_d1']]           | [ArgOr[('mean', ['2_a1'])]]                       | [('sum', [ArgOr['1_b1', '1_b1']])]          | [('mean', [('sum', ['1_c1'])])]                      | ('lambda x: x * 2', [('mean', [('sum', ['1_c1'])])])                      |
|  1 | [ArgOr['1_a2']]           | [ArgOr['1_d2']]           | [ArgOr[('mean', ['2_a2'])]]                       | [('sum', [ArgOr['1_b2']])]                  | [('mean', [('sum', ['1_c2'])])]                      | ('lambda x: x * 2', [('mean', [('sum', ['1_c2'])])])                      |
|  2 | [ArgOr['1_a3']]           | [ArgOr['1_d3']]           | [ArgOr[('mean', ['2_a3'])]]                       | [('sum', [ArgOr['1_b3']])]                  | [('mean', [('sum', ['1_c3'])])]                      | ('lambda x: x * 2', [('mean', [('sum', ['1_c3'])])])                      |
|  3 | [ArgOr['1_a4']]           | [ArgOr['1_d4']]           | [ArgOr[('mean', ['2_a4'])]]                       | [('sum', [ArgOr['1_b4']])]                  | [('mean', [('sum', ['1_c4'])])]                      | ('lambda x: x * 2', [('mean', [('sum', ['1_c4'])])])                      |
|  4 | [ArgOr['1_a5']]           | [ArgOr['1_d5']]           | [ArgOr[('mean', ['2_a5'])]]                       | [('sum', [ArgOr['1_b5']])]                  | [('mean', [('sum', ['1_c5'])])]                      | ('lambda x: x * 2', [('mean', [('sum', ['1_c5'])])])                      |
|  5 | [ArgOr['1_a6']]           | [ArgOr['1_d6']]           | [ArgOr[('mean', ['2_a6'])]]                       | [('sum', [ArgOr['1_b6']])]                  | [('mean', [('sum', ['1_c6'])])]                      | ('lambda x: x * 2', [('mean', [('sum', ['1_c6'])])])                      |
|  6 | [ArgOr['1_a7']]           | [ArgOr['1_d7']]           | [ArgOr[('mean', ['2_a7'])]]                       | [('sum', [ArgOr['1_b7']])]                  | [('mean', [('sum', ['1_c7'])])]                      | ('lambda x: x * 2', [('mean', [('sum', ['1_c7'])])])                      |
|  7 | [ArgOr['1_a8']]           | [ArgOr['1_d8']]           | [ArgOr[('mean', ['2_a8'])]]                       | [('sum', [ArgOr['1_b8']])]                  | [('mean', [('sum', ['1_c8'])])]                      | ('lambda x: x * 2', [('mean', [('sum', ['1_c8'])])])                      |
|  8 | [ArgOr['1_a9']]           | [ArgOr['1_d9']]           | [ArgOr[('mean', ['2_a9'])]]                       | [('sum', [ArgOr['1_b9']])]                  | [('mean', [('sum', ['1_c9'])])]                      | ('lambda x: x * 2', [('mean', [('sum', ['1_c9'])])])                      |
|  9 | [ArgOr['1_a10']]          | [ArgOr['1_d10']]          | [ArgOr[('mean', ['2_a10'])]]                      | [('sum', [ArgOr['1_b10']])]                 | [('mean', [('sum', ['1_c10'])])]                     | ('lambda x: x * 2', [('mean', [('sum', ['1_c10'])])])                     |
| 10 | [ArgOr['1_a11']]          | [ArgOr['1_d11']]          | [ArgOr[('mean', ['2_a11'])]]                      | [('sum', [ArgOr['1_b11']])]                 | [('mean', [('sum', ['1_c11'])])]                     | ('lambda x: x * 2', [('mean', [('sum', ['1_c11'])])])                     |
| 11 | [ArgOr['1_a12']]          | [ArgOr['1_d12']]          | [ArgOr[('mean', ['2_a12'])]]                      | [('sum', [ArgOr['1_b12']])]                 | [('mean', [('sum', ['1_c12'])])]                     | ('lambda x: x * 2', [('mean', [('sum', ['1_c12'])])])                     |
| 12 | [ArgOr['1_a13']]          | [ArgOr['1_d13']]          | [ArgOr[('mean', ['2_a13'])]]                      | [('sum', [ArgOr['1_b13']])]                 | [('mean', [('sum', ['1_c13'])])]                     | ('lambda x: x * 2', [('mean', [('sum', ['1_c13'])])])                     |
| 13 | [ArgOr['1_a14']]          | [ArgOr['1_d14']]          | [ArgOr[('mean', ['2_a14'])]]                      | [('sum', [ArgOr['1_b14']])]                 | [('mean', [('sum', ['1_c14'])])]                     | ('lambda x: x * 2', [('mean', [('sum', ['1_c14'])])])                     |
| 14 | [ArgOr['1_a15']]          | [ArgOr['1_d15']]          | [ArgOr[('mean', ['2_a15'])]]                      | [('sum', [ArgOr['1_b15']])]                 | [('mean', [('sum', ['1_c15'])])]                     | ('lambda x: x * 2', [('mean', [('sum', ['1_c15'])])])                     |
| 15 | [ArgOr['1_a16']]          | [ArgOr['1_d16']]          | [ArgOr[('mean', ['2_a16'])]]                      | [('sum', [ArgOr['1_b16']])]                 | [('mean', [('sum', ['1_c16'])])]                     | ('lambda x: x * 2', [('mean', [('sum', ['1_c16'])])])                     |
| 16 | [ArgOr['1_a17', '1_a18']] | [ArgOr['1_d17', '1_d18']] | [ArgOr[('mean', ['2_a17']), ('mean', ['2_a17'])]] | [('sum', [ArgOr['1_b18'], ArgOr['1_b17']])] | [('mean', [('sum', ['1_c18']), ('sum', ['1_c17'])])] | ('lambda x: x * 2', [('mean', [('sum', ['1_c18']), ('sum', ['1_c17'])])]) |
| 17 | [ArgOr['1_a19']]          | [ArgOr['1_d19']]          | [ArgOr[('mean', ['2_a18'])]]                      | [('sum', [ArgOr['1_b19']])]                 | [('mean', [('sum', ['1_c19'])])]                     | ('lambda x: x * 2', [('mean', [('sum', ['1_c19'])])])                     |
+----+---------------------------+---------------------------+---------------------------------------------------+---------------------------------------------+------------------------------------------------------+---------------------------------------------------------------------------+

t0 <- table_ref(0); t1 <- table_ref(1); t2 <- join(t0, t1, [(0, 1), (0, 1)], True); t3 <- table_ref(2); t4 <- join(t2, t3, [(1, 2), (0, 0)], False); t5 <- group_sum(t4, (1, 2, 5), sum, 3); t6 <- group_sum(t5, (0,), mean, 3); t7 <- mutate_arithmetic(t6, lambda x: x * 2, (1,))
+----+---------+---------+----------+
|    |   COL_0 |   COL_1 |    COL_2 |
|----+---------+---------+----------|
|  0 |       1 | 5179.56 | 10359.1  |
|  1 |       2 |   68.82 |   137.64 |
|  2 |       3 |  879.16 |  1758.32 |
|  3 |       4 |  439.35 |   878.7  |
|  4 |       5 |   25.02 |    50.04 |
|  5 |       6 | 1335.01 |  2670.02 |
|  6 |       7 |   30.98 |    61.96 |
|  7 |       8 | 2204.54 |  4409.08 |
|  8 |       9 |   54.81 |   109.62 |
|  9 |      10 |  105.46 |   210.92 |
| 10 |      11 |  440.2  |   880.4  |
| 11 |      12 | 2200.91 |  4401.82 |
| 12 |      13 |  370.16 |   740.32 |
| 13 |      14 | 2854.09 |  5708.18 |
| 14 |      15 | 6387.85 | 12775.7  |
| 15 |      16 | 1736.7  |  3473.4  |
| 16 |      17 | 1432.34 |  2864.68 |
| 17 |      18 |   69.81 |   139.62 |
+----+---------+---------+----------+
+----+---------------------------+------------------------------------------------------+---------------------------------------------------------------------------+
|    | COL_0                     | COL_1                                                | COL_2                                                                     |
|----+---------------------------+------------------------------------------------------+---------------------------------------------------------------------------|
|  0 | [ArgOr['1_a1']]           | [('mean', [('sum', ['1_c1'])])]                      | ('lambda x: x * 2', [('mean', [('sum', ['1_c1'])])])                      |
|  1 | [ArgOr['1_a2']]           | [('mean', [('sum', ['1_c2'])])]                      | ('lambda x: x * 2', [('mean', [('sum', ['1_c2'])])])                      |
|  2 | [ArgOr['1_a3']]           | [('mean', [('sum', ['1_c3'])])]                      | ('lambda x: x * 2', [('mean', [('sum', ['1_c3'])])])                      |
|  3 | [ArgOr['1_a4']]           | [('mean', [('sum', ['1_c4'])])]                      | ('lambda x: x * 2', [('mean', [('sum', ['1_c4'])])])                      |
|  4 | [ArgOr['1_a5']]           | [('mean', [('sum', ['1_c5'])])]                      | ('lambda x: x * 2', [('mean', [('sum', ['1_c5'])])])                      |
|  5 | [ArgOr['1_a6']]           | [('mean', [('sum', ['1_c6'])])]                      | ('lambda x: x * 2', [('mean', [('sum', ['1_c6'])])])                      |
|  6 | [ArgOr['1_a7']]           | [('mean', [('sum', ['1_c7'])])]                      | ('lambda x: x * 2', [('mean', [('sum', ['1_c7'])])])                      |
|  7 | [ArgOr['1_a8']]           | [('mean', [('sum', ['1_c8'])])]                      | ('lambda x: x * 2', [('mean', [('sum', ['1_c8'])])])                      |
|  8 | [ArgOr['1_a9']]           | [('mean', [('sum', ['1_c9'])])]                      | ('lambda x: x * 2', [('mean', [('sum', ['1_c9'])])])                      |
|  9 | [ArgOr['1_a10']]          | [('mean', [('sum', ['1_c10'])])]                     | ('lambda x: x * 2', [('mean', [('sum', ['1_c10'])])])                     |
| 10 | [ArgOr['1_a11']]          | [('mean', [('sum', ['1_c11'])])]                     | ('lambda x: x * 2', [('mean', [('sum', ['1_c11'])])])                     |
| 11 | [ArgOr['1_a12']]          | [('mean', [('sum', ['1_c12'])])]                     | ('lambda x: x * 2', [('mean', [('sum', ['1_c12'])])])                     |
| 12 | [ArgOr['1_a13']]          | [('mean', [('sum', ['1_c13'])])]                     | ('lambda x: x * 2', [('mean', [('sum', ['1_c13'])])])                     |
| 13 | [ArgOr['1_a14']]          | [('mean', [('sum', ['1_c14'])])]                     | ('lambda x: x * 2', [('mean', [('sum', ['1_c14'])])])                     |
| 14 | [ArgOr['1_a15']]          | [('mean', [('sum', ['1_c15'])])]                     | ('lambda x: x * 2', [('mean', [('sum', ['1_c15'])])])                     |
| 15 | [ArgOr['1_a16']]          | [('mean', [('sum', ['1_c16'])])]                     | ('lambda x: x * 2', [('mean', [('sum', ['1_c16'])])])                     |
| 16 | [ArgOr['1_a17', '1_a18']] | [('mean', [('sum', ['1_c18']), ('sum', ['1_c17'])])] | ('lambda x: x * 2', [('mean', [('sum', ['1_c18']), ('sum', ['1_c17'])])]) |
| 17 | [ArgOr['1_a19']]          | [('mean', [('sum', ['1_c19'])])]                     | ('lambda x: x * 2', [('mean', [('sum', ['1_c19'])])])                     |
+----+---------------------------+------------------------------------------------------+---------------------------------------------------------------------------+

t0 <- table_ref(0); t1 <- table_ref(1); t2 <- join(t0, t1, [(0, 1), (0, 1)], True); t3 <- table_ref(2); t4 <- join(t2, t3, [(1, 2), (0, 0)], False); t5 <- group_sum(t4, (1, 2, 5), sum, 3); t6 <- group_sum(t5, (0,), ['sum', 'mean'], [1, 3]); t7 <- mutate_arithmetic(t6, lambda x: x * 2, (2,))
+----+---------+---------+---------+----------+
|    |   COL_0 |   COL_1 |   COL_2 |    COL_3 |
|----+---------+---------+---------+----------|
|  0 |       1 |       1 | 5179.56 | 10359.1  |
|  1 |       2 |       2 |   68.82 |   137.64 |
|  2 |       3 |       3 |  879.16 |  1758.32 |
|  3 |       4 |       4 |  439.35 |   878.7  |
|  4 |       5 |       5 |   25.02 |    50.04 |
|  5 |       6 |       6 | 1335.01 |  2670.02 |
|  6 |       7 |       7 |   30.98 |    61.96 |
|  7 |       8 |       8 | 2204.54 |  4409.08 |
|  8 |       9 |       9 |   54.81 |   109.62 |
|  9 |      10 |      10 |  105.46 |   210.92 |
| 10 |      11 |      11 |  440.2  |   880.4  |
| 11 |      12 |      12 | 2200.91 |  4401.82 |
| 12 |      13 |      13 |  370.16 |   740.32 |
| 13 |      14 |      14 | 2854.09 |  5708.18 |
| 14 |      15 |      15 | 6387.85 | 12775.7  |
| 15 |      16 |      16 | 1736.7  |  3473.4  |
| 16 |      17 |      35 | 1432.34 |  2864.68 |
| 17 |      18 |      19 |   69.81 |   139.62 |
+----+---------+---------+---------+----------+
+----+---------------------------+---------------------------------------------+------------------------------------------------------+---------------------------------------------------------------------------+
|    | COL_0                     | COL_1                                       | COL_2                                                | COL_3                                                                     |
|----+---------------------------+---------------------------------------------+------------------------------------------------------+---------------------------------------------------------------------------|
|  0 | [ArgOr['1_a1']]           | [('sum', [ArgOr['1_b1', '1_b1']])]          | [('mean', [('sum', ['1_c1'])])]                      | ('lambda x: x * 2', [('mean', [('sum', ['1_c1'])])])                      |
|  1 | [ArgOr['1_a2']]           | [('sum', [ArgOr['1_b2']])]                  | [('mean', [('sum', ['1_c2'])])]                      | ('lambda x: x * 2', [('mean', [('sum', ['1_c2'])])])                      |
|  2 | [ArgOr['1_a3']]           | [('sum', [ArgOr['1_b3']])]                  | [('mean', [('sum', ['1_c3'])])]                      | ('lambda x: x * 2', [('mean', [('sum', ['1_c3'])])])                      |
|  3 | [ArgOr['1_a4']]           | [('sum', [ArgOr['1_b4']])]                  | [('mean', [('sum', ['1_c4'])])]                      | ('lambda x: x * 2', [('mean', [('sum', ['1_c4'])])])                      |
|  4 | [ArgOr['1_a5']]           | [('sum', [ArgOr['1_b5']])]                  | [('mean', [('sum', ['1_c5'])])]                      | ('lambda x: x * 2', [('mean', [('sum', ['1_c5'])])])                      |
|  5 | [ArgOr['1_a6']]           | [('sum', [ArgOr['1_b6']])]                  | [('mean', [('sum', ['1_c6'])])]                      | ('lambda x: x * 2', [('mean', [('sum', ['1_c6'])])])                      |
|  6 | [ArgOr['1_a7']]           | [('sum', [ArgOr['1_b7']])]                  | [('mean', [('sum', ['1_c7'])])]                      | ('lambda x: x * 2', [('mean', [('sum', ['1_c7'])])])                      |
|  7 | [ArgOr['1_a8']]           | [('sum', [ArgOr['1_b8']])]                  | [('mean', [('sum', ['1_c8'])])]                      | ('lambda x: x * 2', [('mean', [('sum', ['1_c8'])])])                      |
|  8 | [ArgOr['1_a9']]           | [('sum', [ArgOr['1_b9']])]                  | [('mean', [('sum', ['1_c9'])])]                      | ('lambda x: x * 2', [('mean', [('sum', ['1_c9'])])])                      |
|  9 | [ArgOr['1_a10']]          | [('sum', [ArgOr['1_b10']])]                 | [('mean', [('sum', ['1_c10'])])]                     | ('lambda x: x * 2', [('mean', [('sum', ['1_c10'])])])                     |
| 10 | [ArgOr['1_a11']]          | [('sum', [ArgOr['1_b11']])]                 | [('mean', [('sum', ['1_c11'])])]                     | ('lambda x: x * 2', [('mean', [('sum', ['1_c11'])])])                     |
| 11 | [ArgOr['1_a12']]          | [('sum', [ArgOr['1_b12']])]                 | [('mean', [('sum', ['1_c12'])])]                     | ('lambda x: x * 2', [('mean', [('sum', ['1_c12'])])])                     |
| 12 | [ArgOr['1_a13']]          | [('sum', [ArgOr['1_b13']])]                 | [('mean', [('sum', ['1_c13'])])]                     | ('lambda x: x * 2', [('mean', [('sum', ['1_c13'])])])                     |
| 13 | [ArgOr['1_a14']]          | [('sum', [ArgOr['1_b14']])]                 | [('mean', [('sum', ['1_c14'])])]                     | ('lambda x: x * 2', [('mean', [('sum', ['1_c14'])])])                     |
| 14 | [ArgOr['1_a15']]          | [('sum', [ArgOr['1_b15']])]                 | [('mean', [('sum', ['1_c15'])])]                     | ('lambda x: x * 2', [('mean', [('sum', ['1_c15'])])])                     |
| 15 | [ArgOr['1_a16']]          | [('sum', [ArgOr['1_b16']])]                 | [('mean', [('sum', ['1_c16'])])]                     | ('lambda x: x * 2', [('mean', [('sum', ['1_c16'])])])                     |
| 16 | [ArgOr['1_a17', '1_a18']] | [('sum', [ArgOr['1_b18'], ArgOr['1_b17']])] | [('mean', [('sum', ['1_c18']), ('sum', ['1_c17'])])] | ('lambda x: x * 2', [('mean', [('sum', ['1_c18']), ('sum', ['1_c17'])])]) |
| 17 | [ArgOr['1_a19']]          | [('sum', [ArgOr['1_b19']])]                 | [('mean', [('sum', ['1_c19'])])]                     | ('lambda x: x * 2', [('mean', [('sum', ['1_c19'])])])                     |
+----+---------------------------+---------------------------------------------+------------------------------------------------------+---------------------------------------------------------------------------+

t0 <- table_ref(0); t1 <- table_ref(1); t2 <- join(t0, t1, [(0, 1), (0, 1)], True); t3 <- table_ref(2); t4 <- join(t2, t3, [(1, 2), (0, 0)], False); t5 <- group_sum(t4, (1, 2, 5), sum, 3); t6 <- group_sum(t5, (0,), ['sum', 'mean'], [2, 3]); t7 <- mutate_arithmetic(t6, lambda x: x * 2, (2,))
+----+---------+---------+---------+----------+
|    |   COL_0 |   COL_1 |   COL_2 |    COL_3 |
|----+---------+---------+---------+----------|
|  0 |       1 |       1 | 5179.56 | 10359.1  |
|  1 |       2 |       2 |   68.82 |   137.64 |
|  2 |       3 |       3 |  879.16 |  1758.32 |
|  3 |       4 |       4 |  439.35 |   878.7  |
|  4 |       5 |       5 |   25.02 |    50.04 |
|  5 |       6 |       6 | 1335.01 |  2670.02 |
|  6 |       7 |       7 |   30.98 |    61.96 |
|  7 |       8 |       8 | 2204.54 |  4409.08 |
|  8 |       9 |       9 |   54.81 |   109.62 |
|  9 |      10 |      10 |  105.46 |   210.92 |
| 10 |      11 |      11 |  440.2  |   880.4  |
| 11 |      12 |      12 | 2200.91 |  4401.82 |
| 12 |      13 |      13 |  370.16 |   740.32 |
| 13 |      14 |      14 | 2854.09 |  5708.18 |
| 14 |      15 |      15 | 6387.85 | 12775.7  |
| 15 |      16 |      16 | 1736.7  |  3473.4  |
| 16 |      17 |      34 | 1432.34 |  2864.68 |
| 17 |      18 |      18 |   69.81 |   139.62 |
+----+---------+---------+---------+----------+
+----+---------------------------+------------------------------------+------------------------------------------------------+---------------------------------------------------------------------------+
|    | COL_0                     | COL_1                              | COL_2                                                | COL_3                                                                     |
|----+---------------------------+------------------------------------+------------------------------------------------------+---------------------------------------------------------------------------|
|  0 | [ArgOr['1_a1']]           | [('sum', [ArgOr['2_a1', '2_a1']])] | [('mean', [('sum', ['1_c1'])])]                      | ('lambda x: x * 2', [('mean', [('sum', ['1_c1'])])])                      |
|  1 | [ArgOr['1_a2']]           | [('sum', [ArgOr['2_a2']])]         | [('mean', [('sum', ['1_c2'])])]                      | ('lambda x: x * 2', [('mean', [('sum', ['1_c2'])])])                      |
|  2 | [ArgOr['1_a3']]           | [('sum', [ArgOr['2_a3']])]         | [('mean', [('sum', ['1_c3'])])]                      | ('lambda x: x * 2', [('mean', [('sum', ['1_c3'])])])                      |
|  3 | [ArgOr['1_a4']]           | [('sum', [ArgOr['2_a4']])]         | [('mean', [('sum', ['1_c4'])])]                      | ('lambda x: x * 2', [('mean', [('sum', ['1_c4'])])])                      |
|  4 | [ArgOr['1_a5']]           | [('sum', [ArgOr['2_a5']])]         | [('mean', [('sum', ['1_c5'])])]                      | ('lambda x: x * 2', [('mean', [('sum', ['1_c5'])])])                      |
|  5 | [ArgOr['1_a6']]           | [('sum', [ArgOr['2_a6']])]         | [('mean', [('sum', ['1_c6'])])]                      | ('lambda x: x * 2', [('mean', [('sum', ['1_c6'])])])                      |
|  6 | [ArgOr['1_a7']]           | [('sum', [ArgOr['2_a7']])]         | [('mean', [('sum', ['1_c7'])])]                      | ('lambda x: x * 2', [('mean', [('sum', ['1_c7'])])])                      |
|  7 | [ArgOr['1_a8']]           | [('sum', [ArgOr['2_a8']])]         | [('mean', [('sum', ['1_c8'])])]                      | ('lambda x: x * 2', [('mean', [('sum', ['1_c8'])])])                      |
|  8 | [ArgOr['1_a9']]           | [('sum', [ArgOr['2_a9']])]         | [('mean', [('sum', ['1_c9'])])]                      | ('lambda x: x * 2', [('mean', [('sum', ['1_c9'])])])                      |
|  9 | [ArgOr['1_a10']]          | [('sum', [ArgOr['2_a10']])]        | [('mean', [('sum', ['1_c10'])])]                     | ('lambda x: x * 2', [('mean', [('sum', ['1_c10'])])])                     |
| 10 | [ArgOr['1_a11']]          | [('sum', [ArgOr['2_a11']])]        | [('mean', [('sum', ['1_c11'])])]                     | ('lambda x: x * 2', [('mean', [('sum', ['1_c11'])])])                     |
| 11 | [ArgOr['1_a12']]          | [('sum', [ArgOr['2_a12']])]        | [('mean', [('sum', ['1_c12'])])]                     | ('lambda x: x * 2', [('mean', [('sum', ['1_c12'])])])                     |
| 12 | [ArgOr['1_a13']]          | [('sum', [ArgOr['2_a13']])]        | [('mean', [('sum', ['1_c13'])])]                     | ('lambda x: x * 2', [('mean', [('sum', ['1_c13'])])])                     |
| 13 | [ArgOr['1_a14']]          | [('sum', [ArgOr['2_a14']])]        | [('mean', [('sum', ['1_c14'])])]                     | ('lambda x: x * 2', [('mean', [('sum', ['1_c14'])])])                     |
| 14 | [ArgOr['1_a15']]          | [('sum', [ArgOr['2_a15']])]        | [('mean', [('sum', ['1_c15'])])]                     | ('lambda x: x * 2', [('mean', [('sum', ['1_c15'])])])                     |
| 15 | [ArgOr['1_a16']]          | [('sum', [ArgOr['2_a16']])]        | [('mean', [('sum', ['1_c16'])])]                     | ('lambda x: x * 2', [('mean', [('sum', ['1_c16'])])])                     |
| 16 | [ArgOr['1_a17', '1_a18']] | [('sum', [ArgOr['2_a17']])]        | [('mean', [('sum', ['1_c18']), ('sum', ['1_c17'])])] | ('lambda x: x * 2', [('mean', [('sum', ['1_c18']), ('sum', ['1_c17'])])]) |
| 17 | [ArgOr['1_a19']]          | [('sum', [ArgOr['2_a18']])]        | [('mean', [('sum', ['1_c19'])])]                     | ('lambda x: x * 2', [('mean', [('sum', ['1_c19'])])])                     |
+----+---------------------------+------------------------------------+------------------------------------------------------+---------------------------------------------------------------------------+

t0 <- table_ref(0); t1 <- table_ref(1); t2 <- join(t0, t1, [(0, 1), (0, 1)], True); t3 <- table_ref(2); t4 <- join(t2, t3, [(1, 2), (0, 0)], False); t5 <- group_sum(t4, (1, 2, 5), sum, 3); t6 <- group_sum(t5, (0, 2), mean, 3); t7 <- mutate_arithmetic(t6, lambda x: x * 2, (2,))
+----+---------+---------+---------+----------+
|    |   COL_0 |   COL_1 |   COL_2 |    COL_3 |
|----+---------+---------+---------+----------|
|  0 |       1 |       1 | 5179.56 | 10359.1  |
|  1 |       2 |       2 |   68.82 |   137.64 |
|  2 |       3 |       3 |  879.16 |  1758.32 |
|  3 |       4 |       4 |  439.35 |   878.7  |
|  4 |       5 |       5 |   25.02 |    50.04 |
|  5 |       6 |       6 | 1335.01 |  2670.02 |
|  6 |       7 |       7 |   30.98 |    61.96 |
|  7 |       8 |       8 | 2204.54 |  4409.08 |
|  8 |       9 |       9 |   54.81 |   109.62 |
|  9 |      10 |      10 |  105.46 |   210.92 |
| 10 |      11 |      11 |  440.2  |   880.4  |
| 11 |      12 |      12 | 2200.91 |  4401.82 |
| 12 |      13 |      13 |  370.16 |   740.32 |
| 13 |      14 |      14 | 2854.09 |  5708.18 |
| 14 |      15 |      15 | 6387.85 | 12775.7  |
| 15 |      16 |      16 | 1736.7  |  3473.4  |
| 16 |      17 |      17 | 1432.34 |  2864.68 |
| 17 |      18 |      18 |   69.81 |   139.62 |
+----+---------+---------+---------+----------+
+----+---------------------------+---------------------------+------------------------------------------------------+---------------------------------------------------------------------------+
|    | COL_0                     | COL_1                     | COL_2                                                | COL_3                                                                     |
|----+---------------------------+---------------------------+------------------------------------------------------+---------------------------------------------------------------------------|
|  0 | [ArgOr['1_a1']]           | [ArgOr['2_a1']]           | [('mean', [('sum', ['1_c1'])])]                      | ('lambda x: x * 2', [('mean', [('sum', ['1_c1'])])])                      |
|  1 | [ArgOr['1_a2']]           | [ArgOr['2_a2']]           | [('mean', [('sum', ['1_c2'])])]                      | ('lambda x: x * 2', [('mean', [('sum', ['1_c2'])])])                      |
|  2 | [ArgOr['1_a3']]           | [ArgOr['2_a3']]           | [('mean', [('sum', ['1_c3'])])]                      | ('lambda x: x * 2', [('mean', [('sum', ['1_c3'])])])                      |
|  3 | [ArgOr['1_a4']]           | [ArgOr['2_a4']]           | [('mean', [('sum', ['1_c4'])])]                      | ('lambda x: x * 2', [('mean', [('sum', ['1_c4'])])])                      |
|  4 | [ArgOr['1_a5']]           | [ArgOr['2_a5']]           | [('mean', [('sum', ['1_c5'])])]                      | ('lambda x: x * 2', [('mean', [('sum', ['1_c5'])])])                      |
|  5 | [ArgOr['1_a6']]           | [ArgOr['2_a6']]           | [('mean', [('sum', ['1_c6'])])]                      | ('lambda x: x * 2', [('mean', [('sum', ['1_c6'])])])                      |
|  6 | [ArgOr['1_a7']]           | [ArgOr['2_a7']]           | [('mean', [('sum', ['1_c7'])])]                      | ('lambda x: x * 2', [('mean', [('sum', ['1_c7'])])])                      |
|  7 | [ArgOr['1_a8']]           | [ArgOr['2_a8']]           | [('mean', [('sum', ['1_c8'])])]                      | ('lambda x: x * 2', [('mean', [('sum', ['1_c8'])])])                      |
|  8 | [ArgOr['1_a9']]           | [ArgOr['2_a9']]           | [('mean', [('sum', ['1_c9'])])]                      | ('lambda x: x * 2', [('mean', [('sum', ['1_c9'])])])                      |
|  9 | [ArgOr['1_a10']]          | [ArgOr['2_a10']]          | [('mean', [('sum', ['1_c10'])])]                     | ('lambda x: x * 2', [('mean', [('sum', ['1_c10'])])])                     |
| 10 | [ArgOr['1_a11']]          | [ArgOr['2_a11']]          | [('mean', [('sum', ['1_c11'])])]                     | ('lambda x: x * 2', [('mean', [('sum', ['1_c11'])])])                     |
| 11 | [ArgOr['1_a12']]          | [ArgOr['2_a12']]          | [('mean', [('sum', ['1_c12'])])]                     | ('lambda x: x * 2', [('mean', [('sum', ['1_c12'])])])                     |
| 12 | [ArgOr['1_a13']]          | [ArgOr['2_a13']]          | [('mean', [('sum', ['1_c13'])])]                     | ('lambda x: x * 2', [('mean', [('sum', ['1_c13'])])])                     |
| 13 | [ArgOr['1_a14']]          | [ArgOr['2_a14']]          | [('mean', [('sum', ['1_c14'])])]                     | ('lambda x: x * 2', [('mean', [('sum', ['1_c14'])])])                     |
| 14 | [ArgOr['1_a15']]          | [ArgOr['2_a15']]          | [('mean', [('sum', ['1_c15'])])]                     | ('lambda x: x * 2', [('mean', [('sum', ['1_c15'])])])                     |
| 15 | [ArgOr['1_a16']]          | [ArgOr['2_a16']]          | [('mean', [('sum', ['1_c16'])])]                     | ('lambda x: x * 2', [('mean', [('sum', ['1_c16'])])])                     |
| 16 | [ArgOr['1_a17', '1_a18']] | [ArgOr['2_a17', '2_a17']] | [('mean', [('sum', ['1_c18']), ('sum', ['1_c17'])])] | ('lambda x: x * 2', [('mean', [('sum', ['1_c18']), ('sum', ['1_c17'])])]) |
| 17 | [ArgOr['1_a19']]          | [ArgOr['2_a18']]          | [('mean', [('sum', ['1_c19'])])]                     | ('lambda x: x * 2', [('mean', [('sum', ['1_c19'])])])                     |
+----+---------------------------+---------------------------+------------------------------------------------------+---------------------------------------------------------------------------+

t0 <- table_ref(0); t1 <- table_ref(1); t2 <- join(t0, t1, [(0, 1), (0, 1)], True); t3 <- table_ref(2); t4 <- join(t2, t3, [(1, 2), (0, 0)], False); t5 <- group_sum(t4, (1, 2, 5), sum, 3); t6 <- group_sum(t5, (0, 2), ['sum', 'mean'], [1, 3]); t7 <- mutate_arithmetic(t6, lambda x: x * 2, (3,))
+----+---------+---------+---------+---------+----------+
|    |   COL_0 |   COL_1 |   COL_2 |   COL_3 |    COL_4 |
|----+---------+---------+---------+---------+----------|
|  0 |       1 |       1 |       1 | 5179.56 | 10359.1  |
|  1 |       2 |       2 |       2 |   68.82 |   137.64 |
|  2 |       3 |       3 |       3 |  879.16 |  1758.32 |
|  3 |       4 |       4 |       4 |  439.35 |   878.7  |
|  4 |       5 |       5 |       5 |   25.02 |    50.04 |
|  5 |       6 |       6 |       6 | 1335.01 |  2670.02 |
|  6 |       7 |       7 |       7 |   30.98 |    61.96 |
|  7 |       8 |       8 |       8 | 2204.54 |  4409.08 |
|  8 |       9 |       9 |       9 |   54.81 |   109.62 |
|  9 |      10 |      10 |      10 |  105.46 |   210.92 |
| 10 |      11 |      11 |      11 |  440.2  |   880.4  |
| 11 |      12 |      12 |      12 | 2200.91 |  4401.82 |
| 12 |      13 |      13 |      13 |  370.16 |   740.32 |
| 13 |      14 |      14 |      14 | 2854.09 |  5708.18 |
| 14 |      15 |      15 |      15 | 6387.85 | 12775.7  |
| 15 |      16 |      16 |      16 | 1736.7  |  3473.4  |
| 16 |      17 |      17 |      35 | 1432.34 |  2864.68 |
| 17 |      18 |      18 |      19 |   69.81 |   139.62 |
+----+---------+---------+---------+---------+----------+
+----+---------------------------+---------------------------+---------------------------------------------+------------------------------------------------------+---------------------------------------------------------------------------+
|    | COL_0                     | COL_1                     | COL_2                                       | COL_3                                                | COL_4                                                                     |
|----+---------------------------+---------------------------+---------------------------------------------+------------------------------------------------------+---------------------------------------------------------------------------|
|  0 | [ArgOr['1_a1']]           | [ArgOr['2_a1']]           | [('sum', [ArgOr['1_b1', '1_b1']])]          | [('mean', [('sum', ['1_c1'])])]                      | ('lambda x: x * 2', [('mean', [('sum', ['1_c1'])])])                      |
|  1 | [ArgOr['1_a2']]           | [ArgOr['2_a2']]           | [('sum', [ArgOr['1_b2']])]                  | [('mean', [('sum', ['1_c2'])])]                      | ('lambda x: x * 2', [('mean', [('sum', ['1_c2'])])])                      |
|  2 | [ArgOr['1_a3']]           | [ArgOr['2_a3']]           | [('sum', [ArgOr['1_b3']])]                  | [('mean', [('sum', ['1_c3'])])]                      | ('lambda x: x * 2', [('mean', [('sum', ['1_c3'])])])                      |
|  3 | [ArgOr['1_a4']]           | [ArgOr['2_a4']]           | [('sum', [ArgOr['1_b4']])]                  | [('mean', [('sum', ['1_c4'])])]                      | ('lambda x: x * 2', [('mean', [('sum', ['1_c4'])])])                      |
|  4 | [ArgOr['1_a5']]           | [ArgOr['2_a5']]           | [('sum', [ArgOr['1_b5']])]                  | [('mean', [('sum', ['1_c5'])])]                      | ('lambda x: x * 2', [('mean', [('sum', ['1_c5'])])])                      |
|  5 | [ArgOr['1_a6']]           | [ArgOr['2_a6']]           | [('sum', [ArgOr['1_b6']])]                  | [('mean', [('sum', ['1_c6'])])]                      | ('lambda x: x * 2', [('mean', [('sum', ['1_c6'])])])                      |
|  6 | [ArgOr['1_a7']]           | [ArgOr['2_a7']]           | [('sum', [ArgOr['1_b7']])]                  | [('mean', [('sum', ['1_c7'])])]                      | ('lambda x: x * 2', [('mean', [('sum', ['1_c7'])])])                      |
|  7 | [ArgOr['1_a8']]           | [ArgOr['2_a8']]           | [('sum', [ArgOr['1_b8']])]                  | [('mean', [('sum', ['1_c8'])])]                      | ('lambda x: x * 2', [('mean', [('sum', ['1_c8'])])])                      |
|  8 | [ArgOr['1_a9']]           | [ArgOr['2_a9']]           | [('sum', [ArgOr['1_b9']])]                  | [('mean', [('sum', ['1_c9'])])]                      | ('lambda x: x * 2', [('mean', [('sum', ['1_c9'])])])                      |
|  9 | [ArgOr['1_a10']]          | [ArgOr['2_a10']]          | [('sum', [ArgOr['1_b10']])]                 | [('mean', [('sum', ['1_c10'])])]                     | ('lambda x: x * 2', [('mean', [('sum', ['1_c10'])])])                     |
| 10 | [ArgOr['1_a11']]          | [ArgOr['2_a11']]          | [('sum', [ArgOr['1_b11']])]                 | [('mean', [('sum', ['1_c11'])])]                     | ('lambda x: x * 2', [('mean', [('sum', ['1_c11'])])])                     |
| 11 | [ArgOr['1_a12']]          | [ArgOr['2_a12']]          | [('sum', [ArgOr['1_b12']])]                 | [('mean', [('sum', ['1_c12'])])]                     | ('lambda x: x * 2', [('mean', [('sum', ['1_c12'])])])                     |
| 12 | [ArgOr['1_a13']]          | [ArgOr['2_a13']]          | [('sum', [ArgOr['1_b13']])]                 | [('mean', [('sum', ['1_c13'])])]                     | ('lambda x: x * 2', [('mean', [('sum', ['1_c13'])])])                     |
| 13 | [ArgOr['1_a14']]          | [ArgOr['2_a14']]          | [('sum', [ArgOr['1_b14']])]                 | [('mean', [('sum', ['1_c14'])])]                     | ('lambda x: x * 2', [('mean', [('sum', ['1_c14'])])])                     |
| 14 | [ArgOr['1_a15']]          | [ArgOr['2_a15']]          | [('sum', [ArgOr['1_b15']])]                 | [('mean', [('sum', ['1_c15'])])]                     | ('lambda x: x * 2', [('mean', [('sum', ['1_c15'])])])                     |
| 15 | [ArgOr['1_a16']]          | [ArgOr['2_a16']]          | [('sum', [ArgOr['1_b16']])]                 | [('mean', [('sum', ['1_c16'])])]                     | ('lambda x: x * 2', [('mean', [('sum', ['1_c16'])])])                     |
| 16 | [ArgOr['1_a17', '1_a18']] | [ArgOr['2_a17', '2_a17']] | [('sum', [ArgOr['1_b18'], ArgOr['1_b17']])] | [('mean', [('sum', ['1_c18']), ('sum', ['1_c17'])])] | ('lambda x: x * 2', [('mean', [('sum', ['1_c18']), ('sum', ['1_c17'])])]) |
| 17 | [ArgOr['1_a19']]          | [ArgOr['2_a18']]          | [('sum', [ArgOr['1_b19']])]                 | [('mean', [('sum', ['1_c19'])])]                     | ('lambda x: x * 2', [('mean', [('sum', ['1_c19'])])])                     |
+----+---------------------------+---------------------------+---------------------------------------------+------------------------------------------------------+---------------------------------------------------------------------------+

number of programs: 937
