{'i_item_sk': 1.0, 'i_item_id': 'AAAAAAAABAAAAAAA'},
{'i_item_sk': 2.0, 'i_item_id': 'AAAAAAAACAAAAAAA'},
{'i_item_sk': 4.0, 'i_item_id': 'AAAAAAAAEAAAAAAA'},
{'i_item_sk': 5.0, 'i_item_id': 'AAAAAAAAEAAAAAAA'},
{'i_item_sk': 8.0, 'i_item_id': 'AAAAAAAAIAAAAAAA'},
{'i_item_sk': 10.0, 'i_item_id': 'AAAAAAAAKAAAAAAA'},
{'i_item_sk': 11.0, 'i_item_id': 'AAAAAAAAKAAAAAAA'},
{'i_item_sk': 14.0, 'i_item_id': 'AAAAAAAAOAAAAAAA'},
{'i_item_sk': 16.0, 'i_item_id': 'AAAAAAAAABAAAAAA'},
{'i_item_sk': 17.0, 'i_item_id': 'AAAAAAAAABAAAAAA'},
{'i_item_sk': 20.0, 'i_item_id': 'AAAAAAAAEBAAAAAA'},
{'i_item_sk': 22.0, 'i_item_id': 'AAAAAAAAGBAAAAAA'},
{'i_item_sk': 23.0, 'i_item_id': 'AAAAAAAAGBAAAAAA'},
{'i_item_sk': 26.0, 'i_item_id': 'AAAAAAAAKBAAAAAA'},
{'i_item_sk': 28.0, 'i_item_id': 'AAAAAAAAMBAAAAAA'},
{'i_item_sk': 29.0, 'i_item_id': 'AAAAAAAAMBAAAAAA'},
{'i_item_sk': 32.0, 'i_item_id': 'AAAAAAAAACAAAAAA'},
{'i_item_sk': 34.0, 'i_item_id': 'AAAAAAAACCAAAAAA'},
{'i_item_sk': 35.0, 'i_item_id': 'AAAAAAAACCAAAAAA'},
{'i_item_sk': 38.0, 'i_item_id': 'AAAAAAAAGCAAAAAA'},
{'i_item_sk': 40.0, 'i_item_id': 'AAAAAAAAICAAAAAA'},
{'i_item_sk': 41.0, 'i_item_id': 'AAAAAAAAICAAAAAA'},
{'i_item_sk': 44.0, 'i_item_id': 'AAAAAAAAMCAAAAAA'},
{'i_item_sk': 46.0, 'i_item_id': 'AAAAAAAAOCAAAAAA'},
{'i_item_sk': 47.0, 'i_item_id': 'AAAAAAAAOCAAAAAA'},
{'i_item_sk': 50.0, 'i_item_id': 'AAAAAAAACDAAAAAA'},
{'i_item_sk': 52.0, 'i_item_id': 'AAAAAAAAEDAAAAAA'},
{'i_item_sk': 53.0, 'i_item_id': 'AAAAAAAAEDAAAAAA'},
{'i_item_sk': 56.0, 'i_item_id': 'AAAAAAAAIDAAAAAA'},
{'i_item_sk': 58.0, 'i_item_id': 'AAAAAAAAKDAAAAAA'},
{'i_item_sk': 59.0, 'i_item_id': 'AAAAAAAAKDAAAAAA'},
{'i_item_sk': 62.0, 'i_item_id': 'AAAAAAAAODAAAAAA'},
{'i_item_sk': 64.0, 'i_item_id': 'AAAAAAAAAEAAAAAA'},
{'i_item_sk': 65.0, 'i_item_id': 'AAAAAAAAAEAAAAAA'},
{'i_item_sk': 68.0, 'i_item_id': 'AAAAAAAAEEAAAAAA'},
{'i_item_sk': 70.0, 'i_item_id': 'AAAAAAAAGEAAAAAA'},
{'i_item_sk': 71.0, 'i_item_id': 'AAAAAAAAGEAAAAAA'},
{'i_item_sk': 74.0, 'i_item_id': 'AAAAAAAAKEAAAAAA'},
{'i_item_sk': 76.0, 'i_item_id': 'AAAAAAAAMEAAAAAA'},
{'i_item_sk': 77.0, 'i_item_id': 'AAAAAAAAMEAAAAAA'},
{'i_item_sk': 80.0, 'i_item_id': 'AAAAAAAAAFAAAAAA'},
{'i_item_sk': 82.0, 'i_item_id': 'AAAAAAAACFAAAAAA'},
{'i_item_sk': 83.0, 'i_item_id': 'AAAAAAAACFAAAAAA'},
{'i_item_sk': 86.0, 'i_item_id': 'AAAAAAAAGFAAAAAA'},
{'i_item_sk': 88.0, 'i_item_id': 'AAAAAAAAIFAAAAAA'},
{'i_item_sk': 89.0, 'i_item_id': 'AAAAAAAAIFAAAAAA'},
{'i_item_sk': 92.0, 'i_item_id': 'AAAAAAAAMFAAAAAA'},
{'i_item_sk': 94.0, 'i_item_id': 'AAAAAAAAOFAAAAAA'},
{'i_item_sk': 95.0, 'i_item_id': 'AAAAAAAAOFAAAAAA'},
{'i_item_sk': 98.0, 'i_item_id': 'AAAAAAAACGAAAAAA'},
{'i_item_sk': 100.0, 'i_item_id': 'AAAAAAAAEGAAAAAA'},
{'i_item_sk': 101.0, 'i_item_id': 'AAAAAAAAEGAAAAAA'},
{'i_item_sk': 104.0, 'i_item_id': 'AAAAAAAAIGAAAAAA'},
{'i_item_sk': 106.0, 'i_item_id': 'AAAAAAAAKGAAAAAA'},
{'i_item_sk': 107.0, 'i_item_id': 'AAAAAAAAKGAAAAAA'},
{'i_item_sk': 110.0, 'i_item_id': 'AAAAAAAAOGAAAAAA'},
{'i_item_sk': 112.0, 'i_item_id': 'AAAAAAAAAHAAAAAA'},
{'i_item_sk': 113.0, 'i_item_id': 'AAAAAAAAAHAAAAAA'},
{'i_item_sk': 116.0, 'i_item_id': 'AAAAAAAAEHAAAAAA'},
{'i_item_sk': 118.0, 'i_item_id': 'AAAAAAAAGHAAAAAA'},
{'i_item_sk': 119.0, 'i_item_id': 'AAAAAAAAGHAAAAAA'},
{'i_item_sk': 122.0, 'i_item_id': 'AAAAAAAAKHAAAAAA'},
{'i_item_sk': 124.0, 'i_item_id': 'AAAAAAAAMHAAAAAA'},
{'i_item_sk': 125.0, 'i_item_id': 'AAAAAAAAMHAAAAAA'},
{'i_item_sk': 128.0, 'i_item_id': 'AAAAAAAAAIAAAAAA'},
{'i_item_sk': 130.0, 'i_item_id': 'AAAAAAAACIAAAAAA'},
{'i_item_sk': 131.0, 'i_item_id': 'AAAAAAAACIAAAAAA'},
{'i_item_sk': 134.0, 'i_item_id': 'AAAAAAAAGIAAAAAA'},
{'i_item_sk': 136.0, 'i_item_id': 'AAAAAAAAIIAAAAAA'},
{'i_item_sk': 137.0, 'i_item_id': 'AAAAAAAAIIAAAAAA'},
{'i_item_sk': 140.0, 'i_item_id': 'AAAAAAAAMIAAAAAA'},
{'i_item_sk': 142.0, 'i_item_id': 'AAAAAAAAOIAAAAAA'},
{'i_item_sk': 143.0, 'i_item_id': 'AAAAAAAAOIAAAAAA'},
{'i_item_sk': 146.0, 'i_item_id': 'AAAAAAAACJAAAAAA'},
{'i_item_sk': 148.0, 'i_item_id': 'AAAAAAAAEJAAAAAA'},
{'i_item_sk': 149.0, 'i_item_id': 'AAAAAAAAEJAAAAAA'},
{'i_item_sk': 152.0, 'i_item_id': 'AAAAAAAAIJAAAAAA'},
{'i_item_sk': 154.0, 'i_item_id': 'AAAAAAAAKJAAAAAA'},
{'i_item_sk': 155.0, 'i_item_id': 'AAAAAAAAKJAAAAAA'},
{'i_item_sk': 158.0, 'i_item_id': 'AAAAAAAAOJAAAAAA'},
{'i_item_sk': 160.0, 'i_item_id': 'AAAAAAAAAKAAAAAA'},
{'i_item_sk': 161.0, 'i_item_id': 'AAAAAAAAAKAAAAAA'},
{'i_item_sk': 164.0, 'i_item_id': 'AAAAAAAAEKAAAAAA'},
{'i_item_sk': 166.0, 'i_item_id': 'AAAAAAAAGKAAAAAA'},
{'i_item_sk': 167.0, 'i_item_id': 'AAAAAAAAGKAAAAAA'},
{'i_item_sk': 170.0, 'i_item_id': 'AAAAAAAAKKAAAAAA'},
{'i_item_sk': 172.0, 'i_item_id': 'AAAAAAAAMKAAAAAA'},
{'i_item_sk': 173.0, 'i_item_id': 'AAAAAAAAMKAAAAAA'},
{'i_item_sk': 176.0, 'i_item_id': 'AAAAAAAAALAAAAAA'},
{'i_item_sk': 178.0, 'i_item_id': 'AAAAAAAACLAAAAAA'},
{'i_item_sk': 179.0, 'i_item_id': 'AAAAAAAACLAAAAAA'},
{'i_item_sk': 182.0, 'i_item_id': 'AAAAAAAAGLAAAAAA'},
{'i_item_sk': 184.0, 'i_item_id': 'AAAAAAAAILAAAAAA'},
{'i_item_sk': 185.0, 'i_item_id': 'AAAAAAAAILAAAAAA'},
{'i_item_sk': 188.0, 'i_item_id': 'AAAAAAAAMLAAAAAA'},
{'i_item_sk': 190.0, 'i_item_id': 'AAAAAAAAOLAAAAAA'},
{'i_item_sk': 191.0, 'i_item_id': 'AAAAAAAAOLAAAAAA'},
{'i_item_sk': 194.0, 'i_item_id': 'AAAAAAAACMAAAAAA'},
{'i_item_sk': 196.0, 'i_item_id': 'AAAAAAAAEMAAAAAA'},
{'i_item_sk': 197.0, 'i_item_id': 'AAAAAAAAEMAAAAAA'},
{'i_item_sk': 200.0, 'i_item_id': 'AAAAAAAAIMAAAAAA'},
{'i_item_sk': 202.0, 'i_item_id': 'AAAAAAAAKMAAAAAA'},
{'i_item_sk': 203.0, 'i_item_id': 'AAAAAAAAKMAAAAAA'},
{'i_item_sk': 206.0, 'i_item_id': 'AAAAAAAAOMAAAAAA'},
{'i_item_sk': 208.0, 'i_item_id': 'AAAAAAAAANAAAAAA'},
{'i_item_sk': 209.0, 'i_item_id': 'AAAAAAAAANAAAAAA'},
{'i_item_sk': 212.0, 'i_item_id': 'AAAAAAAAENAAAAAA'},
{'i_item_sk': 214.0, 'i_item_id': 'AAAAAAAAGNAAAAAA'},
{'i_item_sk': 215.0, 'i_item_id': 'AAAAAAAAGNAAAAAA'},
{'i_item_sk': 218.0, 'i_item_id': 'AAAAAAAAKNAAAAAA'},
{'i_item_sk': 220.0, 'i_item_id': 'AAAAAAAAMNAAAAAA'},
{'i_item_sk': 221.0, 'i_item_id': 'AAAAAAAAMNAAAAAA'},
{'i_item_sk': 224.0, 'i_item_id': 'AAAAAAAAAOAAAAAA'},
{'i_item_sk': 226.0, 'i_item_id': 'AAAAAAAACOAAAAAA'},
{'i_item_sk': 227.0, 'i_item_id': 'AAAAAAAACOAAAAAA'},
{'i_item_sk': 230.0, 'i_item_id': 'AAAAAAAAGOAAAAAA'},
{'i_item_sk': 232.0, 'i_item_id': 'AAAAAAAAIOAAAAAA'},
{'i_item_sk': 233.0, 'i_item_id': 'AAAAAAAAIOAAAAAA'},
{'i_item_sk': 236.0, 'i_item_id': 'AAAAAAAAMOAAAAAA'},
{'i_item_sk': 238.0, 'i_item_id': 'AAAAAAAAOOAAAAAA'},
{'i_item_sk': 239.0, 'i_item_id': 'AAAAAAAAOOAAAAAA'},
{'i_item_sk': 242.0, 'i_item_id': 'AAAAAAAACPAAAAAA'},
{'i_item_sk': 244.0, 'i_item_id': 'AAAAAAAAEPAAAAAA'},
{'i_item_sk': 245.0, 'i_item_id': 'AAAAAAAAEPAAAAAA'},
{'i_item_sk': 248.0, 'i_item_id': 'AAAAAAAAIPAAAAAA'},
{'i_item_sk': 250.0, 'i_item_id': 'AAAAAAAAKPAAAAAA'},
{'i_item_sk': 251.0, 'i_item_id': 'AAAAAAAAKPAAAAAA'},
{'i_item_sk': 254.0, 'i_item_id': 'AAAAAAAAOPAAAAAA'},
{'i_item_sk': 256.0, 'i_item_id': 'AAAAAAAAAABAAAAA'},
{'i_item_sk': 257.0, 'i_item_id': 'AAAAAAAAAABAAAAA'},
{'i_item_sk': 260.0, 'i_item_id': 'AAAAAAAAEABAAAAA'},
{'i_item_sk': 262.0, 'i_item_id': 'AAAAAAAAGABAAAAA'},
{'i_item_sk': 263.0, 'i_item_id': 'AAAAAAAAGABAAAAA'},
{'i_item_sk': 266.0, 'i_item_id': 'AAAAAAAAKABAAAAA'},
{'i_item_sk': 268.0, 'i_item_id': 'AAAAAAAAMABAAAAA'},
{'i_item_sk': 269.0, 'i_item_id': 'AAAAAAAAMABAAAAA'},
{'i_item_sk': 272.0, 'i_item_id': 'AAAAAAAAABBAAAAA'},
{'i_item_sk': 274.0, 'i_item_id': 'AAAAAAAACBBAAAAA'},
{'i_item_sk': 275.0, 'i_item_id': 'AAAAAAAACBBAAAAA'},
{'i_item_sk': 278.0, 'i_item_id': 'AAAAAAAAGBBAAAAA'},
{'i_item_sk': 280.0, 'i_item_id': 'AAAAAAAAIBBAAAAA'},
{'i_item_sk': 281.0, 'i_item_id': 'AAAAAAAAIBBAAAAA'},
{'i_item_sk': 284.0, 'i_item_id': 'AAAAAAAAMBBAAAAA'},
{'i_item_sk': 286.0, 'i_item_id': 'AAAAAAAAOBBAAAAA'},
{'i_item_sk': 287.0, 'i_item_id': 'AAAAAAAAOBBAAAAA'},
{'i_item_sk': 290.0, 'i_item_id': 'AAAAAAAACCBAAAAA'},
{'i_item_sk': 292.0, 'i_item_id': 'AAAAAAAAECBAAAAA'},
{'i_item_sk': 293.0, 'i_item_id': 'AAAAAAAAECBAAAAA'},
{'i_item_sk': 296.0, 'i_item_id': 'AAAAAAAAICBAAAAA'},
{'i_item_sk': 298.0, 'i_item_id': 'AAAAAAAAKCBAAAAA'},
{'i_item_sk': 299.0, 'i_item_id': 'AAAAAAAAKCBAAAAA'},
{'i_item_sk': 302.0, 'i_item_id': 'AAAAAAAAOCBAAAAA'},
{'i_item_sk': 304.0, 'i_item_id': 'AAAAAAAAADBAAAAA'},
{'i_item_sk': 305.0, 'i_item_id': 'AAAAAAAAADBAAAAA'},
{'i_item_sk': 308.0, 'i_item_id': 'AAAAAAAAEDBAAAAA'},
{'i_item_sk': 310.0, 'i_item_id': 'AAAAAAAAGDBAAAAA'},
{'i_item_sk': 311.0, 'i_item_id': 'AAAAAAAAGDBAAAAA'},
{'i_item_sk': 314.0, 'i_item_id': 'AAAAAAAAKDBAAAAA'},
{'i_item_sk': 316.0, 'i_item_id': 'AAAAAAAAMDBAAAAA'},
{'i_item_sk': 317.0, 'i_item_id': 'AAAAAAAAMDBAAAAA'},
{'i_item_sk': 320.0, 'i_item_id': 'AAAAAAAAAEBAAAAA'},
{'i_item_sk': 322.0, 'i_item_id': 'AAAAAAAACEBAAAAA'},
{'i_item_sk': 323.0, 'i_item_id': 'AAAAAAAACEBAAAAA'},
{'i_item_sk': 326.0, 'i_item_id': 'AAAAAAAAGEBAAAAA'},
{'i_item_sk': 328.0, 'i_item_id': 'AAAAAAAAIEBAAAAA'},
{'i_item_sk': 329.0, 'i_item_id': 'AAAAAAAAIEBAAAAA'},
{'i_item_sk': 332.0, 'i_item_id': 'AAAAAAAAMEBAAAAA'},
{'i_item_sk': 334.0, 'i_item_id': 'AAAAAAAAOEBAAAAA'},
{'i_item_sk': 335.0, 'i_item_id': 'AAAAAAAAOEBAAAAA'},
{'i_item_sk': 338.0, 'i_item_id': 'AAAAAAAACFBAAAAA'},
{'i_item_sk': 340.0, 'i_item_id': 'AAAAAAAAEFBAAAAA'},
{'i_item_sk': 341.0, 'i_item_id': 'AAAAAAAAEFBAAAAA'},
{'i_item_sk': 344.0, 'i_item_id': 'AAAAAAAAIFBAAAAA'},
{'i_item_sk': 346.0, 'i_item_id': 'AAAAAAAAKFBAAAAA'},
{'i_item_sk': 347.0, 'i_item_id': 'AAAAAAAAKFBAAAAA'},
{'i_item_sk': 350.0, 'i_item_id': 'AAAAAAAAOFBAAAAA'},
{'i_item_sk': 352.0, 'i_item_id': 'AAAAAAAAAGBAAAAA'},
{'i_item_sk': 353.0, 'i_item_id': 'AAAAAAAAAGBAAAAA'},
{'i_item_sk': 356.0, 'i_item_id': 'AAAAAAAAEGBAAAAA'},
{'i_item_sk': 358.0, 'i_item_id': 'AAAAAAAAGGBAAAAA'},
{'i_item_sk': 359.0, 'i_item_id': 'AAAAAAAAGGBAAAAA'},
{'i_item_sk': 362.0, 'i_item_id': 'AAAAAAAAKGBAAAAA'},
{'i_item_sk': 364.0, 'i_item_id': 'AAAAAAAAMGBAAAAA'},
{'i_item_sk': 365.0, 'i_item_id': 'AAAAAAAAMGBAAAAA'},
{'i_item_sk': 368.0, 'i_item_id': 'AAAAAAAAAHBAAAAA'},
{'i_item_sk': 370.0, 'i_item_id': 'AAAAAAAACHBAAAAA'},
{'i_item_sk': 371.0, 'i_item_id': 'AAAAAAAACHBAAAAA'},
{'i_item_sk': 374.0, 'i_item_id': 'AAAAAAAAGHBAAAAA'},
{'i_item_sk': 376.0, 'i_item_id': 'AAAAAAAAIHBAAAAA'},
{'i_item_sk': 377.0, 'i_item_id': 'AAAAAAAAIHBAAAAA'},
{'i_item_sk': 380.0, 'i_item_id': 'AAAAAAAAMHBAAAAA'},
{'i_item_sk': 382.0, 'i_item_id': 'AAAAAAAAOHBAAAAA'},
{'i_item_sk': 383.0, 'i_item_id': 'AAAAAAAAOHBAAAAA'},
{'i_item_sk': 386.0, 'i_item_id': 'AAAAAAAACIBAAAAA'},
{'i_item_sk': 388.0, 'i_item_id': 'AAAAAAAAEIBAAAAA'},
{'i_item_sk': 389.0, 'i_item_id': 'AAAAAAAAEIBAAAAA'},
{'i_item_sk': 392.0, 'i_item_id': 'AAAAAAAAIIBAAAAA'},
{'i_item_sk': 394.0, 'i_item_id': 'AAAAAAAAKIBAAAAA'},
{'i_item_sk': 395.0, 'i_item_id': 'AAAAAAAAKIBAAAAA'},
{'i_item_sk': 398.0, 'i_item_id': 'AAAAAAAAOIBAAAAA'},
{'i_item_sk': 400.0, 'i_item_id': 'AAAAAAAAAJBAAAAA'},
{'i_item_sk': 401.0, 'i_item_id': 'AAAAAAAAAJBAAAAA'},
