{'p_promo_sk': 1.0},
{'p_promo_sk': 2.0},
{'p_promo_sk': 3.0},
{'p_promo_sk': 4.0},
{'p_promo_sk': 5.0},
{'p_promo_sk': 6.0},
{'p_promo_sk': 7.0},
{'p_promo_sk': 8.0},
{'p_promo_sk': 9.0},
{'p_promo_sk': 10.0},
{'p_promo_sk': 12.0},
{'p_promo_sk': 13.0},
{'p_promo_sk': 14.0},
{'p_promo_sk': 16.0},
{'p_promo_sk': 17.0},
{'p_promo_sk': 18.0},
{'p_promo_sk': 19.0},
{'p_promo_sk': 20.0},
{'p_promo_sk': 21.0},
{'p_promo_sk': 22.0},
{'p_promo_sk': 23.0},
{'p_promo_sk': 24.0},
{'p_promo_sk': 25.0},
{'p_promo_sk': 26.0},
{'p_promo_sk': 27.0},
{'p_promo_sk': 29.0},
{'p_promo_sk': 30.0},
{'p_promo_sk': 31.0},
{'p_promo_sk': 32.0},
{'p_promo_sk': 33.0},
{'p_promo_sk': 34.0},
{'p_promo_sk': 35.0},
{'p_promo_sk': 36.0},
{'p_promo_sk': 37.0},
{'p_promo_sk': 38.0},
{'p_promo_sk': 39.0},
{'p_promo_sk': 40.0},
{'p_promo_sk': 41.0},
{'p_promo_sk': 42.0},
{'p_promo_sk': 43.0},
{'p_promo_sk': 44.0},
{'p_promo_sk': 45.0},
{'p_promo_sk': 46.0},
{'p_promo_sk': 47.0},
{'p_promo_sk': 48.0},
{'p_promo_sk': 49.0},
{'p_promo_sk': 50.0},
{'p_promo_sk': 51.0},
{'p_promo_sk': 52.0},
{'p_promo_sk': 53.0},
{'p_promo_sk': 54.0},
{'p_promo_sk': 55.0},
{'p_promo_sk': 56.0},
{'p_promo_sk': 57.0},
{'p_promo_sk': 59.0},
{'p_promo_sk': 60.0},
{'p_promo_sk': 61.0},
{'p_promo_sk': 62.0},
{'p_promo_sk': 63.0},
{'p_promo_sk': 64.0},
{'p_promo_sk': 65.0},
{'p_promo_sk': 66.0},
{'p_promo_sk': 67.0},
{'p_promo_sk': 68.0},
{'p_promo_sk': 69.0},
{'p_promo_sk': 70.0},
{'p_promo_sk': 72.0},
{'p_promo_sk': 73.0},
{'p_promo_sk': 74.0},
{'p_promo_sk': 75.0},
{'p_promo_sk': 76.0},
{'p_promo_sk': 77.0},
{'p_promo_sk': 78.0},
{'p_promo_sk': 79.0},
{'p_promo_sk': 80.0},
{'p_promo_sk': 81.0},
{'p_promo_sk': 82.0},
{'p_promo_sk': 83.0},
{'p_promo_sk': 84.0},
{'p_promo_sk': 85.0},
{'p_promo_sk': 86.0},
{'p_promo_sk': 87.0},
{'p_promo_sk': 88.0},
{'p_promo_sk': 89.0},
{'p_promo_sk': 90.0},
{'p_promo_sk': 91.0},
{'p_promo_sk': 92.0},
{'p_promo_sk': 93.0},
{'p_promo_sk': 94.0},
{'p_promo_sk': 95.0},
{'p_promo_sk': 96.0},
{'p_promo_sk': 97.0},
{'p_promo_sk': 98.0},
{'p_promo_sk': 99.0},
{'p_promo_sk': 100.0},
{'p_promo_sk': 102.0},
{'p_promo_sk': 103.0},
{'p_promo_sk': 104.0},
{'p_promo_sk': 105.0},
{'p_promo_sk': 106.0},
{'p_promo_sk': 107.0},
{'p_promo_sk': 108.0},
{'p_promo_sk': 109.0},
{'p_promo_sk': 110.0},
{'p_promo_sk': 111.0},
{'p_promo_sk': 112.0},
{'p_promo_sk': 113.0},
{'p_promo_sk': 114.0},
{'p_promo_sk': 115.0},
{'p_promo_sk': 116.0},
{'p_promo_sk': 117.0},
{'p_promo_sk': 118.0},
{'p_promo_sk': 119.0},
{'p_promo_sk': 120.0},
{'p_promo_sk': 121.0},
{'p_promo_sk': 122.0},
{'p_promo_sk': 123.0},
{'p_promo_sk': 124.0},
{'p_promo_sk': 125.0},
{'p_promo_sk': 126.0},
{'p_promo_sk': 127.0},
{'p_promo_sk': 128.0},
{'p_promo_sk': 129.0},
{'p_promo_sk': 130.0},
{'p_promo_sk': 131.0},
{'p_promo_sk': 132.0},
{'p_promo_sk': 133.0},
{'p_promo_sk': 134.0},
{'p_promo_sk': 135.0},
{'p_promo_sk': 136.0},
{'p_promo_sk': 137.0},
{'p_promo_sk': 138.0},
{'p_promo_sk': 139.0},
{'p_promo_sk': 140.0},
{'p_promo_sk': 141.0},
{'p_promo_sk': 142.0},
{'p_promo_sk': 143.0},
{'p_promo_sk': 144.0},
{'p_promo_sk': 145.0},
{'p_promo_sk': 146.0},
{'p_promo_sk': 147.0},
{'p_promo_sk': 148.0},
{'p_promo_sk': 149.0},
{'p_promo_sk': 150.0},
{'p_promo_sk': 151.0},
{'p_promo_sk': 152.0},
{'p_promo_sk': 153.0},
{'p_promo_sk': 154.0},
{'p_promo_sk': 155.0},
{'p_promo_sk': 156.0},
{'p_promo_sk': 157.0},
{'p_promo_sk': 158.0},
{'p_promo_sk': 159.0},
{'p_promo_sk': 160.0},
{'p_promo_sk': 161.0},
{'p_promo_sk': 162.0},
{'p_promo_sk': 163.0},
{'p_promo_sk': 164.0},
{'p_promo_sk': 165.0},
{'p_promo_sk': 166.0},
{'p_promo_sk': 167.0},
{'p_promo_sk': 168.0},
{'p_promo_sk': 169.0},
{'p_promo_sk': 170.0},
{'p_promo_sk': 171.0},
{'p_promo_sk': 172.0},
{'p_promo_sk': 173.0},
{'p_promo_sk': 174.0},
{'p_promo_sk': 175.0},
{'p_promo_sk': 176.0},
{'p_promo_sk': 177.0},
{'p_promo_sk': 178.0},
{'p_promo_sk': 179.0},
{'p_promo_sk': 180.0},
{'p_promo_sk': 181.0},
{'p_promo_sk': 182.0},
{'p_promo_sk': 183.0},
{'p_promo_sk': 184.0},
{'p_promo_sk': 185.0},
{'p_promo_sk': 186.0},
{'p_promo_sk': 187.0},
{'p_promo_sk': 188.0},
{'p_promo_sk': 189.0},
{'p_promo_sk': 190.0},
{'p_promo_sk': 191.0},
{'p_promo_sk': 192.0},
{'p_promo_sk': 193.0},
{'p_promo_sk': 194.0},
{'p_promo_sk': 195.0},
{'p_promo_sk': 198.0},
{'p_promo_sk': 199.0},
{'p_promo_sk': 200.0},
{'p_promo_sk': 201.0},
{'p_promo_sk': 202.0},
{'p_promo_sk': 203.0},
{'p_promo_sk': 204.0},
{'p_promo_sk': 205.0},
{'p_promo_sk': 206.0},
{'p_promo_sk': 207.0},
{'p_promo_sk': 208.0},
{'p_promo_sk': 209.0},
{'p_promo_sk': 210.0},
{'cs_item_sk': 16930.0, 'cs_promo_sk': 196.0},
{'cs_item_sk': 6020.0, 'cs_promo_sk': 270.0},
{'cs_item_sk': 16198.0, 'cs_promo_sk': 97.0},
{'cs_item_sk': 6200.0, 'cs_promo_sk': 284.0},
{'cs_item_sk': 13831.0, 'cs_promo_sk': 176.0},
{'cs_item_sk': 9248.0, 'cs_promo_sk': 278.0},
{'cs_item_sk': 15668.0, 'cs_promo_sk': 207.0},
{'cs_item_sk': 15992.0, 'cs_promo_sk': 162.0},
{'cs_item_sk': 12248.0, 'cs_promo_sk': 72.0},
{'cs_item_sk': 8770.0, 'cs_promo_sk': 52.0},
{'cs_item_sk': 13858.0, 'cs_promo_sk': 131.0},
{'cs_item_sk': 6235.0, 'cs_promo_sk': 296.0},
{'cs_item_sk': 8707.0, 'cs_promo_sk': 271.0},
{'cs_item_sk': 17368.0, 'cs_promo_sk': 123.0},
{'cs_item_sk': 6295.0, 'cs_promo_sk': 131.0},
{'cs_item_sk': 6230.0, 'cs_promo_sk': 290.0},
{'cs_item_sk': 14458.0, 'cs_promo_sk': 272.0},
{'cs_item_sk': 17671.0, 'cs_promo_sk': 127.0},
{'cs_item_sk': 5971.0, 'cs_promo_sk': 170.0},
{'cs_item_sk': 10790.0, 'cs_promo_sk': 147.0},
{'cs_item_sk': 512.0, 'cs_promo_sk': 14.0},
{'cs_item_sk': 12622.0, 'cs_promo_sk': 162.0},
{'cs_item_sk': 1358.0, 'cs_promo_sk': 116.0},
{'cs_item_sk': 7906.0, 'cs_promo_sk': 121.0},
{'cs_item_sk': 2476.0, 'cs_promo_sk': 216.0},
{'cs_item_sk': 5104.0, 'cs_promo_sk': 280.0},
{'cs_item_sk': 9727.0, 'cs_promo_sk': 254.0},
{'cs_item_sk': 4772.0, 'cs_promo_sk': 6.0},
{'cs_item_sk': 3391.0, 'cs_promo_sk': 53.0},
{'cs_item_sk': 11180.0, 'cs_promo_sk': 38.0},
{'cs_item_sk': 8168.0, 'cs_promo_sk': 215.0},
{'cs_item_sk': 716.0, 'cs_promo_sk': 204.0},
{'cs_item_sk': 2323.0, 'cs_promo_sk': 245.0},
{'cs_item_sk': 14947.0, 'cs_promo_sk': 251.0},
{'cs_item_sk': 4250.0, 'cs_promo_sk': 271.0},
{'cs_item_sk': 3656.0, 'cs_promo_sk': 91.0},
{'cs_item_sk': 17242.0, 'cs_promo_sk': 87.0},
{'cs_item_sk': 12572.0, 'cs_promo_sk': 242.0},
{'cs_item_sk': 9589.0, 'cs_promo_sk': 99.0},
{'cs_item_sk': 13114.0, 'cs_promo_sk': 34.0},
{'cs_item_sk': 9466.0, 'cs_promo_sk': 120.0},
{'cs_item_sk': 1909.0, 'cs_promo_sk': 103.0},
{'cs_item_sk': 10135.0, 'cs_promo_sk': 70.0},
{'cs_item_sk': 15902.0, 'cs_promo_sk': 142.0},
{'cs_item_sk': 943.0, 'cs_promo_sk': 181.0},
{'cs_item_sk': 12055.0, 'cs_promo_sk': 192.0},
{'cs_item_sk': 3614.0, 'cs_promo_sk': 150.0},
{'cs_item_sk': 442.0, 'cs_promo_sk': 205.0},
{'cs_item_sk': 17852.0, 'cs_promo_sk': 132.0},
{'cs_item_sk': 6656.0, 'cs_promo_sk': 55.0},
{'cs_item_sk': 1894.0, 'cs_promo_sk': 2.0},
{'cs_item_sk': 1723.0, 'cs_promo_sk': 286.0},
{'cs_item_sk': 9802.0, 'cs_promo_sk': 255.0},
{'cs_item_sk': 12013.0, 'cs_promo_sk': 75.0},
{'cs_item_sk': 14618.0, 'cs_promo_sk': 241.0},
{'cs_item_sk': 6139.0, 'cs_promo_sk': 224.0},
{'cs_item_sk': 2860.0, 'cs_promo_sk': 61.0},
{'cs_item_sk': 1826.0, 'cs_promo_sk': 209.0},
{'cs_item_sk': 13105.0, 'cs_promo_sk': 26.0},
{'cs_item_sk': 3140.0, 'cs_promo_sk': 204.0},
{'cs_item_sk': 6950.0, 'cs_promo_sk': 248.0},
{'cs_item_sk': 7360.0, 'cs_promo_sk': 204.0},
{'cs_item_sk': 2236.0, 'cs_promo_sk': 194.0},
{'cs_item_sk': 8197.0, 'cs_promo_sk': 195.0},
{'cs_item_sk': 12422.0, 'cs_promo_sk': 126.0},
{'cs_item_sk': 17894.0, 'cs_promo_sk': 121.0},
{'cs_item_sk': 10538.0, 'cs_promo_sk': 113.0},
{'cs_item_sk': 1801.0, 'cs_promo_sk': 213.0},
{'cs_item_sk': 268.0, 'cs_promo_sk': 42.0},
{'cs_item_sk': 13519.0, 'cs_promo_sk': 75.0},
{'cs_item_sk': 2029.0, 'cs_promo_sk': 120.0},
{'cs_item_sk': 6238.0, 'cs_promo_sk': 1.0},
{'cs_item_sk': 17014.0, 'cs_promo_sk': 211.0},
{'cs_item_sk': 5704.0, 'cs_promo_sk': 105.0},
{'cs_item_sk': 11908.0, 'cs_promo_sk': 125.0},
{'cs_item_sk': 9469.0, 'cs_promo_sk': 61.0},
{'cs_item_sk': 9104.0, 'cs_promo_sk': 276.0},
{'cs_item_sk': 1778.0, 'cs_promo_sk': 244.0},
{'cs_item_sk': 10105.0, 'cs_promo_sk': 64.0},
{'cs_item_sk': 2192.0, 'cs_promo_sk': 80.0},
{'cs_item_sk': 14980.0, 'cs_promo_sk': 152.0},
{'cs_item_sk': 9296.0, 'cs_promo_sk': 15.0},
{'cs_item_sk': 12254.0, 'cs_promo_sk': 118.0},
{'cs_item_sk': 9679.0, 'cs_promo_sk': 282.0},
{'cs_item_sk': 14626.0, 'cs_promo_sk': 161.0},
{'cs_item_sk': 8335.0, 'cs_promo_sk': 26.0},
{'cs_item_sk': 4534.0, 'cs_promo_sk': 125.0},
{'cs_item_sk': 3034.0, 'cs_promo_sk': 96.0},
{'cs_item_sk': 2818.0, 'cs_promo_sk': 180.0},
{'cs_item_sk': 5152.0, 'cs_promo_sk': 67.0},
{'cs_item_sk': 3517.0, 'cs_promo_sk': 88.0},
{'cs_item_sk': 8389.0, 'cs_promo_sk': 182.0},
{'cs_item_sk': 1627.0, 'cs_promo_sk': 118.0},
{'cs_item_sk': 16466.0, 'cs_promo_sk': 144.0},
{'cs_item_sk': 14326.0, 'cs_promo_sk': 60.0},
{'cs_item_sk': 1940.0, 'cs_promo_sk': 84.0},
{'cs_item_sk': 14164.0, 'cs_promo_sk': 294.0},
{'cs_item_sk': 2389.0, 'cs_promo_sk': 153.0},
{'cs_item_sk': 13732.0, 'cs_promo_sk': 132.0},
{'cs_item_sk': 12577.0, 'cs_promo_sk': 48.0},
{'cs_item_sk': 3056.0, 'cs_promo_sk': 10.0},
{'cs_item_sk': 4778.0, 'cs_promo_sk': 279.0},
{'cs_item_sk': 2216.0, 'cs_promo_sk': 154.0},
{'cs_item_sk': 286.0, 'cs_promo_sk': 43.0},
{'cs_item_sk': 10066.0, 'cs_promo_sk': 9.0},
{'cs_item_sk': 13628.0, 'cs_promo_sk': 203.0},
{'cs_item_sk': 14527.0, 'cs_promo_sk': 92.0},
{'cs_item_sk': 9190.0, 'cs_promo_sk': 286.0},
{'cs_item_sk': 14902.0, 'cs_promo_sk': 41.0},
{'cs_item_sk': 6170.0, 'cs_promo_sk': 198.0},
{'cs_item_sk': 8917.0, 'cs_promo_sk': 227.0},
{'cs_item_sk': 4372.0, 'cs_promo_sk': 38.0},
{'cs_item_sk': 8632.0, 'cs_promo_sk': 164.0},
{'cs_item_sk': 2044.0, 'cs_promo_sk': 178.0},
{'cs_item_sk': 2398.0, 'cs_promo_sk': 242.0},
{'cs_item_sk': 12016.0, 'cs_promo_sk': 132.0},
{'cs_item_sk': 1906.0, 'cs_promo_sk': 299.0},
{'cs_item_sk': 13951.0, 'cs_promo_sk': 51.0},
{'cs_item_sk': 4088.0, 'cs_promo_sk': 291.0},
{'cs_item_sk': 17374.0, 'cs_promo_sk': 26.0},
{'cs_item_sk': 17794.0, 'cs_promo_sk': 141.0},
{'cs_item_sk': 2128.0, 'cs_promo_sk': 291.0},
{'cs_item_sk': 6103.0, 'cs_promo_sk': 95.0},
{'cs_item_sk': 12268.0, 'cs_promo_sk': 174.0},
{'cs_item_sk': 848.0, 'cs_promo_sk': 212.0},
{'cs_item_sk': 11071.0, 'cs_promo_sk': 256.0},
{'cs_item_sk': 17056.0, 'cs_promo_sk': 282.0},
{'cs_item_sk': 9586.0, 'cs_promo_sk': 7.0},
{'cs_item_sk': 14528.0, 'cs_promo_sk': 121.0},
{'cs_item_sk': 7258.0, 'cs_promo_sk': 206.0},
{'cs_item_sk': 295.0, 'cs_promo_sk': 83.0},
{'cs_item_sk': 17842.0, 'cs_promo_sk': 227.0},
{'cs_item_sk': 5383.0, 'cs_promo_sk': 42.0},
{'cs_item_sk': 2188.0, 'cs_promo_sk': 66.0},
{'cs_item_sk': 7531.0, 'cs_promo_sk': 191.0},
{'cs_item_sk': 17353.0, 'cs_promo_sk': 294.0},
{'cs_item_sk': 12124.0, 'cs_promo_sk': 142.0},
{'cs_item_sk': 9842.0, 'cs_promo_sk': 76.0},
{'cs_item_sk': 362.0, 'cs_promo_sk': 40.0},
{'cs_item_sk': 3856.0, 'cs_promo_sk': 23.0},
{'cs_item_sk': 5185.0, 'cs_promo_sk': 166.0},
{'cs_item_sk': 4526.0, 'cs_promo_sk': 170.0},
{'cs_item_sk': 13591.0, 'cs_promo_sk': 138.0},
{'cs_item_sk': 4051.0, 'cs_promo_sk': 103.0},
{'cs_item_sk': 10330.0, 'cs_promo_sk': 289.0},
{'cs_item_sk': 12655.0, 'cs_promo_sk': 11.0},
{'cs_item_sk': 7480.0, 'cs_promo_sk': 227.0},
{'cs_item_sk': 5218.0, 'cs_promo_sk': 199.0},
{'cs_item_sk': 11774.0, 'cs_promo_sk': 66.0},
{'cs_item_sk': 13340.0, 'cs_promo_sk': 277.0},
{'cs_item_sk': 2312.0, 'cs_promo_sk': 229.0},
{'cs_item_sk': 8462.0, 'cs_promo_sk': 288.0},
{'cs_item_sk': 3008.0, 'cs_promo_sk': 245.0},
{'cs_item_sk': 12944.0, 'cs_promo_sk': 279.0},
{'cs_item_sk': 13963.0, 'cs_promo_sk': 156.0},
{'cs_item_sk': 3670.0, 'cs_promo_sk': 69.0},
{'cs_item_sk': 11227.0, 'cs_promo_sk': 99.0},
{'cs_item_sk': 12910.0, 'cs_promo_sk': 180.0},
{'cs_item_sk': 5074.0, 'cs_promo_sk': 77.0},
{'cs_item_sk': 9152.0, 'cs_promo_sk': 186.0},
{'cs_item_sk': 10184.0, 'cs_promo_sk': 91.0},
{'cs_item_sk': 43.0, 'cs_promo_sk': 57.0},
{'cs_item_sk': 1213.0, 'cs_promo_sk': 286.0},
{'cs_item_sk': 17380.0, 'cs_promo_sk': 73.0},
{'cs_item_sk': 14474.0, 'cs_promo_sk': 50.0},
{'cs_item_sk': 9484.0, 'cs_promo_sk': 83.0},
{'cs_item_sk': 9415.0, 'cs_promo_sk': 80.0},
{'cs_item_sk': 6014.0, 'cs_promo_sk': 49.0},
{'cs_item_sk': 8452.0, 'cs_promo_sk': 16.0},
{'cs_item_sk': 4186.0, 'cs_promo_sk': 293.0},
{'cs_item_sk': 11512.0, 'cs_promo_sk': 20.0},
{'cs_item_sk': 13442.0, 'cs_promo_sk': 165.0},
{'cs_item_sk': 1501.0, 'cs_promo_sk': 102.0},
{'cs_item_sk': 16498.0, 'cs_promo_sk': 61.0},
{'cs_item_sk': 12604.0, 'cs_promo_sk': 176.0},
{'cs_item_sk': 10573.0, 'cs_promo_sk': 131.0},
{'cs_item_sk': 13129.0, 'cs_promo_sk': 176.0},
{'cs_item_sk': 13778.0, 'cs_promo_sk': 134.0},
{'cs_item_sk': 4204.0, 'cs_promo_sk': 244.0},
{'cs_item_sk': 5632.0, 'cs_promo_sk': 243.0},
{'cs_item_sk': 10387.0, 'cs_promo_sk': 252.0},
{'cs_item_sk': 8192.0, 'cs_promo_sk': 179.0},
{'cs_item_sk': 7240.0, 'cs_promo_sk': 122.0},
{'cs_item_sk': 5236.0, 'cs_promo_sk': 195.0},
{'cs_item_sk': 8653.0, 'cs_promo_sk': 149.0},
{'cs_item_sk': 2104.0, 'cs_promo_sk': 202.0},
{'cs_item_sk': 6736.0, 'cs_promo_sk': 68.0},
{'cs_item_sk': 7426.0, 'cs_promo_sk': 208.0},
{'cs_item_sk': 8155.0, 'cs_promo_sk': 171.0},
{'cs_item_sk': 6476.0, 'cs_promo_sk': 144.0},
{'cs_item_sk': 7226.0, 'cs_promo_sk': 278.0},
{'cs_item_sk': 8200.0, 'cs_promo_sk': 21.0},
{'cs_item_sk': 7874.0, 'cs_promo_sk': 19.0},
{'cs_item_sk': 11518.0, 'cs_promo_sk': 166.0},
{'cs_item_sk': 4262.0, 'cs_promo_sk': 90.0},
{'cs_item_sk': 106.0, 'cs_promo_sk': 96.0},
{'cs_item_sk': 15860.0, 'cs_promo_sk': 180.0},
{'cs_item_sk': 15151.0, 'cs_promo_sk': 144.0},
{'cs_item_sk': 4930.0, 'cs_promo_sk': 271.0},
{'cs_item_sk': 16526.0, 'cs_promo_sk': 230.0},
{'cs_item_sk': 2002.0, 'cs_promo_sk': 275.0},
{'cs_item_sk': 730.0, 'cs_promo_sk': 254.0},
{'i_item_sk': 1.0, 'i_item_id': 'AAAAAAAABAAAAAAA'},
{'i_item_sk': 2.0, 'i_item_id': 'AAAAAAAACAAAAAAA'},
{'i_item_sk': 4.0, 'i_item_id': 'AAAAAAAAEAAAAAAA'},
{'i_item_sk': 5.0, 'i_item_id': 'AAAAAAAAEAAAAAAA'},
{'i_item_sk': 8.0, 'i_item_id': 'AAAAAAAAIAAAAAAA'},
{'i_item_sk': 10.0, 'i_item_id': 'AAAAAAAAKAAAAAAA'},
{'i_item_sk': 11.0, 'i_item_id': 'AAAAAAAAKAAAAAAA'},
{'i_item_sk': 14.0, 'i_item_id': 'AAAAAAAAOAAAAAAA'},
{'i_item_sk': 16.0, 'i_item_id': 'AAAAAAAAABAAAAAA'},
{'i_item_sk': 17.0, 'i_item_id': 'AAAAAAAAABAAAAAA'},
{'i_item_sk': 20.0, 'i_item_id': 'AAAAAAAAEBAAAAAA'},
{'i_item_sk': 22.0, 'i_item_id': 'AAAAAAAAGBAAAAAA'},
{'i_item_sk': 23.0, 'i_item_id': 'AAAAAAAAGBAAAAAA'},
{'i_item_sk': 26.0, 'i_item_id': 'AAAAAAAAKBAAAAAA'},
{'i_item_sk': 28.0, 'i_item_id': 'AAAAAAAAMBAAAAAA'},
{'i_item_sk': 29.0, 'i_item_id': 'AAAAAAAAMBAAAAAA'},
{'i_item_sk': 32.0, 'i_item_id': 'AAAAAAAAACAAAAAA'},
{'i_item_sk': 34.0, 'i_item_id': 'AAAAAAAACCAAAAAA'},
{'i_item_sk': 35.0, 'i_item_id': 'AAAAAAAACCAAAAAA'},
{'i_item_sk': 38.0, 'i_item_id': 'AAAAAAAAGCAAAAAA'},
{'i_item_sk': 40.0, 'i_item_id': 'AAAAAAAAICAAAAAA'},
{'i_item_sk': 41.0, 'i_item_id': 'AAAAAAAAICAAAAAA'},
{'i_item_sk': 44.0, 'i_item_id': 'AAAAAAAAMCAAAAAA'},
{'i_item_sk': 46.0, 'i_item_id': 'AAAAAAAAOCAAAAAA'},
{'i_item_sk': 47.0, 'i_item_id': 'AAAAAAAAOCAAAAAA'},
{'i_item_sk': 50.0, 'i_item_id': 'AAAAAAAACDAAAAAA'},
{'i_item_sk': 52.0, 'i_item_id': 'AAAAAAAAEDAAAAAA'},
{'i_item_sk': 53.0, 'i_item_id': 'AAAAAAAAEDAAAAAA'},
{'i_item_sk': 56.0, 'i_item_id': 'AAAAAAAAIDAAAAAA'},
{'i_item_sk': 58.0, 'i_item_id': 'AAAAAAAAKDAAAAAA'},
{'i_item_sk': 59.0, 'i_item_id': 'AAAAAAAAKDAAAAAA'},
{'i_item_sk': 62.0, 'i_item_id': 'AAAAAAAAODAAAAAA'},
{'i_item_sk': 64.0, 'i_item_id': 'AAAAAAAAAEAAAAAA'},
{'i_item_sk': 65.0, 'i_item_id': 'AAAAAAAAAEAAAAAA'},
{'i_item_sk': 68.0, 'i_item_id': 'AAAAAAAAEEAAAAAA'},
{'i_item_sk': 70.0, 'i_item_id': 'AAAAAAAAGEAAAAAA'},
{'i_item_sk': 71.0, 'i_item_id': 'AAAAAAAAGEAAAAAA'},
{'i_item_sk': 74.0, 'i_item_id': 'AAAAAAAAKEAAAAAA'},
{'i_item_sk': 76.0, 'i_item_id': 'AAAAAAAAMEAAAAAA'},
{'i_item_sk': 77.0, 'i_item_id': 'AAAAAAAAMEAAAAAA'},
{'i_item_sk': 80.0, 'i_item_id': 'AAAAAAAAAFAAAAAA'},
{'i_item_sk': 82.0, 'i_item_id': 'AAAAAAAACFAAAAAA'},
{'i_item_sk': 83.0, 'i_item_id': 'AAAAAAAACFAAAAAA'},
{'i_item_sk': 86.0, 'i_item_id': 'AAAAAAAAGFAAAAAA'},
{'i_item_sk': 88.0, 'i_item_id': 'AAAAAAAAIFAAAAAA'},
{'i_item_sk': 89.0, 'i_item_id': 'AAAAAAAAIFAAAAAA'},
{'i_item_sk': 92.0, 'i_item_id': 'AAAAAAAAMFAAAAAA'},
{'i_item_sk': 94.0, 'i_item_id': 'AAAAAAAAOFAAAAAA'},
{'i_item_sk': 95.0, 'i_item_id': 'AAAAAAAAOFAAAAAA'},
{'i_item_sk': 98.0, 'i_item_id': 'AAAAAAAACGAAAAAA'},
{'i_item_sk': 100.0, 'i_item_id': 'AAAAAAAAEGAAAAAA'},
{'i_item_sk': 101.0, 'i_item_id': 'AAAAAAAAEGAAAAAA'},
{'i_item_sk': 104.0, 'i_item_id': 'AAAAAAAAIGAAAAAA'},
{'i_item_sk': 106.0, 'i_item_id': 'AAAAAAAAKGAAAAAA'},
{'i_item_sk': 107.0, 'i_item_id': 'AAAAAAAAKGAAAAAA'},
{'i_item_sk': 110.0, 'i_item_id': 'AAAAAAAAOGAAAAAA'},
{'i_item_sk': 112.0, 'i_item_id': 'AAAAAAAAAHAAAAAA'},
{'i_item_sk': 113.0, 'i_item_id': 'AAAAAAAAAHAAAAAA'},
{'i_item_sk': 116.0, 'i_item_id': 'AAAAAAAAEHAAAAAA'},
{'i_item_sk': 118.0, 'i_item_id': 'AAAAAAAAGHAAAAAA'},
{'i_item_sk': 119.0, 'i_item_id': 'AAAAAAAAGHAAAAAA'},
{'i_item_sk': 122.0, 'i_item_id': 'AAAAAAAAKHAAAAAA'},
{'i_item_sk': 124.0, 'i_item_id': 'AAAAAAAAMHAAAAAA'},
{'i_item_sk': 125.0, 'i_item_id': 'AAAAAAAAMHAAAAAA'},
{'i_item_sk': 128.0, 'i_item_id': 'AAAAAAAAAIAAAAAA'},
{'i_item_sk': 130.0, 'i_item_id': 'AAAAAAAACIAAAAAA'},
{'i_item_sk': 131.0, 'i_item_id': 'AAAAAAAACIAAAAAA'},
{'i_item_sk': 134.0, 'i_item_id': 'AAAAAAAAGIAAAAAA'},
{'i_item_sk': 136.0, 'i_item_id': 'AAAAAAAAIIAAAAAA'},
{'i_item_sk': 137.0, 'i_item_id': 'AAAAAAAAIIAAAAAA'},
{'i_item_sk': 140.0, 'i_item_id': 'AAAAAAAAMIAAAAAA'},
{'i_item_sk': 142.0, 'i_item_id': 'AAAAAAAAOIAAAAAA'},
{'i_item_sk': 143.0, 'i_item_id': 'AAAAAAAAOIAAAAAA'},
{'i_item_sk': 146.0, 'i_item_id': 'AAAAAAAACJAAAAAA'},
{'i_item_sk': 148.0, 'i_item_id': 'AAAAAAAAEJAAAAAA'},
{'i_item_sk': 149.0, 'i_item_id': 'AAAAAAAAEJAAAAAA'},
{'i_item_sk': 152.0, 'i_item_id': 'AAAAAAAAIJAAAAAA'},
{'i_item_sk': 154.0, 'i_item_id': 'AAAAAAAAKJAAAAAA'},
{'i_item_sk': 155.0, 'i_item_id': 'AAAAAAAAKJAAAAAA'},
{'i_item_sk': 158.0, 'i_item_id': 'AAAAAAAAOJAAAAAA'},
{'i_item_sk': 160.0, 'i_item_id': 'AAAAAAAAAKAAAAAA'},
{'i_item_sk': 161.0, 'i_item_id': 'AAAAAAAAAKAAAAAA'},
{'i_item_sk': 164.0, 'i_item_id': 'AAAAAAAAEKAAAAAA'},
{'i_item_sk': 166.0, 'i_item_id': 'AAAAAAAAGKAAAAAA'},
{'i_item_sk': 167.0, 'i_item_id': 'AAAAAAAAGKAAAAAA'},
{'i_item_sk': 170.0, 'i_item_id': 'AAAAAAAAKKAAAAAA'},
{'i_item_sk': 172.0, 'i_item_id': 'AAAAAAAAMKAAAAAA'},
{'i_item_sk': 173.0, 'i_item_id': 'AAAAAAAAMKAAAAAA'},
{'i_item_sk': 176.0, 'i_item_id': 'AAAAAAAAALAAAAAA'},
{'i_item_sk': 178.0, 'i_item_id': 'AAAAAAAACLAAAAAA'},
{'i_item_sk': 179.0, 'i_item_id': 'AAAAAAAACLAAAAAA'},
{'i_item_sk': 182.0, 'i_item_id': 'AAAAAAAAGLAAAAAA'},
{'i_item_sk': 184.0, 'i_item_id': 'AAAAAAAAILAAAAAA'},
{'i_item_sk': 185.0, 'i_item_id': 'AAAAAAAAILAAAAAA'},
{'i_item_sk': 188.0, 'i_item_id': 'AAAAAAAAMLAAAAAA'},
{'i_item_sk': 190.0, 'i_item_id': 'AAAAAAAAOLAAAAAA'},
{'i_item_sk': 191.0, 'i_item_id': 'AAAAAAAAOLAAAAAA'},
{'i_item_sk': 194.0, 'i_item_id': 'AAAAAAAACMAAAAAA'},
{'i_item_sk': 196.0, 'i_item_id': 'AAAAAAAAEMAAAAAA'},
{'i_item_sk': 197.0, 'i_item_id': 'AAAAAAAAEMAAAAAA'},
{'i_item_sk': 200.0, 'i_item_id': 'AAAAAAAAIMAAAAAA'},
{'i_item_sk': 202.0, 'i_item_id': 'AAAAAAAAKMAAAAAA'},
{'i_item_sk': 203.0, 'i_item_id': 'AAAAAAAAKMAAAAAA'},
{'i_item_sk': 206.0, 'i_item_id': 'AAAAAAAAOMAAAAAA'},
{'i_item_sk': 208.0, 'i_item_id': 'AAAAAAAAANAAAAAA'},
{'i_item_sk': 209.0, 'i_item_id': 'AAAAAAAAANAAAAAA'},
{'i_item_sk': 212.0, 'i_item_id': 'AAAAAAAAENAAAAAA'},
{'i_item_sk': 214.0, 'i_item_id': 'AAAAAAAAGNAAAAAA'},
{'i_item_sk': 215.0, 'i_item_id': 'AAAAAAAAGNAAAAAA'},
{'i_item_sk': 218.0, 'i_item_id': 'AAAAAAAAKNAAAAAA'},
{'i_item_sk': 220.0, 'i_item_id': 'AAAAAAAAMNAAAAAA'},
{'i_item_sk': 221.0, 'i_item_id': 'AAAAAAAAMNAAAAAA'},
{'i_item_sk': 224.0, 'i_item_id': 'AAAAAAAAAOAAAAAA'},
{'i_item_sk': 226.0, 'i_item_id': 'AAAAAAAACOAAAAAA'},
{'i_item_sk': 227.0, 'i_item_id': 'AAAAAAAACOAAAAAA'},
{'i_item_sk': 230.0, 'i_item_id': 'AAAAAAAAGOAAAAAA'},
{'i_item_sk': 232.0, 'i_item_id': 'AAAAAAAAIOAAAAAA'},
{'i_item_sk': 233.0, 'i_item_id': 'AAAAAAAAIOAAAAAA'},
{'i_item_sk': 236.0, 'i_item_id': 'AAAAAAAAMOAAAAAA'},
{'i_item_sk': 238.0, 'i_item_id': 'AAAAAAAAOOAAAAAA'},
{'i_item_sk': 239.0, 'i_item_id': 'AAAAAAAAOOAAAAAA'},
{'i_item_sk': 242.0, 'i_item_id': 'AAAAAAAACPAAAAAA'},
{'i_item_sk': 244.0, 'i_item_id': 'AAAAAAAAEPAAAAAA'},
{'i_item_sk': 245.0, 'i_item_id': 'AAAAAAAAEPAAAAAA'},
{'i_item_sk': 248.0, 'i_item_id': 'AAAAAAAAIPAAAAAA'},
{'i_item_sk': 250.0, 'i_item_id': 'AAAAAAAAKPAAAAAA'},
{'i_item_sk': 251.0, 'i_item_id': 'AAAAAAAAKPAAAAAA'},
{'i_item_sk': 254.0, 'i_item_id': 'AAAAAAAAOPAAAAAA'},
{'i_item_sk': 256.0, 'i_item_id': 'AAAAAAAAAABAAAAA'},
{'i_item_sk': 257.0, 'i_item_id': 'AAAAAAAAAABAAAAA'},
{'i_item_sk': 260.0, 'i_item_id': 'AAAAAAAAEABAAAAA'},
{'i_item_sk': 262.0, 'i_item_id': 'AAAAAAAAGABAAAAA'},
{'i_item_sk': 263.0, 'i_item_id': 'AAAAAAAAGABAAAAA'},
{'i_item_sk': 266.0, 'i_item_id': 'AAAAAAAAKABAAAAA'},
{'i_item_sk': 268.0, 'i_item_id': 'AAAAAAAAMABAAAAA'},
{'i_item_sk': 269.0, 'i_item_id': 'AAAAAAAAMABAAAAA'},
{'i_item_sk': 272.0, 'i_item_id': 'AAAAAAAAABBAAAAA'},
{'i_item_sk': 274.0, 'i_item_id': 'AAAAAAAACBBAAAAA'},
{'i_item_sk': 275.0, 'i_item_id': 'AAAAAAAACBBAAAAA'},
{'i_item_sk': 278.0, 'i_item_id': 'AAAAAAAAGBBAAAAA'},
{'i_item_sk': 280.0, 'i_item_id': 'AAAAAAAAIBBAAAAA'},
{'i_item_sk': 281.0, 'i_item_id': 'AAAAAAAAIBBAAAAA'},
{'i_item_sk': 284.0, 'i_item_id': 'AAAAAAAAMBBAAAAA'},
{'i_item_sk': 286.0, 'i_item_id': 'AAAAAAAAOBBAAAAA'},
{'i_item_sk': 287.0, 'i_item_id': 'AAAAAAAAOBBAAAAA'},
{'i_item_sk': 290.0, 'i_item_id': 'AAAAAAAACCBAAAAA'},
{'i_item_sk': 292.0, 'i_item_id': 'AAAAAAAAECBAAAAA'},
{'i_item_sk': 293.0, 'i_item_id': 'AAAAAAAAECBAAAAA'},
{'i_item_sk': 296.0, 'i_item_id': 'AAAAAAAAICBAAAAA'},
{'i_item_sk': 298.0, 'i_item_id': 'AAAAAAAAKCBAAAAA'},
{'i_item_sk': 299.0, 'i_item_id': 'AAAAAAAAKCBAAAAA'},
{'i_item_sk': 302.0, 'i_item_id': 'AAAAAAAAOCBAAAAA'},
{'i_item_sk': 304.0, 'i_item_id': 'AAAAAAAAADBAAAAA'},
{'i_item_sk': 305.0, 'i_item_id': 'AAAAAAAAADBAAAAA'},
{'i_item_sk': 308.0, 'i_item_id': 'AAAAAAAAEDBAAAAA'},
{'i_item_sk': 310.0, 'i_item_id': 'AAAAAAAAGDBAAAAA'},
{'i_item_sk': 311.0, 'i_item_id': 'AAAAAAAAGDBAAAAA'},
{'i_item_sk': 314.0, 'i_item_id': 'AAAAAAAAKDBAAAAA'},
{'i_item_sk': 316.0, 'i_item_id': 'AAAAAAAAMDBAAAAA'},
{'i_item_sk': 317.0, 'i_item_id': 'AAAAAAAAMDBAAAAA'},
{'i_item_sk': 320.0, 'i_item_id': 'AAAAAAAAAEBAAAAA'},
{'i_item_sk': 322.0, 'i_item_id': 'AAAAAAAACEBAAAAA'},
{'i_item_sk': 323.0, 'i_item_id': 'AAAAAAAACEBAAAAA'},
{'i_item_sk': 326.0, 'i_item_id': 'AAAAAAAAGEBAAAAA'},
{'i_item_sk': 328.0, 'i_item_id': 'AAAAAAAAIEBAAAAA'},
{'i_item_sk': 329.0, 'i_item_id': 'AAAAAAAAIEBAAAAA'},
{'i_item_sk': 332.0, 'i_item_id': 'AAAAAAAAMEBAAAAA'},
{'i_item_sk': 334.0, 'i_item_id': 'AAAAAAAAOEBAAAAA'},
{'i_item_sk': 335.0, 'i_item_id': 'AAAAAAAAOEBAAAAA'},
{'i_item_sk': 338.0, 'i_item_id': 'AAAAAAAACFBAAAAA'},
{'i_item_sk': 340.0, 'i_item_id': 'AAAAAAAAEFBAAAAA'},
{'i_item_sk': 341.0, 'i_item_id': 'AAAAAAAAEFBAAAAA'},
{'i_item_sk': 344.0, 'i_item_id': 'AAAAAAAAIFBAAAAA'},
{'i_item_sk': 346.0, 'i_item_id': 'AAAAAAAAKFBAAAAA'},
{'i_item_sk': 347.0, 'i_item_id': 'AAAAAAAAKFBAAAAA'},
{'i_item_sk': 350.0, 'i_item_id': 'AAAAAAAAOFBAAAAA'},
{'i_item_sk': 352.0, 'i_item_id': 'AAAAAAAAAGBAAAAA'},
{'i_item_sk': 353.0, 'i_item_id': 'AAAAAAAAAGBAAAAA'},
{'i_item_sk': 356.0, 'i_item_id': 'AAAAAAAAEGBAAAAA'},
{'i_item_sk': 358.0, 'i_item_id': 'AAAAAAAAGGBAAAAA'},
{'i_item_sk': 359.0, 'i_item_id': 'AAAAAAAAGGBAAAAA'},
{'i_item_sk': 362.0, 'i_item_id': 'AAAAAAAAKGBAAAAA'},
{'i_item_sk': 364.0, 'i_item_id': 'AAAAAAAAMGBAAAAA'},
{'i_item_sk': 365.0, 'i_item_id': 'AAAAAAAAMGBAAAAA'},
{'i_item_sk': 368.0, 'i_item_id': 'AAAAAAAAAHBAAAAA'},
{'i_item_sk': 370.0, 'i_item_id': 'AAAAAAAACHBAAAAA'},
{'i_item_sk': 371.0, 'i_item_id': 'AAAAAAAACHBAAAAA'},
{'i_item_sk': 374.0, 'i_item_id': 'AAAAAAAAGHBAAAAA'},
{'i_item_sk': 376.0, 'i_item_id': 'AAAAAAAAIHBAAAAA'},
{'i_item_sk': 377.0, 'i_item_id': 'AAAAAAAAIHBAAAAA'},
{'i_item_sk': 380.0, 'i_item_id': 'AAAAAAAAMHBAAAAA'},
{'i_item_sk': 382.0, 'i_item_id': 'AAAAAAAAOHBAAAAA'},
{'i_item_sk': 383.0, 'i_item_id': 'AAAAAAAAOHBAAAAA'},
{'i_item_sk': 386.0, 'i_item_id': 'AAAAAAAACIBAAAAA'},
{'i_item_sk': 388.0, 'i_item_id': 'AAAAAAAAEIBAAAAA'},
{'i_item_sk': 389.0, 'i_item_id': 'AAAAAAAAEIBAAAAA'},
{'i_item_sk': 392.0, 'i_item_id': 'AAAAAAAAIIBAAAAA'},
{'i_item_sk': 394.0, 'i_item_id': 'AAAAAAAAKIBAAAAA'},
{'i_item_sk': 395.0, 'i_item_id': 'AAAAAAAAKIBAAAAA'},
{'i_item_sk': 398.0, 'i_item_id': 'AAAAAAAAOIBAAAAA'},
{'i_item_sk': 400.0, 'i_item_id': 'AAAAAAAAAJBAAAAA'},
{'i_item_sk': 401.0, 'i_item_id': 'AAAAAAAAAJBAAAAA'},
