{'p_promo_sk': 1.0},
{'p_promo_sk': 1},
{'p_promo_sk': 2},
{'p_promo_sk': 3},
{'p_promo_sk': 4},
{'p_promo_sk': 5},
{'p_promo_sk': 6},
{'p_promo_sk': 7},
{'p_promo_sk': 8},
{'p_promo_sk': 9},
{'p_promo_sk': 10},
{'p_promo_sk': 11},
{'p_promo_sk': 12},
{'p_promo_sk': 13},
{'p_promo_sk': 14},
{'p_promo_sk': 15},
{'p_promo_sk': 16},
{'p_promo_sk': 17},
{'p_promo_sk': 18},
{'p_promo_sk': 19},
{'p_promo_sk': 20},
{'p_promo_sk': 21},
{'p_promo_sk': 22},
{'p_promo_sk': 23},
{'p_promo_sk': 24},
{'p_promo_sk': 25},
{'p_promo_sk': 26},
{'p_promo_sk': 27},
{'p_promo_sk': 28},
{'p_promo_sk': 29},
{'p_promo_sk': 30},
{'p_promo_sk': 31},
{'p_promo_sk': 32},
{'p_promo_sk': 33},
{'p_promo_sk': 34},
{'p_promo_sk': 35},
{'p_promo_sk': 36},
{'p_promo_sk': 37},
{'p_promo_sk': 38},
{'p_promo_sk': 39},
{'p_promo_sk': 40},
{'p_promo_sk': 41},
{'p_promo_sk': 42},
{'p_promo_sk': 43},
{'p_promo_sk': 44},
{'p_promo_sk': 45},
{'p_promo_sk': 46},
{'p_promo_sk': 47},
{'p_promo_sk': 48},
{'p_promo_sk': 49},
{'p_promo_sk': 50},
{'p_promo_sk': 51},
{'p_promo_sk': 52},
{'p_promo_sk': 53},
{'p_promo_sk': 54},
{'p_promo_sk': 55},
{'p_promo_sk': 56},
{'p_promo_sk': 57},
{'p_promo_sk': 58},
{'p_promo_sk': 59},
{'p_promo_sk': 60},
{'p_promo_sk': 61},
{'p_promo_sk': 62},
{'p_promo_sk': 63},
{'p_promo_sk': 64},
{'p_promo_sk': 65},
{'p_promo_sk': 66},
{'p_promo_sk': 67},
{'p_promo_sk': 68},
{'p_promo_sk': 69},
{'p_promo_sk': 70},
{'p_promo_sk': 71},
{'p_promo_sk': 72},
{'p_promo_sk': 73},
{'p_promo_sk': 74},
{'p_promo_sk': 75},
{'p_promo_sk': 76},
{'p_promo_sk': 77},
{'p_promo_sk': 78},
{'p_promo_sk': 79},
{'p_promo_sk': 80},
{'p_promo_sk': 81},
{'p_promo_sk': 82},
{'p_promo_sk': 83},
{'p_promo_sk': 84},
{'p_promo_sk': 85},
{'p_promo_sk': 86},
{'p_promo_sk': 87},
{'p_promo_sk': 88},
{'p_promo_sk': 89},
{'p_promo_sk': 90},
{'p_promo_sk': 91},
{'p_promo_sk': 92},
{'p_promo_sk': 93},
{'p_promo_sk': 94},
{'p_promo_sk': 95},
{'p_promo_sk': 96},
{'p_promo_sk': 97},
{'p_promo_sk': 98},
{'p_promo_sk': 99},
{'p_promo_sk': 100},
{'p_promo_sk': 101},
{'p_promo_sk': 102},
{'p_promo_sk': 103},
{'p_promo_sk': 104},
{'p_promo_sk': 105},
{'p_promo_sk': 106},
{'p_promo_sk': 107},
{'p_promo_sk': 108},
{'p_promo_sk': 109},
{'p_promo_sk': 110},
{'p_promo_sk': 111},
{'p_promo_sk': 112},
{'p_promo_sk': 113},
{'p_promo_sk': 114},
{'p_promo_sk': 115},
{'p_promo_sk': 116},
{'p_promo_sk': 117},
{'p_promo_sk': 118},
{'p_promo_sk': 119},
{'p_promo_sk': 120},
{'p_promo_sk': 121},
{'p_promo_sk': 122},
{'p_promo_sk': 123},
{'p_promo_sk': 124},
{'p_promo_sk': 125},
{'p_promo_sk': 126},
{'p_promo_sk': 127},
{'p_promo_sk': 128},
{'p_promo_sk': 129},
{'p_promo_sk': 130},
{'p_promo_sk': 131},
{'p_promo_sk': 132},
{'p_promo_sk': 133},
{'p_promo_sk': 134},
{'p_promo_sk': 135},
{'p_promo_sk': 136},
{'p_promo_sk': 137},
{'p_promo_sk': 138},
{'p_promo_sk': 139},
{'p_promo_sk': 140},
{'p_promo_sk': 141},
{'p_promo_sk': 142},
{'p_promo_sk': 143},
{'p_promo_sk': 144},
{'p_promo_sk': 145},
{'p_promo_sk': 146},
{'p_promo_sk': 147},
{'p_promo_sk': 148},
{'p_promo_sk': 149},
{'p_promo_sk': 150},
{'p_promo_sk': 151},
{'p_promo_sk': 152},
{'p_promo_sk': 153},
{'p_promo_sk': 154},
{'p_promo_sk': 155},
{'p_promo_sk': 156},
{'p_promo_sk': 157},
{'p_promo_sk': 158},
{'p_promo_sk': 159},
{'p_promo_sk': 160},
{'p_promo_sk': 161},
{'p_promo_sk': 162},
{'p_promo_sk': 163},
{'p_promo_sk': 164},
{'p_promo_sk': 165},
{'p_promo_sk': 166},
{'p_promo_sk': 167},
{'p_promo_sk': 168},
{'p_promo_sk': 169},
{'p_promo_sk': 170},
{'p_promo_sk': 171},
{'p_promo_sk': 172},
{'p_promo_sk': 173},
{'p_promo_sk': 174},
{'p_promo_sk': 175},
{'p_promo_sk': 176},
{'p_promo_sk': 177},
{'p_promo_sk': 178},
{'p_promo_sk': 179},
{'p_promo_sk': 180},
{'p_promo_sk': 181},
{'p_promo_sk': 182},
{'p_promo_sk': 183},
{'p_promo_sk': 184},
{'p_promo_sk': 185},
{'p_promo_sk': 186},
{'p_promo_sk': 187},
{'p_promo_sk': 188},
{'p_promo_sk': 189},
{'p_promo_sk': 190},
{'p_promo_sk': 191},
{'p_promo_sk': 192},
{'p_promo_sk': 193},
{'p_promo_sk': 194},
{'p_promo_sk': 195},
{'p_promo_sk': 196},
{'p_promo_sk': 197},
{'p_promo_sk': 198},
{'p_promo_sk': 199},
{'p_promo_sk': 200},
{'p_promo_sk': 201},
{'cs_item_sk': 16930.0, 'cs_promo_sk': 196.0},
{'cs_item_sk': 1, 'cs_promo_sk': 1},
{'cs_item_sk': 2, 'cs_promo_sk': 2},
{'cs_item_sk': 3, 'cs_promo_sk': 3},
{'cs_item_sk': 4, 'cs_promo_sk': 4},
{'cs_item_sk': 5, 'cs_promo_sk': 5},
{'cs_item_sk': 6, 'cs_promo_sk': 6},
{'cs_item_sk': 7, 'cs_promo_sk': 7},
{'cs_item_sk': 8, 'cs_promo_sk': 8},
{'cs_item_sk': 9, 'cs_promo_sk': 9},
{'cs_item_sk': 10, 'cs_promo_sk': 10},
{'cs_item_sk': 11, 'cs_promo_sk': 11},
{'cs_item_sk': 12, 'cs_promo_sk': 12},
{'cs_item_sk': 13, 'cs_promo_sk': 13},
{'cs_item_sk': 14, 'cs_promo_sk': 13},
{'cs_item_sk': 15, 'cs_promo_sk': 14},
{'cs_item_sk': 16, 'cs_promo_sk': 15},
{'cs_item_sk': 17, 'cs_promo_sk': 16},
{'cs_item_sk': 18, 'cs_promo_sk': 17},
{'cs_item_sk': 19, 'cs_promo_sk': 18},
{'cs_item_sk': 20, 'cs_promo_sk': 19},
{'cs_item_sk': 21, 'cs_promo_sk': 19},
{'cs_item_sk': 22, 'cs_promo_sk': 20},
{'cs_item_sk': 23, 'cs_promo_sk': 21},
{'cs_item_sk': 24, 'cs_promo_sk': 22},
{'cs_item_sk': 25, 'cs_promo_sk': 23},
{'cs_item_sk': 26, 'cs_promo_sk': 24},
{'cs_item_sk': 27, 'cs_promo_sk': 25},
{'cs_item_sk': 28, 'cs_promo_sk': 26},
{'cs_item_sk': 29, 'cs_promo_sk': 27},
{'cs_item_sk': 30, 'cs_promo_sk': 28},
{'cs_item_sk': 31, 'cs_promo_sk': 29},
{'cs_item_sk': 32, 'cs_promo_sk': 30},
{'cs_item_sk': 33, 'cs_promo_sk': 31},
{'cs_item_sk': 34, 'cs_promo_sk': 31},
{'cs_item_sk': 35, 'cs_promo_sk': 32},
{'cs_item_sk': 36, 'cs_promo_sk': 33},
{'cs_item_sk': 37, 'cs_promo_sk': 34},
{'cs_item_sk': 38, 'cs_promo_sk': 35},
{'cs_item_sk': 39, 'cs_promo_sk': 36},
{'cs_item_sk': 40, 'cs_promo_sk': 37},
{'cs_item_sk': 41, 'cs_promo_sk': 38},
{'cs_item_sk': 42, 'cs_promo_sk': 39},
{'cs_item_sk': 43, 'cs_promo_sk': 40},
{'cs_item_sk': 44, 'cs_promo_sk': 41},
{'cs_item_sk': 45, 'cs_promo_sk': 42},
{'cs_item_sk': 46, 'cs_promo_sk': 43},
{'cs_item_sk': 47, 'cs_promo_sk': 44},
{'cs_item_sk': 48, 'cs_promo_sk': 45},
{'cs_item_sk': 49, 'cs_promo_sk': 46},
{'cs_item_sk': 50, 'cs_promo_sk': 47},
{'cs_item_sk': 51, 'cs_promo_sk': 48},
{'cs_item_sk': 52, 'cs_promo_sk': 49},
{'cs_item_sk': 53, 'cs_promo_sk': 50},
{'cs_item_sk': 54, 'cs_promo_sk': 51},
{'cs_item_sk': 55, 'cs_promo_sk': 52},
{'cs_item_sk': 56, 'cs_promo_sk': 53},
{'cs_item_sk': 57, 'cs_promo_sk': 54},
{'cs_item_sk': 58, 'cs_promo_sk': 55},
{'cs_item_sk': 59, 'cs_promo_sk': 55},
{'cs_item_sk': 60, 'cs_promo_sk': 56},
{'cs_item_sk': 61, 'cs_promo_sk': 56},
{'cs_item_sk': 62, 'cs_promo_sk': 57},
{'cs_item_sk': 63, 'cs_promo_sk': 58},
{'cs_item_sk': 64, 'cs_promo_sk': 59},
{'cs_item_sk': 65, 'cs_promo_sk': 59},
{'cs_item_sk': 66, 'cs_promo_sk': 60},
{'cs_item_sk': 67, 'cs_promo_sk': 61},
{'cs_item_sk': 68, 'cs_promo_sk': 62},
{'cs_item_sk': 69, 'cs_promo_sk': 62},
{'cs_item_sk': 70, 'cs_promo_sk': 62},
{'cs_item_sk': 71, 'cs_promo_sk': 63},
{'cs_item_sk': 72, 'cs_promo_sk': 64},
{'cs_item_sk': 73, 'cs_promo_sk': 65},
{'cs_item_sk': 74, 'cs_promo_sk': 66},
{'cs_item_sk': 75, 'cs_promo_sk': 66},
{'cs_item_sk': 76, 'cs_promo_sk': 67},
{'cs_item_sk': 77, 'cs_promo_sk': 68},
{'cs_item_sk': 78, 'cs_promo_sk': 69},
{'cs_item_sk': 79, 'cs_promo_sk': 70},
{'cs_item_sk': 80, 'cs_promo_sk': 71},
{'cs_item_sk': 81, 'cs_promo_sk': 72},
{'cs_item_sk': 82, 'cs_promo_sk': 73},
{'cs_item_sk': 83, 'cs_promo_sk': 74},
{'cs_item_sk': 84, 'cs_promo_sk': 75},
{'cs_item_sk': 85, 'cs_promo_sk': 75},
{'cs_item_sk': 86, 'cs_promo_sk': 75},
{'cs_item_sk': 87, 'cs_promo_sk': 76},
{'cs_item_sk': 88, 'cs_promo_sk': 77},
{'cs_item_sk': 89, 'cs_promo_sk': 78},
{'cs_item_sk': 90, 'cs_promo_sk': 79},
{'cs_item_sk': 91, 'cs_promo_sk': 80},
{'cs_item_sk': 92, 'cs_promo_sk': 80},
{'cs_item_sk': 93, 'cs_promo_sk': 81},
{'cs_item_sk': 94, 'cs_promo_sk': 82},
{'cs_item_sk': 95, 'cs_promo_sk': 83},
{'cs_item_sk': 96, 'cs_promo_sk': 84},
{'cs_item_sk': 97, 'cs_promo_sk': 85},
{'cs_item_sk': 98, 'cs_promo_sk': 85},
{'cs_item_sk': 99, 'cs_promo_sk': 86},
{'cs_item_sk': 100, 'cs_promo_sk': 87},
{'cs_item_sk': 101, 'cs_promo_sk': 88},
{'cs_item_sk': 102, 'cs_promo_sk': 89},
{'cs_item_sk': 103, 'cs_promo_sk': 90},
{'cs_item_sk': 104, 'cs_promo_sk': 91},
{'cs_item_sk': 105, 'cs_promo_sk': 92},
{'cs_item_sk': 106, 'cs_promo_sk': 93},
{'cs_item_sk': 107, 'cs_promo_sk': 93},
{'cs_item_sk': 108, 'cs_promo_sk': 94},
{'cs_item_sk': 109, 'cs_promo_sk': 95},
{'cs_item_sk': 110, 'cs_promo_sk': 96},
{'cs_item_sk': 111, 'cs_promo_sk': 96},
{'cs_item_sk': 112, 'cs_promo_sk': 97},
{'cs_item_sk': 113, 'cs_promo_sk': 98},
{'cs_item_sk': 114, 'cs_promo_sk': 98},
{'cs_item_sk': 115, 'cs_promo_sk': 98},
{'cs_item_sk': 116, 'cs_promo_sk': 99},
{'cs_item_sk': 117, 'cs_promo_sk': 100},
{'cs_item_sk': 118, 'cs_promo_sk': 101},
{'cs_item_sk': 119, 'cs_promo_sk': 101},
{'cs_item_sk': 120, 'cs_promo_sk': 102},
{'cs_item_sk': 121, 'cs_promo_sk': 102},
{'cs_item_sk': 122, 'cs_promo_sk': 103},
{'cs_item_sk': 123, 'cs_promo_sk': 104},
{'cs_item_sk': 124, 'cs_promo_sk': 105},
{'cs_item_sk': 125, 'cs_promo_sk': 106},
{'cs_item_sk': 126, 'cs_promo_sk': 106},
{'cs_item_sk': 127, 'cs_promo_sk': 107},
{'cs_item_sk': 128, 'cs_promo_sk': 107},
{'cs_item_sk': 129, 'cs_promo_sk': 108},
{'cs_item_sk': 130, 'cs_promo_sk': 109},
{'cs_item_sk': 131, 'cs_promo_sk': 109},
{'cs_item_sk': 132, 'cs_promo_sk': 109},
{'cs_item_sk': 133, 'cs_promo_sk': 110},
{'cs_item_sk': 134, 'cs_promo_sk': 111},
{'cs_item_sk': 135, 'cs_promo_sk': 111},
{'cs_item_sk': 136, 'cs_promo_sk': 111},
{'cs_item_sk': 137, 'cs_promo_sk': 112},
{'cs_item_sk': 138, 'cs_promo_sk': 113},
{'cs_item_sk': 139, 'cs_promo_sk': 114},
{'cs_item_sk': 140, 'cs_promo_sk': 115},
{'cs_item_sk': 141, 'cs_promo_sk': 115},
{'cs_item_sk': 142, 'cs_promo_sk': 116},
{'cs_item_sk': 143, 'cs_promo_sk': 116},
{'cs_item_sk': 144, 'cs_promo_sk': 117},
{'cs_item_sk': 145, 'cs_promo_sk': 118},
{'cs_item_sk': 146, 'cs_promo_sk': 118},
{'cs_item_sk': 147, 'cs_promo_sk': 119},
{'cs_item_sk': 148, 'cs_promo_sk': 119},
{'cs_item_sk': 149, 'cs_promo_sk': 120},
{'cs_item_sk': 150, 'cs_promo_sk': 121},
{'cs_item_sk': 151, 'cs_promo_sk': 122},
{'cs_item_sk': 152, 'cs_promo_sk': 122},
{'cs_item_sk': 153, 'cs_promo_sk': 122},
{'cs_item_sk': 154, 'cs_promo_sk': 123},
{'cs_item_sk': 155, 'cs_promo_sk': 124},
{'cs_item_sk': 156, 'cs_promo_sk': 124},
{'cs_item_sk': 157, 'cs_promo_sk': 124},
{'cs_item_sk': 158, 'cs_promo_sk': 125},
{'cs_item_sk': 159, 'cs_promo_sk': 126},
{'cs_item_sk': 160, 'cs_promo_sk': 126},
{'cs_item_sk': 161, 'cs_promo_sk': 127},
{'cs_item_sk': 162, 'cs_promo_sk': 127},
{'cs_item_sk': 163, 'cs_promo_sk': 128},
{'cs_item_sk': 164, 'cs_promo_sk': 129},
{'cs_item_sk': 165, 'cs_promo_sk': 129},
{'cs_item_sk': 166, 'cs_promo_sk': 129},
{'cs_item_sk': 167, 'cs_promo_sk': 130},
{'cs_item_sk': 168, 'cs_promo_sk': 131},
{'cs_item_sk': 169, 'cs_promo_sk': 132},
{'cs_item_sk': 170, 'cs_promo_sk': 133},
{'cs_item_sk': 171, 'cs_promo_sk': 134},
{'cs_item_sk': 172, 'cs_promo_sk': 135},
{'cs_item_sk': 173, 'cs_promo_sk': 135},
{'cs_item_sk': 174, 'cs_promo_sk': 135},
{'cs_item_sk': 175, 'cs_promo_sk': 135},
{'cs_item_sk': 176, 'cs_promo_sk': 135},
{'cs_item_sk': 177, 'cs_promo_sk': 136},
{'cs_item_sk': 178, 'cs_promo_sk': 136},
{'cs_item_sk': 179, 'cs_promo_sk': 137},
{'cs_item_sk': 180, 'cs_promo_sk': 138},
{'cs_item_sk': 181, 'cs_promo_sk': 139},
{'cs_item_sk': 182, 'cs_promo_sk': 140},
{'cs_item_sk': 183, 'cs_promo_sk': 140},
{'cs_item_sk': 184, 'cs_promo_sk': 141},
{'cs_item_sk': 185, 'cs_promo_sk': 142},
{'cs_item_sk': 186, 'cs_promo_sk': 143},
{'cs_item_sk': 187, 'cs_promo_sk': 144},
{'cs_item_sk': 188, 'cs_promo_sk': 145},
{'cs_item_sk': 189, 'cs_promo_sk': 145},
{'cs_item_sk': 190, 'cs_promo_sk': 145},
{'cs_item_sk': 191, 'cs_promo_sk': 146},
{'cs_item_sk': 192, 'cs_promo_sk': 147},
{'cs_item_sk': 193, 'cs_promo_sk': 147},
{'cs_item_sk': 194, 'cs_promo_sk': 148},
{'cs_item_sk': 195, 'cs_promo_sk': 148},
{'cs_item_sk': 196, 'cs_promo_sk': 148},
{'cs_item_sk': 197, 'cs_promo_sk': 148},
{'cs_item_sk': 198, 'cs_promo_sk': 148},
{'cs_item_sk': 199, 'cs_promo_sk': 149},
{'cs_item_sk': 200, 'cs_promo_sk': 150},
{'cs_item_sk': 201, 'cs_promo_sk': 150},
{'i_item_sk': 1.0, 'i_item_id': 'AAAAAAAABAAAAAAA'},
{'i_item_sk': 1, 'i_item_id': 'AAAAAAAACAAAAAAA'},
{'i_item_sk': 2, 'i_item_id': 'AAAAAAAAEAAAAAAA'},
{'i_item_sk': 3, 'i_item_id': 'AAAAAAAAEAAAAAAA'},
{'i_item_sk': 4, 'i_item_id': 'AAAAAAAAIAAAAAAA'},
{'i_item_sk': 5, 'i_item_id': 'AAAAAAAAKAAAAAAA'},
{'i_item_sk': 6, 'i_item_id': 'AAAAAAAAKAAAAAAA'},
{'i_item_sk': 7, 'i_item_id': 'AAAAAAAAOAAAAAAA'},
{'i_item_sk': 8, 'i_item_id': 'AAAAAAAAABAAAAAA'},
{'i_item_sk': 9, 'i_item_id': 'AAAAAAAAABAAAAAA'},
{'i_item_sk': 10, 'i_item_id': 'AAAAAAAAEBAAAAAA'},
{'i_item_sk': 11, 'i_item_id': 'AAAAAAAAGBAAAAAA'},
{'i_item_sk': 12, 'i_item_id': 'AAAAAAAAGBAAAAAA'},
{'i_item_sk': 13, 'i_item_id': 'AAAAAAAAKBAAAAAA'},
{'i_item_sk': 14, 'i_item_id': 'AAAAAAAAMBAAAAAA'},
{'i_item_sk': 15, 'i_item_id': 'AAAAAAAAMBAAAAAA'},
{'i_item_sk': 16, 'i_item_id': 'AAAAAAAAACAAAAAA'},
{'i_item_sk': 17, 'i_item_id': 'AAAAAAAACCAAAAAA'},
{'i_item_sk': 18, 'i_item_id': 'AAAAAAAACCAAAAAA'},
{'i_item_sk': 19, 'i_item_id': 'AAAAAAAAGCAAAAAA'},
{'i_item_sk': 20, 'i_item_id': 'AAAAAAAAICAAAAAA'},
{'i_item_sk': 21, 'i_item_id': 'AAAAAAAAICAAAAAA'},
{'i_item_sk': 22, 'i_item_id': 'AAAAAAAAMCAAAAAA'},
{'i_item_sk': 23, 'i_item_id': 'AAAAAAAAOCAAAAAA'},
{'i_item_sk': 24, 'i_item_id': 'AAAAAAAAOCAAAAAA'},
{'i_item_sk': 25, 'i_item_id': 'AAAAAAAACDAAAAAA'},
{'i_item_sk': 26, 'i_item_id': 'AAAAAAAAEDAAAAAA'},
{'i_item_sk': 27, 'i_item_id': 'AAAAAAAAEDAAAAAA'},
{'i_item_sk': 28, 'i_item_id': 'AAAAAAAAIDAAAAAA'},
{'i_item_sk': 29, 'i_item_id': 'AAAAAAAAKDAAAAAA'},
{'i_item_sk': 30, 'i_item_id': 'AAAAAAAAKDAAAAAA'},
{'i_item_sk': 31, 'i_item_id': 'AAAAAAAAODAAAAAA'},
{'i_item_sk': 32, 'i_item_id': 'AAAAAAAAAEAAAAAA'},
{'i_item_sk': 33, 'i_item_id': 'AAAAAAAAAEAAAAAA'},
{'i_item_sk': 34, 'i_item_id': 'AAAAAAAAEEAAAAAA'},
{'i_item_sk': 35, 'i_item_id': 'AAAAAAAAGEAAAAAA'},
{'i_item_sk': 36, 'i_item_id': 'AAAAAAAAGEAAAAAA'},
{'i_item_sk': 37, 'i_item_id': 'AAAAAAAAKEAAAAAA'},
{'i_item_sk': 38, 'i_item_id': 'AAAAAAAAMEAAAAAA'},
{'i_item_sk': 39, 'i_item_id': 'AAAAAAAAMEAAAAAA'},
{'i_item_sk': 40, 'i_item_id': 'AAAAAAAAAFAAAAAA'},
{'i_item_sk': 41, 'i_item_id': 'AAAAAAAACFAAAAAA'},
{'i_item_sk': 42, 'i_item_id': 'AAAAAAAACFAAAAAA'},
{'i_item_sk': 43, 'i_item_id': 'AAAAAAAAGFAAAAAA'},
{'i_item_sk': 44, 'i_item_id': 'AAAAAAAAIFAAAAAA'},
{'i_item_sk': 45, 'i_item_id': 'AAAAAAAAIFAAAAAA'},
{'i_item_sk': 46, 'i_item_id': 'AAAAAAAAMFAAAAAA'},
{'i_item_sk': 47, 'i_item_id': 'AAAAAAAAOFAAAAAA'},
{'i_item_sk': 48, 'i_item_id': 'AAAAAAAAOFAAAAAA'},
{'i_item_sk': 49, 'i_item_id': 'AAAAAAAACGAAAAAA'},
{'i_item_sk': 50, 'i_item_id': 'AAAAAAAAEGAAAAAA'},
{'i_item_sk': 51, 'i_item_id': 'AAAAAAAAEGAAAAAA'},
{'i_item_sk': 52, 'i_item_id': 'AAAAAAAAIGAAAAAA'},
{'i_item_sk': 53, 'i_item_id': 'AAAAAAAAKGAAAAAA'},
{'i_item_sk': 54, 'i_item_id': 'AAAAAAAAKGAAAAAA'},
{'i_item_sk': 55, 'i_item_id': 'AAAAAAAAOGAAAAAA'},
{'i_item_sk': 56, 'i_item_id': 'AAAAAAAAAHAAAAAA'},
{'i_item_sk': 57, 'i_item_id': 'AAAAAAAAAHAAAAAA'},
{'i_item_sk': 58, 'i_item_id': 'AAAAAAAAEHAAAAAA'},
{'i_item_sk': 59, 'i_item_id': 'AAAAAAAAGHAAAAAA'},
{'i_item_sk': 60, 'i_item_id': 'AAAAAAAAGHAAAAAA'},
{'i_item_sk': 61, 'i_item_id': 'AAAAAAAAKHAAAAAA'},
{'i_item_sk': 62, 'i_item_id': 'AAAAAAAAMHAAAAAA'},
{'i_item_sk': 63, 'i_item_id': 'AAAAAAAAMHAAAAAA'},
{'i_item_sk': 64, 'i_item_id': 'AAAAAAAAAIAAAAAA'},
{'i_item_sk': 65, 'i_item_id': 'AAAAAAAACIAAAAAA'},
{'i_item_sk': 66, 'i_item_id': 'AAAAAAAACIAAAAAA'},
{'i_item_sk': 67, 'i_item_id': 'AAAAAAAAGIAAAAAA'},
{'i_item_sk': 68, 'i_item_id': 'AAAAAAAAIIAAAAAA'},
{'i_item_sk': 69, 'i_item_id': 'AAAAAAAAIIAAAAAA'},
{'i_item_sk': 70, 'i_item_id': 'AAAAAAAAMIAAAAAA'},
{'i_item_sk': 71, 'i_item_id': 'AAAAAAAAOIAAAAAA'},
{'i_item_sk': 72, 'i_item_id': 'AAAAAAAAOIAAAAAA'},
{'i_item_sk': 73, 'i_item_id': 'AAAAAAAACJAAAAAA'},
{'i_item_sk': 74, 'i_item_id': 'AAAAAAAAEJAAAAAA'},
{'i_item_sk': 75, 'i_item_id': 'AAAAAAAAEJAAAAAA'},
{'i_item_sk': 76, 'i_item_id': 'AAAAAAAAIJAAAAAA'},
{'i_item_sk': 77, 'i_item_id': 'AAAAAAAAKJAAAAAA'},
{'i_item_sk': 78, 'i_item_id': 'AAAAAAAAKJAAAAAA'},
{'i_item_sk': 79, 'i_item_id': 'AAAAAAAAOJAAAAAA'},
{'i_item_sk': 80, 'i_item_id': 'AAAAAAAAAKAAAAAA'},
{'i_item_sk': 81, 'i_item_id': 'AAAAAAAAAKAAAAAA'},
{'i_item_sk': 82, 'i_item_id': 'AAAAAAAAEKAAAAAA'},
{'i_item_sk': 83, 'i_item_id': 'AAAAAAAAGKAAAAAA'},
{'i_item_sk': 84, 'i_item_id': 'AAAAAAAAGKAAAAAA'},
{'i_item_sk': 85, 'i_item_id': 'AAAAAAAAKKAAAAAA'},
{'i_item_sk': 86, 'i_item_id': 'AAAAAAAAMKAAAAAA'},
{'i_item_sk': 87, 'i_item_id': 'AAAAAAAAMKAAAAAA'},
{'i_item_sk': 88, 'i_item_id': 'AAAAAAAAALAAAAAA'},
{'i_item_sk': 89, 'i_item_id': 'AAAAAAAACLAAAAAA'},
{'i_item_sk': 90, 'i_item_id': 'AAAAAAAACLAAAAAA'},
{'i_item_sk': 91, 'i_item_id': 'AAAAAAAAGLAAAAAA'},
{'i_item_sk': 92, 'i_item_id': 'AAAAAAAAILAAAAAA'},
{'i_item_sk': 93, 'i_item_id': 'AAAAAAAAILAAAAAA'},
{'i_item_sk': 94, 'i_item_id': 'AAAAAAAAMLAAAAAA'},
{'i_item_sk': 95, 'i_item_id': 'AAAAAAAAOLAAAAAA'},
{'i_item_sk': 96, 'i_item_id': 'AAAAAAAAOLAAAAAA'},
{'i_item_sk': 97, 'i_item_id': 'AAAAAAAACMAAAAAA'},
{'i_item_sk': 98, 'i_item_id': 'AAAAAAAAEMAAAAAA'},
{'i_item_sk': 99, 'i_item_id': 'AAAAAAAAEMAAAAAA'},
{'i_item_sk': 100, 'i_item_id': 'AAAAAAAAIMAAAAAA'},
{'i_item_sk': 101, 'i_item_id': 'AAAAAAAAKMAAAAAA'},
{'i_item_sk': 102, 'i_item_id': 'AAAAAAAAKMAAAAAA'},
{'i_item_sk': 103, 'i_item_id': 'AAAAAAAAOMAAAAAA'},
{'i_item_sk': 104, 'i_item_id': 'AAAAAAAAANAAAAAA'},
{'i_item_sk': 105, 'i_item_id': 'AAAAAAAAANAAAAAA'},
{'i_item_sk': 106, 'i_item_id': 'AAAAAAAAENAAAAAA'},
{'i_item_sk': 107, 'i_item_id': 'AAAAAAAAGNAAAAAA'},
{'i_item_sk': 108, 'i_item_id': 'AAAAAAAAGNAAAAAA'},
{'i_item_sk': 109, 'i_item_id': 'AAAAAAAAKNAAAAAA'},
{'i_item_sk': 110, 'i_item_id': 'AAAAAAAAMNAAAAAA'},
{'i_item_sk': 111, 'i_item_id': 'AAAAAAAAMNAAAAAA'},
{'i_item_sk': 112, 'i_item_id': 'AAAAAAAAAOAAAAAA'},
{'i_item_sk': 113, 'i_item_id': 'AAAAAAAACOAAAAAA'},
{'i_item_sk': 114, 'i_item_id': 'AAAAAAAACOAAAAAA'},
{'i_item_sk': 115, 'i_item_id': 'AAAAAAAAGOAAAAAA'},
{'i_item_sk': 116, 'i_item_id': 'AAAAAAAAIOAAAAAA'},
{'i_item_sk': 117, 'i_item_id': 'AAAAAAAAIOAAAAAA'},
{'i_item_sk': 118, 'i_item_id': 'AAAAAAAAMOAAAAAA'},
{'i_item_sk': 119, 'i_item_id': 'AAAAAAAAOOAAAAAA'},
{'i_item_sk': 120, 'i_item_id': 'AAAAAAAAOOAAAAAA'},
{'i_item_sk': 121, 'i_item_id': 'AAAAAAAACPAAAAAA'},
{'i_item_sk': 122, 'i_item_id': 'AAAAAAAAEPAAAAAA'},
{'i_item_sk': 123, 'i_item_id': 'AAAAAAAAEPAAAAAA'},
{'i_item_sk': 124, 'i_item_id': 'AAAAAAAAIPAAAAAA'},
{'i_item_sk': 125, 'i_item_id': 'AAAAAAAAKPAAAAAA'},
{'i_item_sk': 126, 'i_item_id': 'AAAAAAAAKPAAAAAA'},
{'i_item_sk': 127, 'i_item_id': 'AAAAAAAAOPAAAAAA'},
{'i_item_sk': 128, 'i_item_id': 'AAAAAAAAAABAAAAA'},
{'i_item_sk': 129, 'i_item_id': 'AAAAAAAAAABAAAAA'},
{'i_item_sk': 130, 'i_item_id': 'AAAAAAAAEABAAAAA'},
{'i_item_sk': 131, 'i_item_id': 'AAAAAAAAGABAAAAA'},
{'i_item_sk': 132, 'i_item_id': 'AAAAAAAAGABAAAAA'},
{'i_item_sk': 133, 'i_item_id': 'AAAAAAAAKABAAAAA'},
{'i_item_sk': 134, 'i_item_id': 'AAAAAAAAMABAAAAA'},
{'i_item_sk': 135, 'i_item_id': 'AAAAAAAAMABAAAAA'},
{'i_item_sk': 136, 'i_item_id': 'AAAAAAAAABBAAAAA'},
{'i_item_sk': 137, 'i_item_id': 'AAAAAAAACBBAAAAA'},
{'i_item_sk': 138, 'i_item_id': 'AAAAAAAACBBAAAAA'},
{'i_item_sk': 139, 'i_item_id': 'AAAAAAAAGBBAAAAA'},
{'i_item_sk': 140, 'i_item_id': 'AAAAAAAAIBBAAAAA'},
{'i_item_sk': 141, 'i_item_id': 'AAAAAAAAIBBAAAAA'},
{'i_item_sk': 142, 'i_item_id': 'AAAAAAAAMBBAAAAA'},
{'i_item_sk': 143, 'i_item_id': 'AAAAAAAAOBBAAAAA'},
{'i_item_sk': 144, 'i_item_id': 'AAAAAAAAOBBAAAAA'},
{'i_item_sk': 145, 'i_item_id': 'AAAAAAAACCBAAAAA'},
{'i_item_sk': 146, 'i_item_id': 'AAAAAAAAECBAAAAA'},
{'i_item_sk': 147, 'i_item_id': 'AAAAAAAAECBAAAAA'},
{'i_item_sk': 148, 'i_item_id': 'AAAAAAAAICBAAAAA'},
{'i_item_sk': 149, 'i_item_id': 'AAAAAAAAKCBAAAAA'},
{'i_item_sk': 150, 'i_item_id': 'AAAAAAAAKCBAAAAA'},
{'i_item_sk': 151, 'i_item_id': 'AAAAAAAAOCBAAAAA'},
{'i_item_sk': 152, 'i_item_id': 'AAAAAAAAADBAAAAA'},
{'i_item_sk': 153, 'i_item_id': 'AAAAAAAAADBAAAAA'},
{'i_item_sk': 154, 'i_item_id': 'AAAAAAAAEDBAAAAA'},
{'i_item_sk': 155, 'i_item_id': 'AAAAAAAAGDBAAAAA'},
{'i_item_sk': 156, 'i_item_id': 'AAAAAAAAGDBAAAAA'},
{'i_item_sk': 157, 'i_item_id': 'AAAAAAAAKDBAAAAA'},
{'i_item_sk': 158, 'i_item_id': 'AAAAAAAAMDBAAAAA'},
{'i_item_sk': 159, 'i_item_id': 'AAAAAAAAMDBAAAAA'},
{'i_item_sk': 160, 'i_item_id': 'AAAAAAAAAEBAAAAA'},
{'i_item_sk': 161, 'i_item_id': 'AAAAAAAACEBAAAAA'},
{'i_item_sk': 162, 'i_item_id': 'AAAAAAAACEBAAAAA'},
{'i_item_sk': 163, 'i_item_id': 'AAAAAAAAGEBAAAAA'},
{'i_item_sk': 164, 'i_item_id': 'AAAAAAAAIEBAAAAA'},
{'i_item_sk': 165, 'i_item_id': 'AAAAAAAAIEBAAAAA'},
{'i_item_sk': 166, 'i_item_id': 'AAAAAAAAMEBAAAAA'},
{'i_item_sk': 167, 'i_item_id': 'AAAAAAAAOEBAAAAA'},
{'i_item_sk': 168, 'i_item_id': 'AAAAAAAAOEBAAAAA'},
{'i_item_sk': 169, 'i_item_id': 'AAAAAAAACFBAAAAA'},
{'i_item_sk': 170, 'i_item_id': 'AAAAAAAAEFBAAAAA'},
{'i_item_sk': 171, 'i_item_id': 'AAAAAAAAEFBAAAAA'},
{'i_item_sk': 172, 'i_item_id': 'AAAAAAAAIFBAAAAA'},
{'i_item_sk': 173, 'i_item_id': 'AAAAAAAAKFBAAAAA'},
{'i_item_sk': 174, 'i_item_id': 'AAAAAAAAKFBAAAAA'},
{'i_item_sk': 175, 'i_item_id': 'AAAAAAAAOFBAAAAA'},
{'i_item_sk': 176, 'i_item_id': 'AAAAAAAAAGBAAAAA'},
{'i_item_sk': 177, 'i_item_id': 'AAAAAAAAAGBAAAAA'},
{'i_item_sk': 178, 'i_item_id': 'AAAAAAAAEGBAAAAA'},
{'i_item_sk': 179, 'i_item_id': 'AAAAAAAAGGBAAAAA'},
{'i_item_sk': 180, 'i_item_id': 'AAAAAAAAGGBAAAAA'},
{'i_item_sk': 181, 'i_item_id': 'AAAAAAAAKGBAAAAA'},
{'i_item_sk': 182, 'i_item_id': 'AAAAAAAAMGBAAAAA'},
{'i_item_sk': 183, 'i_item_id': 'AAAAAAAAMGBAAAAA'},
{'i_item_sk': 184, 'i_item_id': 'AAAAAAAAAHBAAAAA'},
{'i_item_sk': 185, 'i_item_id': 'AAAAAAAACHBAAAAA'},
{'i_item_sk': 186, 'i_item_id': 'AAAAAAAACHBAAAAA'},
{'i_item_sk': 187, 'i_item_id': 'AAAAAAAAGHBAAAAA'},
{'i_item_sk': 188, 'i_item_id': 'AAAAAAAAIHBAAAAA'},
{'i_item_sk': 189, 'i_item_id': 'AAAAAAAAIHBAAAAA'},
{'i_item_sk': 190, 'i_item_id': 'AAAAAAAAMHBAAAAA'},
{'i_item_sk': 191, 'i_item_id': 'AAAAAAAAOHBAAAAA'},
{'i_item_sk': 192, 'i_item_id': 'AAAAAAAAOHBAAAAA'},
{'i_item_sk': 193, 'i_item_id': 'AAAAAAAACIBAAAAA'},
{'i_item_sk': 194, 'i_item_id': 'AAAAAAAAEIBAAAAA'},
{'i_item_sk': 195, 'i_item_id': 'AAAAAAAAEIBAAAAA'},
{'i_item_sk': 196, 'i_item_id': 'AAAAAAAAIIBAAAAA'},
{'i_item_sk': 197, 'i_item_id': 'AAAAAAAAKIBAAAAA'},
{'i_item_sk': 198, 'i_item_id': 'AAAAAAAAKIBAAAAA'},
{'i_item_sk': 199, 'i_item_id': 'AAAAAAAAOIBAAAAA'},
{'i_item_sk': 200, 'i_item_id': 'AAAAAAAAAJBAAAAA'},
{'i_item_sk': 201, 'i_item_id': 'AAAAAAAAAJBAAAAA'},
